[INFO ] 2024-11-07 14:19:52.671 - =================================== START TEST ===================================
[INFO ] 2024-11-07 14:19:52.684 - Test Case report initialize for VerifyAddEEViaDataImport
[INFO ] 2024-11-07 14:20:25.614 - PASSED - Step 1 - username is displayed.
[INFO ] 2024-11-07 14:20:25.681 - PASSED - Step 2 - username is populated with Admin.
[INFO ] 2024-11-07 14:20:25.717 - PASSED - Step 3 - password is displayed.
[INFO ] 2024-11-07 14:20:25.802 - PASSED - Step 4 - password is populated with admin123.
[INFO ] 2024-11-07 14:20:25.855 - PASSED - Step 5 - loginButton was clicked.
[INFO ] 2024-11-07 14:20:27.496 - PASSED - Step 6 - tab_PIM is visible.
[INFO ] 2024-11-07 14:20:28.455 - PASSED - Step 7 - tab_PIM was clicked.
[INFO ] 2024-11-07 14:20:28.962 - PASSED - Step 8 - Configuration tab is visible.
[INFO ] 2024-11-07 14:20:29.002 - PASSED - Step 9 - Configuration tab was clicked.
[INFO ] 2024-11-07 14:20:29.551 - PASSED - Step 10 - Configuration tab options is visible.
[INFO ] 2024-11-07 14:20:29.971 - PASSED - Step 11 - Configuration tab options was clicked.
[ERROR] 2024-11-07 14:45:51.882 - Report Screenshot Error Exception: org.openqa.selenium.NoSuchWindowException: no such window: target window already closed
from unknown error: web view not found
  (Session info: chrome=130.0.6723.71)
Build info: version: '4.10.0', revision: 'c14d967899'
System info: os.name: 'Windows 10', os.arch: 'amd64', os.version: '10.0', java.version: '17.0.10'
Driver info: org.openqa.selenium.chrome.ChromeDriver
Command: [6105b93178aa92a61695bd61e0ced20b, executeScript {script=return Math.max(document.body.scrollHeight, document.body.offsetHeight,
    document.documentElement.clientHeight, document.documentElement.scrollHeight, document.documentElement.offsetHeight);, args=[]}]
Capabilities {acceptInsecureCerts: false, browserName: chrome, browserVersion: 130.0.6723.71, chrome: {chromedriverVersion: 130.0.6723.116 (6ac35f94ae3..., userDataDir: C:\Users\MARY~1.CRU\AppData...}, fedcm:accounts: true, goog:chromeOptions: {debuggerAddress: localhost:65021}, networkConnectionEnabled: false, pageLoadStrategy: normal, platformName: windows, proxy: Proxy(), se:cdp: ws://localhost:65021/devtoo..., se:cdpVersion: 130.0.6723.71, setWindowRect: true, strictFileInteractability: false, timeouts: {implicit: 0, pageLoad: 300000, script: 30000}, unhandledPromptBehavior: dismiss and notify, webauthn:extension:credBlob: true, webauthn:extension:largeBlob: true, webauthn:extension:minPinLength: true, webauthn:extension:prf: true, webauthn:virtualAuthenticators: true}
Session ID: 6105b93178aa92a61695bd61e0ced20b
[ERROR] 2024-11-07 14:45:51.883 - FAILED - org.openqa.selenium.TimeoutException: Expected condition failed: waiting for visibility of [[ChromeDriver: chrome on windows (6105b93178aa92a61695bd61e0ced20b)] -> xpath: //input[@type='file']] (tried for 3000 second(s) with 500 milliseconds interval)
[INFO ] 2024-11-07 14:45:51.884 - org.openqa.selenium.TimeoutException: Expected condition failed: waiting for visibility of [[ChromeDriver: chrome on windows (6105b93178aa92a61695bd61e0ced20b)] -> xpath: //input[@type='file']] (tried for 3000 second(s) with 500 milliseconds interval)
[INFO ] 2024-11-07 14:45:51.884 - =================================== END TEST ===================================
