[INFO ] 2024-11-07 11:43:18.608 - =================================== START TEST ===================================
[INFO ] 2024-11-07 11:43:18.621 - Test Case report initialize for VerifyAddEEviaDataImport
[INFO ] 2024-11-07 11:43:51.628 - PASSED - Step 1 - username is displayed.
[INFO ] 2024-11-07 11:43:51.697 - PASSED - Step 2 - username is populated with Admin.
[INFO ] 2024-11-07 11:43:51.739 - PASSED - Step 3 - password is displayed.
[INFO ] 2024-11-07 11:43:51.824 - PASSED - Step 4 - password is populated with admin123.
[INFO ] 2024-11-07 11:43:53.127 - PASSED - Step 5 - loginButton was clicked.
[INFO ] 2024-11-07 11:43:53.541 - PASSED - Step 6 - tab_PIM is visible.
[INFO ] 2024-11-07 11:43:54.523 - PASSED - Step 7 - tab_PIM was clicked.
[INFO ] 2024-11-07 11:43:54.979 - PASSED - Step 8 - Configuration tab is visible.
[INFO ] 2024-11-07 11:43:55.022 - PASSED - Step 9 - Configuration tab was clicked.
[INFO ] 2024-11-07 11:43:55.574 - PASSED - Step 10 - Configuration tab options is visible.
[INFO ] 2024-11-07 11:43:56.024 - PASSED - Step 11 - Configuration tab options was clicked.
[INFO ] 2024-11-07 11:43:56.428 - PASSED - Step 12 - browse button is visible.
[INFO ] 2024-11-07 11:43:56.459 - PASSED - Step 13 - browse button was clicked.
[ERROR] 2024-11-07 11:44:09.012 - FAILED - org.openqa.selenium.NoSuchElementException: no such element: Unable to locate element: {"method":"xpath","selector":"//combox[@class='ComboBoxEx32']"}
  (Session info: chrome=130.0.6723.71)
For documentation on this error, please visit: https://www.selenium.dev/documentation/webdriver/troubleshooting/errors#no-such-element-exception
Build info: version: '4.10.0', revision: 'c14d967899'
System info: os.name: 'Windows 10', os.arch: 'amd64', os.version: '10.0', java.version: '17.0.10'
Driver info: org.openqa.selenium.chrome.ChromeDriver
Command: [03169d24378591030c305fa48fb16623, findElement {using=xpath, value=//combox[@class='ComboBoxEx32']}]
Capabilities {acceptInsecureCerts: false, browserName: chrome, browserVersion: 130.0.6723.71, chrome: {chromedriverVersion: 130.0.6723.116 (6ac35f94ae3..., userDataDir: C:\Users\MARY~1.CRU\AppData...}, fedcm:accounts: true, goog:chromeOptions: {debuggerAddress: localhost:57120}, networkConnectionEnabled: false, pageLoadStrategy: normal, platformName: windows, proxy: Proxy(), se:cdp: ws://localhost:57120/devtoo..., se:cdpVersion: 130.0.6723.71, setWindowRect: true, strictFileInteractability: false, timeouts: {implicit: 0, pageLoad: 300000, script: 30000}, unhandledPromptBehavior: dismiss and notify, webauthn:extension:credBlob: true, webauthn:extension:largeBlob: true, webauthn:extension:minPinLength: true, webauthn:extension:prf: true, webauthn:virtualAuthenticators: true}
Session ID: 03169d24378591030c305fa48fb16623
[INFO ] 2024-11-07 11:44:09.013 - org.openqa.selenium.NoSuchElementException: no such element: Unable to locate element: {"method":"xpath","selector":"//combox[@class='ComboBoxEx32']"}
  (Session info: chrome=130.0.6723.71)
For documentation on this error, please visit: https://www.selenium.dev/documentation/webdriver/troubleshooting/errors#no-such-element-exception
Build info: version: '4.10.0', revision: 'c14d967899'
System info: os.name: 'Windows 10', os.arch: 'amd64', os.version: '10.0', java.version: '17.0.10'
Driver info: org.openqa.selenium.chrome.ChromeDriver
Command: [03169d24378591030c305fa48fb16623, findElement {using=xpath, value=//combox[@class='ComboBoxEx32']}]
Capabilities {acceptInsecureCerts: false, browserName: chrome, browserVersion: 130.0.6723.71, chrome: {chromedriverVersion: 130.0.6723.116 (6ac35f94ae3..., userDataDir: C:\Users\MARY~1.CRU\AppData...}, fedcm:accounts: true, goog:chromeOptions: {debuggerAddress: localhost:57120}, networkConnectionEnabled: false, pageLoadStrategy: normal, platformName: windows, proxy: Proxy(), se:cdp: ws://localhost:57120/devtoo..., se:cdpVersion: 130.0.6723.71, setWindowRect: true, strictFileInteractability: false, timeouts: {implicit: 0, pageLoad: 300000, script: 30000}, unhandledPromptBehavior: dismiss and notify, webauthn:extension:credBlob: true, webauthn:extension:largeBlob: true, webauthn:extension:minPinLength: true, webauthn:extension:prf: true, webauthn:virtualAuthenticators: true}
Session ID: 03169d24378591030c305fa48fb16623
[INFO ] 2024-11-07 11:44:09.013 - =================================== END TEST ===================================
