[INFO ] 2024-10-08 09:46:40.177 - =================================== START TEST ===================================
[INFO ] 2024-10-08 09:46:40.188 - Test Case report initialize for VerifysuccessfulAddofClaim
[INFO ] 2024-10-08 09:47:04.350 - PASSED - Step 1 - username is displayed.
[INFO ] 2024-10-08 09:47:04.416 - PASSED - Step 2 - username is populated with Admin.
[INFO ] 2024-10-08 09:47:04.450 - PASSED - Step 3 - password is displayed.
[INFO ] 2024-10-08 09:47:04.553 - PASSED - Step 4 - password is populated with admin123.
[INFO ] 2024-10-08 09:47:05.830 - PASSED - Step 5 - loginButton was clicked.
[INFO ] 2024-10-08 09:47:07.161 - PASSED - Step 6 - tab_Claim was clicked.
[INFO ] 2024-10-08 09:47:08.179 - PASSED - Step 7 - Submit Claim button was clicked.
[INFO ] 2024-10-08 09:47:08.546 - PASSED - Step 8 - Event dropdown is visible.
[INFO ] 2024-10-08 09:47:08.583 - PASSED - Step 9 - Event dropdown was clicked.
[INFO ] 2024-10-08 09:47:08.619 - PASSED - Step 10 - Listboxdropdown is visible.
[INFO ] 2024-10-08 09:47:08.898 - PASSED - Step 11 - Listbox Event options is visible.
[INFO ] 2024-10-08 09:47:08.930 - PASSED - Step 12 - Listbox Event options was clicked.
[INFO ] 2024-10-08 09:47:08.960 - PASSED - Step 13 - Event dropdown was clicked.
[ERROR] 2024-10-08 09:47:21.636 - FAILED - org.openqa.selenium.NoSuchElementException: no such element: Unable to locate element: {"method":"xpath","selector":"//i[@class='oxd-icon bi-caret-down-fill oxd-select-text--arrow'][2]"}
  (Session info: chrome=129.0.6668.90)
For documentation on this error, please visit: https://www.selenium.dev/documentation/webdriver/troubleshooting/errors#no-such-element-exception
Build info: version: '4.10.0', revision: 'c14d967899'
System info: os.name: 'Windows 10', os.arch: 'amd64', os.version: '10.0', java.version: '17.0.10'
Driver info: org.openqa.selenium.chrome.ChromeDriver
Command: [cf1033f7a33c2fc832e0f59af8e5d4a0, findElement {using=xpath, value=//i[@class='oxd-icon bi-caret-down-fill oxd-select-text--arrow'][2]}]
Capabilities {acceptInsecureCerts: false, browserName: chrome, browserVersion: 129.0.6668.90, chrome: {chromedriverVersion: 129.0.6668.89 (951c0b97221f..., userDataDir: C:\Users\MARY~1.CRU\AppData...}, fedcm:accounts: true, goog:chromeOptions: {debuggerAddress: localhost:57446}, networkConnectionEnabled: false, pageLoadStrategy: normal, platformName: windows, proxy: Proxy(), se:cdp: ws://localhost:57446/devtoo..., se:cdpVersion: 129.0.6668.90, setWindowRect: true, strictFileInteractability: false, timeouts: {implicit: 0, pageLoad: 300000, script: 30000}, unhandledPromptBehavior: dismiss and notify, webauthn:extension:credBlob: true, webauthn:extension:largeBlob: true, webauthn:extension:minPinLength: true, webauthn:extension:prf: true, webauthn:virtualAuthenticators: true}
Session ID: cf1033f7a33c2fc832e0f59af8e5d4a0
[INFO ] 2024-10-08 09:47:21.637 - org.openqa.selenium.NoSuchElementException: no such element: Unable to locate element: {"method":"xpath","selector":"//i[@class='oxd-icon bi-caret-down-fill oxd-select-text--arrow'][2]"}
  (Session info: chrome=129.0.6668.90)
For documentation on this error, please visit: https://www.selenium.dev/documentation/webdriver/troubleshooting/errors#no-such-element-exception
Build info: version: '4.10.0', revision: 'c14d967899'
System info: os.name: 'Windows 10', os.arch: 'amd64', os.version: '10.0', java.version: '17.0.10'
Driver info: org.openqa.selenium.chrome.ChromeDriver
Command: [cf1033f7a33c2fc832e0f59af8e5d4a0, findElement {using=xpath, value=//i[@class='oxd-icon bi-caret-down-fill oxd-select-text--arrow'][2]}]
Capabilities {acceptInsecureCerts: false, browserName: chrome, browserVersion: 129.0.6668.90, chrome: {chromedriverVersion: 129.0.6668.89 (951c0b97221f..., userDataDir: C:\Users\MARY~1.CRU\AppData...}, fedcm:accounts: true, goog:chromeOptions: {debuggerAddress: localhost:57446}, networkConnectionEnabled: false, pageLoadStrategy: normal, platformName: windows, proxy: Proxy(), se:cdp: ws://localhost:57446/devtoo..., se:cdpVersion: 129.0.6668.90, setWindowRect: true, strictFileInteractability: false, timeouts: {implicit: 0, pageLoad: 300000, script: 30000}, unhandledPromptBehavior: dismiss and notify, webauthn:extension:credBlob: true, webauthn:extension:largeBlob: true, webauthn:extension:minPinLength: true, webauthn:extension:prf: true, webauthn:virtualAuthenticators: true}
Session ID: cf1033f7a33c2fc832e0f59af8e5d4a0
[INFO ] 2024-10-08 09:47:21.637 - =================================== END TEST ===================================
