[INFO ] 2024-11-04 14:02:35.781 - =================================== START TEST ===================================
[INFO ] 2024-11-04 14:02:35.789 - Test Case report initialize for VerifyAddedAdminRoleOnEE
[INFO ] 2024-11-04 14:03:08.671 - PASSED - Step 1 - username is displayed.
[INFO ] 2024-11-04 14:03:08.722 - PASSED - Step 2 - username is populated with Admin.
[INFO ] 2024-11-04 14:03:08.753 - PASSED - Step 3 - password is displayed.
[INFO ] 2024-11-04 14:03:08.817 - PASSED - Step 4 - password is populated with admin123.
[INFO ] 2024-11-04 14:03:08.862 - PASSED - Step 5 - loginButton was clicked.
[INFO ] 2024-11-04 14:03:10.504 - PASSED - Step 6 - My Info Tab is visible.
[INFO ] 2024-11-04 14:03:11.470 - PASSED - Step 7 - My Info Tab was clicked.
[INFO ] 2024-11-04 14:03:11.928 - PASSED - Step 8 - Employee full name is visible.
[INFO ] 2024-11-04 14:03:14.965 - PASSED - Step 9 - manda user
[INFO ] 2024-11-04 14:03:14.995 - PASSED - Step 10 - Admin Tab is visible.
[INFO ] 2024-11-04 14:03:15.723 - PASSED - Step 11 - Admin Tab was clicked.
[INFO ] 2024-11-04 14:03:16.087 - PASSED - Step 12 - addButton is displayed.
[INFO ] 2024-11-04 14:03:16.485 - PASSED - Step 13 - addButton was clicked.
[INFO ] 2024-11-04 14:03:16.848 - PASSED - Step 14 - User role dropdown is visible.
[INFO ] 2024-11-04 14:03:16.885 - PASSED - Step 15 - User role dropdown was clicked.
[INFO ] 2024-11-04 14:03:16.921 - PASSED - Step 16 - Listbox user role options is visible.
[INFO ] 2024-11-04 14:03:16.950 - PASSED - Step 17 - Listbox user role options was clicked.
[INFO ] 2024-11-04 14:03:16.980 - PASSED - Step 18 - Status dropdown was clicked.
[INFO ] 2024-11-04 14:03:17.007 - PASSED - Step 19 - Listbox status options is visible.
[INFO ] 2024-11-04 14:03:17.032 - PASSED - Step 20 - Listbox status options was clicked.
[INFO ] 2024-11-04 14:03:17.068 - PASSED - Step 21 - Input Employee fullname of existing employee was clicked.
[INFO ] 2024-11-04 14:03:20.165 - PASSED - Step 22 - Username field was clicked.
[INFO ] 2024-11-04 14:03:20.299 - PASSED - Step 23 - Username field is populated with jeff.larson.
[INFO ] 2024-11-04 14:03:20.332 - PASSED - Step 24 - confirm password was clicked.
[INFO ] 2024-11-04 14:03:20.360 - PASSED - Step 25 - confirm password is populated with admin123.
[INFO ] 2024-11-04 14:03:20.385 - PASSED - Step 26 - tab User Management is visible.
[INFO ] 2024-11-04 14:03:20.414 - PASSED - Step 27 - tab User Management was clicked.
[ERROR] 2024-11-04 14:03:32.978 - FAILED - org.openqa.selenium.NoSuchElementException: no such element: Unable to locate element: {"method":"xpath","selector":"(//div[contains(@class,'oxd-table-cell oxd-padding-cell')]//div)[4]"}
  (Session info: chrome=130.0.6723.71)
For documentation on this error, please visit: https://www.selenium.dev/documentation/webdriver/troubleshooting/errors#no-such-element-exception
Build info: version: '4.10.0', revision: 'c14d967899'
System info: os.name: 'Windows 10', os.arch: 'amd64', os.version: '10.0', java.version: '17.0.10'
Driver info: org.openqa.selenium.chrome.ChromeDriver
Command: [f461716fca52e82a0c86f5316de56290, findElement {using=xpath, value=(//div[contains(@class,'oxd-table-cell oxd-padding-cell')]//div)[4]}]
Capabilities {acceptInsecureCerts: false, browserName: chrome, browserVersion: 130.0.6723.71, chrome: {chromedriverVersion: 130.0.6723.91 (53ac07678369..., userDataDir: C:\Users\MARY~1.CRU\AppData...}, fedcm:accounts: true, goog:chromeOptions: {debuggerAddress: localhost:55190}, networkConnectionEnabled: false, pageLoadStrategy: normal, platformName: windows, proxy: Proxy(), se:cdp: ws://localhost:55190/devtoo..., se:cdpVersion: 130.0.6723.71, setWindowRect: true, strictFileInteractability: false, timeouts: {implicit: 0, pageLoad: 300000, script: 30000}, unhandledPromptBehavior: dismiss and notify, webauthn:extension:credBlob: true, webauthn:extension:largeBlob: true, webauthn:extension:minPinLength: true, webauthn:extension:prf: true, webauthn:virtualAuthenticators: true}
Session ID: f461716fca52e82a0c86f5316de56290
[INFO ] 2024-11-04 14:03:32.980 - org.openqa.selenium.NoSuchElementException: no such element: Unable to locate element: {"method":"xpath","selector":"(//div[contains(@class,'oxd-table-cell oxd-padding-cell')]//div)[4]"}
  (Session info: chrome=130.0.6723.71)
For documentation on this error, please visit: https://www.selenium.dev/documentation/webdriver/troubleshooting/errors#no-such-element-exception
Build info: version: '4.10.0', revision: 'c14d967899'
System info: os.name: 'Windows 10', os.arch: 'amd64', os.version: '10.0', java.version: '17.0.10'
Driver info: org.openqa.selenium.chrome.ChromeDriver
Command: [f461716fca52e82a0c86f5316de56290, findElement {using=xpath, value=(//div[contains(@class,'oxd-table-cell oxd-padding-cell')]//div)[4]}]
Capabilities {acceptInsecureCerts: false, browserName: chrome, browserVersion: 130.0.6723.71, chrome: {chromedriverVersion: 130.0.6723.91 (53ac07678369..., userDataDir: C:\Users\MARY~1.CRU\AppData...}, fedcm:accounts: true, goog:chromeOptions: {debuggerAddress: localhost:55190}, networkConnectionEnabled: false, pageLoadStrategy: normal, platformName: windows, proxy: Proxy(), se:cdp: ws://localhost:55190/devtoo..., se:cdpVersion: 130.0.6723.71, setWindowRect: true, strictFileInteractability: false, timeouts: {implicit: 0, pageLoad: 300000, script: 30000}, unhandledPromptBehavior: dismiss and notify, webauthn:extension:credBlob: true, webauthn:extension:largeBlob: true, webauthn:extension:minPinLength: true, webauthn:extension:prf: true, webauthn:virtualAuthenticators: true}
Session ID: f461716fca52e82a0c86f5316de56290
[INFO ] 2024-11-04 14:03:32.981 - =================================== END TEST ===================================
