[INFO ] 2024-10-29 14:03:46.477 - =================================== START TEST ===================================
[INFO ] 2024-10-29 14:03:46.546 - Test Case report initialize for VerifyDifferentLoginOptions
[INFO ] 2024-10-29 14:04:21.219 - PASSED - Step 1 - username is displayed.
[INFO ] 2024-10-29 14:04:22.656 - PASSED - Step 2 - username is populated with Admin.
[INFO ] 2024-10-29 14:04:23.034 - PASSED - Step 3 - password is displayed.
[INFO ] 2024-10-29 14:04:23.754 - PASSED - Step 4 - password is populated with admin123.
[INFO ] 2024-10-29 14:04:26.328 - PASSED - Step 5 - loginButton was clicked.
[INFO ] 2024-10-29 14:04:28.012 - PASSED - Step 6 - tab_Buzz is visible.
[INFO ] 2024-10-29 14:04:31.436 - PASSED - Step 7 - tab_Buzz was clicked.
[INFO ] 2024-10-29 14:04:32.774 - PASSED - Step 8 - field post is visible.
[INFO ] 2024-10-29 14:04:34.442 - PASSED - Step 9 - field post was clicked.
[INFO ] 2024-10-29 14:04:35.752 - PASSED - Step 10 - field post is populated with Insert post test description for validation.
[INFO ] 2024-10-29 14:04:36.318 - PASSED - Step 11 - post button was clicked.
[ERROR] 2024-10-29 14:05:05.193 - FAILED - org.openqa.selenium.NoSuchElementException: no such element: Unable to locate element: {"method":"xpath","selector":"//p[contains(text(),'Insert post test description for validation')]/parent::div"}
  (Session info: chrome=130.0.6723.70)
For documentation on this error, please visit: https://www.selenium.dev/documentation/webdriver/troubleshooting/errors#no-such-element-exception
Build info: version: '4.10.0', revision: 'c14d967899'
System info: os.name: 'Windows 10', os.arch: 'amd64', os.version: '10.0', java.version: '17.0.10'
Driver info: org.openqa.selenium.chrome.ChromeDriver
Command: [37a2d0492bcb615b9459ca343398f379, findElement {using=xpath, value=//p[contains(text(),'Insert post test description for validation')]/parent::div}]
Capabilities {acceptInsecureCerts: false, browserName: chrome, browserVersion: 130.0.6723.70, chrome: {chromedriverVersion: 130.0.6723.69 (3ec172b971b9..., userDataDir: C:\Users\MARY~1.CRU\AppData...}, fedcm:accounts: true, goog:chromeOptions: {debuggerAddress: localhost:52764}, networkConnectionEnabled: false, pageLoadStrategy: normal, platformName: windows, proxy: Proxy(), se:cdp: ws://localhost:52764/devtoo..., se:cdpVersion: 130.0.6723.70, setWindowRect: true, strictFileInteractability: false, timeouts: {implicit: 0, pageLoad: 300000, script: 30000}, unhandledPromptBehavior: dismiss and notify, webauthn:extension:credBlob: true, webauthn:extension:largeBlob: true, webauthn:extension:minPinLength: true, webauthn:extension:prf: true, webauthn:virtualAuthenticators: true}
Session ID: 37a2d0492bcb615b9459ca343398f379
[INFO ] 2024-10-29 14:05:05.202 - org.openqa.selenium.NoSuchElementException: no such element: Unable to locate element: {"method":"xpath","selector":"//p[contains(text(),'Insert post test description for validation')]/parent::div"}
  (Session info: chrome=130.0.6723.70)
For documentation on this error, please visit: https://www.selenium.dev/documentation/webdriver/troubleshooting/errors#no-such-element-exception
Build info: version: '4.10.0', revision: 'c14d967899'
System info: os.name: 'Windows 10', os.arch: 'amd64', os.version: '10.0', java.version: '17.0.10'
Driver info: org.openqa.selenium.chrome.ChromeDriver
Command: [37a2d0492bcb615b9459ca343398f379, findElement {using=xpath, value=//p[contains(text(),'Insert post test description for validation')]/parent::div}]
Capabilities {acceptInsecureCerts: false, browserName: chrome, browserVersion: 130.0.6723.70, chrome: {chromedriverVersion: 130.0.6723.69 (3ec172b971b9..., userDataDir: C:\Users\MARY~1.CRU\AppData...}, fedcm:accounts: true, goog:chromeOptions: {debuggerAddress: localhost:52764}, networkConnectionEnabled: false, pageLoadStrategy: normal, platformName: windows, proxy: Proxy(), se:cdp: ws://localhost:52764/devtoo..., se:cdpVersion: 130.0.6723.70, setWindowRect: true, strictFileInteractability: false, timeouts: {implicit: 0, pageLoad: 300000, script: 30000}, unhandledPromptBehavior: dismiss and notify, webauthn:extension:credBlob: true, webauthn:extension:largeBlob: true, webauthn:extension:minPinLength: true, webauthn:extension:prf: true, webauthn:virtualAuthenticators: true}
Session ID: 37a2d0492bcb615b9459ca343398f379
[INFO ] 2024-10-29 14:05:05.206 - =================================== END TEST ===================================
