[INFO ] 2024-10-08 10:45:30.625 - =================================== START TEST ===================================
[INFO ] 2024-10-08 10:45:30.637 - Test Case report initialize for VerifysuccessfulAddofClaim
[INFO ] 2024-10-08 10:45:37.202 - PASSED - Step 1 - username is displayed.
[INFO ] 2024-10-08 10:45:37.278 - PASSED - Step 2 - username is populated with Admin.
[INFO ] 2024-10-08 10:45:37.325 - PASSED - Step 3 - password is displayed.
[INFO ] 2024-10-08 10:45:37.403 - PASSED - Step 4 - password is populated with admin123.
[INFO ] 2024-10-08 10:45:38.689 - PASSED - Step 5 - loginButton was clicked.
[INFO ] 2024-10-08 10:45:40.172 - PASSED - Step 6 - tab_Claim was clicked.
[INFO ] 2024-10-08 10:45:41.158 - PASSED - Step 7 - Submit Claim button was clicked.
[INFO ] 2024-10-08 10:45:41.548 - PASSED - Step 8 - Event dropdown is visible.
[INFO ] 2024-10-08 10:45:41.596 - PASSED - Step 9 - Event dropdown was clicked.
[INFO ] 2024-10-08 10:45:41.634 - PASSED - Step 10 - Listboxdropdown is visible.
[INFO ] 2024-10-08 10:45:41.876 - PASSED - Step 11 - Listbox Event options is visible.
[INFO ] 2024-10-08 10:45:41.923 - PASSED - Step 12 - Listbox Event options was clicked.
[INFO ] 2024-10-08 10:45:41.963 - PASSED - Step 13 - Event dropdown was clicked.
[INFO ] 2024-10-08 10:45:42.029 - PASSED - Step 14 - Currency dropdown was clicked.
[INFO ] 2024-10-08 10:45:42.069 - PASSED - Step 15 - Listboxdropdown is visible.
[INFO ] 2024-10-08 10:45:42.109 - PASSED - Step 16 - Listbox Currency options is visible.
[INFO ] 2024-10-08 10:45:42.146 - PASSED - Step 17 - Listbox Currency options was clicked.
[INFO ] 2024-10-08 10:45:42.184 - PASSED - Step 18 - Currency dropdown was clicked.
[INFO ] 2024-10-08 10:45:42.255 - PASSED - Step 19 - Remarks Field description is populated with Remarks Description Test.
[INFO ] 2024-10-08 10:45:42.294 - PASSED - Step 20 - button Save/Create was clicked.
[INFO ] 2024-10-08 10:45:45.897 - PASSED - Step 21 - Submit claim header is displayed.
[INFO ] 2024-10-08 10:45:46.414 - PASSED - Step 22 - addButton was clicked.
[INFO ] 2024-10-08 10:45:46.454 - PASSED - Step 23 - Add expense tab is displayed.
[ERROR] 2024-10-08 10:45:59.184 - FAILED - org.openqa.selenium.NoSuchElementException: no such element: Unable to locate element: {"method":"xpath","selector":"//span[text()='My Expense 3206829']"}
  (Session info: chrome=129.0.6668.90)
For documentation on this error, please visit: https://www.selenium.dev/documentation/webdriver/troubleshooting/errors#no-such-element-exception
Build info: version: '4.10.0', revision: 'c14d967899'
System info: os.name: 'Windows 10', os.arch: 'amd64', os.version: '10.0', java.version: '17.0.10'
Driver info: org.openqa.selenium.chrome.ChromeDriver
Command: [adddf6da1cc59cc036958aacae02beca, findElement {using=xpath, value=//span[text()='My Expense 3206829']}]
Capabilities {acceptInsecureCerts: false, browserName: chrome, browserVersion: 129.0.6668.90, chrome: {chromedriverVersion: 129.0.6668.89 (951c0b97221f..., userDataDir: C:\Users\MARY~1.CRU\AppData...}, fedcm:accounts: true, goog:chromeOptions: {debuggerAddress: localhost:59898}, networkConnectionEnabled: false, pageLoadStrategy: normal, platformName: windows, proxy: Proxy(), se:cdp: ws://localhost:59898/devtoo..., se:cdpVersion: 129.0.6668.90, setWindowRect: true, strictFileInteractability: false, timeouts: {implicit: 0, pageLoad: 300000, script: 30000}, unhandledPromptBehavior: dismiss and notify, webauthn:extension:credBlob: true, webauthn:extension:largeBlob: true, webauthn:extension:minPinLength: true, webauthn:extension:prf: true, webauthn:virtualAuthenticators: true}
Session ID: adddf6da1cc59cc036958aacae02beca
[INFO ] 2024-10-08 10:45:59.186 - org.openqa.selenium.NoSuchElementException: no such element: Unable to locate element: {"method":"xpath","selector":"//span[text()='My Expense 3206829']"}
  (Session info: chrome=129.0.6668.90)
For documentation on this error, please visit: https://www.selenium.dev/documentation/webdriver/troubleshooting/errors#no-such-element-exception
Build info: version: '4.10.0', revision: 'c14d967899'
System info: os.name: 'Windows 10', os.arch: 'amd64', os.version: '10.0', java.version: '17.0.10'
Driver info: org.openqa.selenium.chrome.ChromeDriver
Command: [adddf6da1cc59cc036958aacae02beca, findElement {using=xpath, value=//span[text()='My Expense 3206829']}]
Capabilities {acceptInsecureCerts: false, browserName: chrome, browserVersion: 129.0.6668.90, chrome: {chromedriverVersion: 129.0.6668.89 (951c0b97221f..., userDataDir: C:\Users\MARY~1.CRU\AppData...}, fedcm:accounts: true, goog:chromeOptions: {debuggerAddress: localhost:59898}, networkConnectionEnabled: false, pageLoadStrategy: normal, platformName: windows, proxy: Proxy(), se:cdp: ws://localhost:59898/devtoo..., se:cdpVersion: 129.0.6668.90, setWindowRect: true, strictFileInteractability: false, timeouts: {implicit: 0, pageLoad: 300000, script: 30000}, unhandledPromptBehavior: dismiss and notify, webauthn:extension:credBlob: true, webauthn:extension:largeBlob: true, webauthn:extension:minPinLength: true, webauthn:extension:prf: true, webauthn:virtualAuthenticators: true}
Session ID: adddf6da1cc59cc036958aacae02beca
[INFO ] 2024-10-08 10:45:59.187 - =================================== END TEST ===================================
