[INFO ] 2024-11-07 16:00:45.114 - =================================== START TEST ===================================
[INFO ] 2024-11-07 16:00:45.131 - Test Case report initialize for VerifyUnsuccesfulDownloadofEE
[INFO ] 2024-11-07 16:01:18.419 - PASSED - Step 1 - username is displayed.
[INFO ] 2024-11-07 16:01:18.548 - PASSED - Step 2 - username is populated with Admin.
[INFO ] 2024-11-07 16:01:18.620 - PASSED - Step 3 - password is displayed.
[INFO ] 2024-11-07 16:01:18.801 - PASSED - Step 4 - password is populated with admin123.
[INFO ] 2024-11-07 16:01:20.198 - PASSED - Step 5 - loginButton was clicked.
[INFO ] 2024-11-07 16:01:20.732 - PASSED - Step 6 - My Info Tab is visible.
[INFO ] 2024-11-07 16:01:21.758 - PASSED - Step 7 - My Info Tab was clicked.
[INFO ] 2024-11-07 16:01:22.279 - PASSED - Step 8 - Employee full name is visible.
[INFO ] 2024-11-07 16:01:25.361 - PASSED - Step 9 - manda
[INFO ] 2024-11-07 16:01:25.442 - PASSED - Step 10 - tab_Maintenance is visible.
[INFO ] 2024-11-07 16:01:26.323 - PASSED - Step 11 - tab_Maintenance was clicked.
[INFO ] 2024-11-07 16:01:26.808 - PASSED - Step 12 - password is visible.
[INFO ] 2024-11-07 16:01:26.892 - PASSED - Step 13 - password is populated with admin123.
[INFO ] 2024-11-07 16:01:26.966 - PASSED - Step 14 - Submit button is visible.
[INFO ] 2024-11-07 16:01:28.173 - PASSED - Step 15 - Submit button was clicked.
[INFO ] 2024-11-07 16:01:31.277 - PASSED - Step 16 - Header Access Records is visible.
[INFO ] 2024-11-07 16:01:31.884 - PASSED - Step 17 - Header Access Records was clicked.
[INFO ] 2024-11-07 16:01:32.405 - PASSED - Step 18 - Input for Download Personal Data is visible.
[INFO ] 2024-11-07 16:01:33.941 - PASSED - Step 19 - Submit button was clicked.
[INFO ] 2024-11-07 16:01:37.033 - PASSED - Step 20 - Download button is visible.
[INFO ] 2024-11-07 16:01:37.208 - PASSED - Step 21 - Download button was clicked.
[ERROR] 2024-11-07 16:01:53.511 - FAILED - org.openqa.selenium.NoSuchElementException: no such element: Unable to locate element: {"method":"xpath","selector":"//span[text()='This page isn’t working']/ancestor::div//div[@id='main-message']"}
  (Session info: chrome=130.0.6723.71)
For documentation on this error, please visit: https://www.selenium.dev/documentation/webdriver/troubleshooting/errors#no-such-element-exception
Build info: version: '4.10.0', revision: 'c14d967899'
System info: os.name: 'Windows 10', os.arch: 'amd64', os.version: '10.0', java.version: '17.0.10'
Driver info: org.openqa.selenium.chrome.ChromeDriver
Command: [dec297059c4a59c4585c3372adad771e, findElement {using=xpath, value=//span[text()='This page isn’t working']/ancestor::div//div[@id='main-message']}]
Capabilities {acceptInsecureCerts: false, browserName: chrome, browserVersion: 130.0.6723.71, chrome: {chromedriverVersion: 130.0.6723.116 (6ac35f94ae3..., userDataDir: C:\Users\MARY~1.CRU\AppData...}, fedcm:accounts: true, goog:chromeOptions: {debuggerAddress: localhost:58804}, networkConnectionEnabled: false, pageLoadStrategy: normal, platformName: windows, proxy: Proxy(), se:cdp: ws://localhost:58804/devtoo..., se:cdpVersion: 130.0.6723.71, setWindowRect: true, strictFileInteractability: false, timeouts: {implicit: 0, pageLoad: 300000, script: 30000}, unhandledPromptBehavior: dismiss and notify, webauthn:extension:credBlob: true, webauthn:extension:largeBlob: true, webauthn:extension:minPinLength: true, webauthn:extension:prf: true, webauthn:virtualAuthenticators: true}
Session ID: dec297059c4a59c4585c3372adad771e
[INFO ] 2024-11-07 16:01:53.514 - org.openqa.selenium.NoSuchElementException: no such element: Unable to locate element: {"method":"xpath","selector":"//span[text()='This page isn’t working']/ancestor::div//div[@id='main-message']"}
  (Session info: chrome=130.0.6723.71)
For documentation on this error, please visit: https://www.selenium.dev/documentation/webdriver/troubleshooting/errors#no-such-element-exception
Build info: version: '4.10.0', revision: 'c14d967899'
System info: os.name: 'Windows 10', os.arch: 'amd64', os.version: '10.0', java.version: '17.0.10'
Driver info: org.openqa.selenium.chrome.ChromeDriver
Command: [dec297059c4a59c4585c3372adad771e, findElement {using=xpath, value=//span[text()='This page isn’t working']/ancestor::div//div[@id='main-message']}]
Capabilities {acceptInsecureCerts: false, browserName: chrome, browserVersion: 130.0.6723.71, chrome: {chromedriverVersion: 130.0.6723.116 (6ac35f94ae3..., userDataDir: C:\Users\MARY~1.CRU\AppData...}, fedcm:accounts: true, goog:chromeOptions: {debuggerAddress: localhost:58804}, networkConnectionEnabled: false, pageLoadStrategy: normal, platformName: windows, proxy: Proxy(), se:cdp: ws://localhost:58804/devtoo..., se:cdpVersion: 130.0.6723.71, setWindowRect: true, strictFileInteractability: false, timeouts: {implicit: 0, pageLoad: 300000, script: 30000}, unhandledPromptBehavior: dismiss and notify, webauthn:extension:credBlob: true, webauthn:extension:largeBlob: true, webauthn:extension:minPinLength: true, webauthn:extension:prf: true, webauthn:virtualAuthenticators: true}
Session ID: dec297059c4a59c4585c3372adad771e
[INFO ] 2024-11-07 16:01:53.515 - =================================== END TEST ===================================
