[INFO ] 2024-11-07 14:05:44.157 - =================================== START TEST ===================================
[INFO ] 2024-11-07 14:05:44.168 - Test Case report initialize for VerifyAddEEViaDataImport
[INFO ] 2024-11-07 14:06:17.119 - PASSED - Step 1 - username is displayed.
[INFO ] 2024-11-07 14:06:17.185 - PASSED - Step 2 - username is populated with Admin.
[INFO ] 2024-11-07 14:06:17.220 - PASSED - Step 3 - password is displayed.
[INFO ] 2024-11-07 14:06:17.287 - PASSED - Step 4 - password is populated with admin123.
[INFO ] 2024-11-07 14:06:18.577 - PASSED - Step 5 - loginButton was clicked.
[INFO ] 2024-11-07 14:06:18.983 - PASSED - Step 6 - tab_PIM is visible.
[INFO ] 2024-11-07 14:06:19.948 - PASSED - Step 7 - tab_PIM was clicked.
[INFO ] 2024-11-07 14:06:20.425 - PASSED - Step 8 - Configuration tab is visible.
[INFO ] 2024-11-07 14:06:20.465 - PASSED - Step 9 - Configuration tab was clicked.
[INFO ] 2024-11-07 14:06:21.019 - PASSED - Step 10 - Configuration tab options is visible.
[INFO ] 2024-11-07 14:06:21.437 - PASSED - Step 11 - Configuration tab options was clicked.
[INFO ] 2024-11-07 14:06:21.832 - PASSED - Step 12 - field_inputPathtoUploadData is populated with C:\Users\mary.cruz\Desktop\ETAF\src\main\java\testData\importData_Test.csv.
[INFO ] 2024-11-07 14:06:21.868 - PASSED - Step 13 - button Save/Create is visible.
[INFO ] 2024-11-07 14:06:21.900 - PASSED - Step 14 - button Save/Create was clicked.
[ERROR] 2024-11-07 14:06:34.516 - FAILED - org.openqa.selenium.NoSuchElementException: no such element: Unable to locate element: {"method":"xpath","selector":"//p[text()='1 Record Successfully Imported']"}
  (Session info: chrome=130.0.6723.71)
For documentation on this error, please visit: https://www.selenium.dev/documentation/webdriver/troubleshooting/errors#no-such-element-exception
Build info: version: '4.10.0', revision: 'c14d967899'
System info: os.name: 'Windows 10', os.arch: 'amd64', os.version: '10.0', java.version: '17.0.10'
Driver info: org.openqa.selenium.chrome.ChromeDriver
Command: [990205257bd8218e873d534c1e5804d9, findElement {using=xpath, value=//p[text()='1 Record Successfully Imported']}]
Capabilities {acceptInsecureCerts: false, browserName: chrome, browserVersion: 130.0.6723.71, chrome: {chromedriverVersion: 130.0.6723.116 (6ac35f94ae3..., userDataDir: C:\Users\MARY~1.CRU\AppData...}, fedcm:accounts: true, goog:chromeOptions: {debuggerAddress: localhost:49797}, networkConnectionEnabled: false, pageLoadStrategy: normal, platformName: windows, proxy: Proxy(), se:cdp: ws://localhost:49797/devtoo..., se:cdpVersion: 130.0.6723.71, setWindowRect: true, strictFileInteractability: false, timeouts: {implicit: 0, pageLoad: 300000, script: 30000}, unhandledPromptBehavior: dismiss and notify, webauthn:extension:credBlob: true, webauthn:extension:largeBlob: true, webauthn:extension:minPinLength: true, webauthn:extension:prf: true, webauthn:virtualAuthenticators: true}
Session ID: 990205257bd8218e873d534c1e5804d9
[INFO ] 2024-11-07 14:06:34.517 - org.openqa.selenium.NoSuchElementException: no such element: Unable to locate element: {"method":"xpath","selector":"//p[text()='1 Record Successfully Imported']"}
  (Session info: chrome=130.0.6723.71)
For documentation on this error, please visit: https://www.selenium.dev/documentation/webdriver/troubleshooting/errors#no-such-element-exception
Build info: version: '4.10.0', revision: 'c14d967899'
System info: os.name: 'Windows 10', os.arch: 'amd64', os.version: '10.0', java.version: '17.0.10'
Driver info: org.openqa.selenium.chrome.ChromeDriver
Command: [990205257bd8218e873d534c1e5804d9, findElement {using=xpath, value=//p[text()='1 Record Successfully Imported']}]
Capabilities {acceptInsecureCerts: false, browserName: chrome, browserVersion: 130.0.6723.71, chrome: {chromedriverVersion: 130.0.6723.116 (6ac35f94ae3..., userDataDir: C:\Users\MARY~1.CRU\AppData...}, fedcm:accounts: true, goog:chromeOptions: {debuggerAddress: localhost:49797}, networkConnectionEnabled: false, pageLoadStrategy: normal, platformName: windows, proxy: Proxy(), se:cdp: ws://localhost:49797/devtoo..., se:cdpVersion: 130.0.6723.71, setWindowRect: true, strictFileInteractability: false, timeouts: {implicit: 0, pageLoad: 300000, script: 30000}, unhandledPromptBehavior: dismiss and notify, webauthn:extension:credBlob: true, webauthn:extension:largeBlob: true, webauthn:extension:minPinLength: true, webauthn:extension:prf: true, webauthn:virtualAuthenticators: true}
Session ID: 990205257bd8218e873d534c1e5804d9
[INFO ] 2024-11-07 14:06:34.518 - =================================== END TEST ===================================
