[INFO ] 2024-11-07 15:06:32.715 - =================================== START TEST ===================================
[INFO ] 2024-11-07 15:06:32.723 - Test Case report initialize for VerifyUnsuccesfulDownloadofEE
[INFO ] 2024-11-07 15:07:06.839 - PASSED - Step 1 - username is displayed.
[INFO ] 2024-11-07 15:07:06.916 - PASSED - Step 2 - username is populated with Admin.
[INFO ] 2024-11-07 15:07:06.956 - PASSED - Step 3 - password is displayed.
[INFO ] 2024-11-07 15:07:07.082 - PASSED - Step 4 - password is populated with admin123.
[INFO ] 2024-11-07 15:07:07.155 - PASSED - Step 5 - loginButton was clicked.
[INFO ] 2024-11-07 15:07:08.727 - PASSED - Step 6 - tab_Maintenance is visible.
[INFO ] 2024-11-07 15:07:09.668 - PASSED - Step 7 - tab_Maintenance was clicked.
[INFO ] 2024-11-07 15:07:10.077 - PASSED - Step 8 - Submit button is visible.
[INFO ] 2024-11-07 15:07:10.135 - PASSED - Step 9 - Submit button was clicked.
[ERROR] 2024-11-07 15:07:25.854 - FAILED - org.openqa.selenium.NoSuchElementException: no such element: Unable to locate element: {"method":"xpath","selector":"//a[text()='Access Records']"}
  (Session info: chrome=130.0.6723.71)
For documentation on this error, please visit: https://www.selenium.dev/documentation/webdriver/troubleshooting/errors#no-such-element-exception
Build info: version: '4.10.0', revision: 'c14d967899'
System info: os.name: 'Windows 10', os.arch: 'amd64', os.version: '10.0', java.version: '17.0.10'
Driver info: org.openqa.selenium.chrome.ChromeDriver
Command: [96435edf2be652939796faf671a747c3, findElement {using=xpath, value=//a[text()='Access Records']}]
Capabilities {acceptInsecureCerts: false, browserName: chrome, browserVersion: 130.0.6723.71, chrome: {chromedriverVersion: 130.0.6723.116 (6ac35f94ae3..., userDataDir: C:\Users\MARY~1.CRU\AppData...}, fedcm:accounts: true, goog:chromeOptions: {debuggerAddress: localhost:53981}, networkConnectionEnabled: false, pageLoadStrategy: normal, platformName: windows, proxy: Proxy(), se:cdp: ws://localhost:53981/devtoo..., se:cdpVersion: 130.0.6723.71, setWindowRect: true, strictFileInteractability: false, timeouts: {implicit: 0, pageLoad: 300000, script: 30000}, unhandledPromptBehavior: dismiss and notify, webauthn:extension:credBlob: true, webauthn:extension:largeBlob: true, webauthn:extension:minPinLength: true, webauthn:extension:prf: true, webauthn:virtualAuthenticators: true}
Session ID: 96435edf2be652939796faf671a747c3
[INFO ] 2024-11-07 15:07:25.855 - org.openqa.selenium.NoSuchElementException: no such element: Unable to locate element: {"method":"xpath","selector":"//a[text()='Access Records']"}
  (Session info: chrome=130.0.6723.71)
For documentation on this error, please visit: https://www.selenium.dev/documentation/webdriver/troubleshooting/errors#no-such-element-exception
Build info: version: '4.10.0', revision: 'c14d967899'
System info: os.name: 'Windows 10', os.arch: 'amd64', os.version: '10.0', java.version: '17.0.10'
Driver info: org.openqa.selenium.chrome.ChromeDriver
Command: [96435edf2be652939796faf671a747c3, findElement {using=xpath, value=//a[text()='Access Records']}]
Capabilities {acceptInsecureCerts: false, browserName: chrome, browserVersion: 130.0.6723.71, chrome: {chromedriverVersion: 130.0.6723.116 (6ac35f94ae3..., userDataDir: C:\Users\MARY~1.CRU\AppData...}, fedcm:accounts: true, goog:chromeOptions: {debuggerAddress: localhost:53981}, networkConnectionEnabled: false, pageLoadStrategy: normal, platformName: windows, proxy: Proxy(), se:cdp: ws://localhost:53981/devtoo..., se:cdpVersion: 130.0.6723.71, setWindowRect: true, strictFileInteractability: false, timeouts: {implicit: 0, pageLoad: 300000, script: 30000}, unhandledPromptBehavior: dismiss and notify, webauthn:extension:credBlob: true, webauthn:extension:largeBlob: true, webauthn:extension:minPinLength: true, webauthn:extension:prf: true, webauthn:virtualAuthenticators: true}
Session ID: 96435edf2be652939796faf671a747c3
[INFO ] 2024-11-07 15:07:25.856 - =================================== END TEST ===================================
