[INFO ] 2024-11-04 13:54:13.130 - =================================== START TEST ===================================
[INFO ] 2024-11-04 13:54:13.136 - Test Case report initialize for VerifyAddedAdminRoleOnEE
[INFO ] 2024-11-04 13:54:46.302 - PASSED - Step 1 - username is displayed.
[INFO ] 2024-11-04 13:54:46.363 - PASSED - Step 2 - username is populated with Admin.
[INFO ] 2024-11-04 13:54:46.397 - PASSED - Step 3 - password is displayed.
[INFO ] 2024-11-04 13:54:46.465 - PASSED - Step 4 - password is populated with admin123.
[INFO ] 2024-11-04 13:54:46.513 - PASSED - Step 5 - loginButton was clicked.
[INFO ] 2024-11-04 13:54:48.244 - PASSED - Step 6 - My Info Tab is visible.
[INFO ] 2024-11-04 13:54:49.255 - PASSED - Step 7 - My Info Tab was clicked.
[INFO ] 2024-11-04 13:54:49.694 - PASSED - Step 8 - Employee full name is visible.
[INFO ] 2024-11-04 13:54:52.722 - PASSED - Step 9 - SpRgzziQoD B
[INFO ] 2024-11-04 13:54:52.751 - PASSED - Step 10 - Admin Tab is visible.
[INFO ] 2024-11-04 13:54:53.487 - PASSED - Step 11 - Admin Tab was clicked.
[INFO ] 2024-11-04 13:54:53.863 - PASSED - Step 12 - addButton is displayed.
[INFO ] 2024-11-04 13:54:54.262 - PASSED - Step 13 - addButton was clicked.
[INFO ] 2024-11-04 13:54:54.648 - PASSED - Step 14 - User role dropdown is visible.
[INFO ] 2024-11-04 13:54:54.687 - PASSED - Step 15 - User role dropdown was clicked.
[INFO ] 2024-11-04 13:54:54.720 - PASSED - Step 16 - Listbox user role options is visible.
[INFO ] 2024-11-04 13:54:54.749 - PASSED - Step 17 - Listbox user role options was clicked.
[INFO ] 2024-11-04 13:54:54.780 - PASSED - Step 18 - Status dropdown was clicked.
[INFO ] 2024-11-04 13:54:54.806 - PASSED - Step 19 - Listbox status options is visible.
[INFO ] 2024-11-04 13:54:54.832 - PASSED - Step 20 - Listbox status options was clicked.
[INFO ] 2024-11-04 13:54:54.870 - PASSED - Step 21 - Input Employee fullname of existing employee was clicked.
[INFO ] 2024-11-04 13:54:57.980 - PASSED - Step 22 - Username field was clicked.
[INFO ] 2024-11-04 13:54:58.117 - PASSED - Step 23 - Username field is populated with ross.bartell.
[INFO ] 2024-11-04 13:54:58.157 - PASSED - Step 24 - confirm password was clicked.
[INFO ] 2024-11-04 13:54:58.187 - PASSED - Step 25 - confirm password is populated with admin123.
[INFO ] 2024-11-04 13:54:58.219 - PASSED - Step 26 - tab User Management is visible.
[INFO ] 2024-11-04 13:54:58.249 - PASSED - Step 27 - tab User Management was clicked.
[ERROR] 2024-11-04 13:55:10.829 - FAILED - org.openqa.selenium.NoSuchElementException: no such element: Unable to locate element: {"method":"xpath","selector":"(//div[contains(@class,'oxd-table-cell oxd-padding-cell')]//div)[4]"}
  (Session info: chrome=130.0.6723.71)
For documentation on this error, please visit: https://www.selenium.dev/documentation/webdriver/troubleshooting/errors#no-such-element-exception
Build info: version: '4.10.0', revision: 'c14d967899'
System info: os.name: 'Windows 10', os.arch: 'amd64', os.version: '10.0', java.version: '17.0.10'
Driver info: org.openqa.selenium.chrome.ChromeDriver
Command: [0ed4ed09cac00b4a8470cdc3afe1da50, findElement {using=xpath, value=(//div[contains(@class,'oxd-table-cell oxd-padding-cell')]//div)[4]}]
Capabilities {acceptInsecureCerts: false, browserName: chrome, browserVersion: 130.0.6723.71, chrome: {chromedriverVersion: 130.0.6723.91 (53ac07678369..., userDataDir: C:\Users\MARY~1.CRU\AppData...}, fedcm:accounts: true, goog:chromeOptions: {debuggerAddress: localhost:54654}, networkConnectionEnabled: false, pageLoadStrategy: normal, platformName: windows, proxy: Proxy(), se:cdp: ws://localhost:54654/devtoo..., se:cdpVersion: 130.0.6723.71, setWindowRect: true, strictFileInteractability: false, timeouts: {implicit: 0, pageLoad: 300000, script: 30000}, unhandledPromptBehavior: dismiss and notify, webauthn:extension:credBlob: true, webauthn:extension:largeBlob: true, webauthn:extension:minPinLength: true, webauthn:extension:prf: true, webauthn:virtualAuthenticators: true}
Session ID: 0ed4ed09cac00b4a8470cdc3afe1da50
[INFO ] 2024-11-04 13:55:10.830 - org.openqa.selenium.NoSuchElementException: no such element: Unable to locate element: {"method":"xpath","selector":"(//div[contains(@class,'oxd-table-cell oxd-padding-cell')]//div)[4]"}
  (Session info: chrome=130.0.6723.71)
For documentation on this error, please visit: https://www.selenium.dev/documentation/webdriver/troubleshooting/errors#no-such-element-exception
Build info: version: '4.10.0', revision: 'c14d967899'
System info: os.name: 'Windows 10', os.arch: 'amd64', os.version: '10.0', java.version: '17.0.10'
Driver info: org.openqa.selenium.chrome.ChromeDriver
Command: [0ed4ed09cac00b4a8470cdc3afe1da50, findElement {using=xpath, value=(//div[contains(@class,'oxd-table-cell oxd-padding-cell')]//div)[4]}]
Capabilities {acceptInsecureCerts: false, browserName: chrome, browserVersion: 130.0.6723.71, chrome: {chromedriverVersion: 130.0.6723.91 (53ac07678369..., userDataDir: C:\Users\MARY~1.CRU\AppData...}, fedcm:accounts: true, goog:chromeOptions: {debuggerAddress: localhost:54654}, networkConnectionEnabled: false, pageLoadStrategy: normal, platformName: windows, proxy: Proxy(), se:cdp: ws://localhost:54654/devtoo..., se:cdpVersion: 130.0.6723.71, setWindowRect: true, strictFileInteractability: false, timeouts: {implicit: 0, pageLoad: 300000, script: 30000}, unhandledPromptBehavior: dismiss and notify, webauthn:extension:credBlob: true, webauthn:extension:largeBlob: true, webauthn:extension:minPinLength: true, webauthn:extension:prf: true, webauthn:virtualAuthenticators: true}
Session ID: 0ed4ed09cac00b4a8470cdc3afe1da50
[INFO ] 2024-11-04 13:55:10.830 - =================================== END TEST ===================================
