[INFO ] 2024-11-07 15:08:15.518 - =================================== START TEST ===================================
[INFO ] 2024-11-07 15:08:15.535 - Test Case report initialize for VerifyUnsuccesfulDownloadofEE
[INFO ] 2024-11-07 15:08:49.001 - PASSED - Step 1 - username is displayed.
[INFO ] 2024-11-07 15:08:49.126 - PASSED - Step 2 - username is populated with Admin.
[INFO ] 2024-11-07 15:08:49.194 - PASSED - Step 3 - password is displayed.
[INFO ] 2024-11-07 15:08:49.290 - PASSED - Step 4 - password is populated with admin123.
[INFO ] 2024-11-07 15:08:49.367 - PASSED - Step 5 - loginButton was clicked.
[INFO ] 2024-11-07 15:08:51.471 - PASSED - Step 6 - tab_Maintenance is visible.
[INFO ] 2024-11-07 15:08:52.746 - PASSED - Step 7 - tab_Maintenance was clicked.
[INFO ] 2024-11-07 15:08:53.186 - PASSED - Step 8 - password is visible.
[INFO ] 2024-11-07 15:08:53.249 - PASSED - Step 9 - password is populated with admin123.
[INFO ] 2024-11-07 15:08:53.306 - PASSED - Step 10 - Submit button is visible.
[INFO ] 2024-11-07 15:08:53.406 - PASSED - Step 11 - Submit button was clicked.
[INFO ] 2024-11-07 15:08:56.481 - PASSED - Step 12 - Header Access Records is visible.
[INFO ] 2024-11-07 15:09:27.968 - PASSED - Step 13 - Header Access Records was clicked.
[INFO ] 2024-11-07 15:09:28.494 - PASSED - Step 14 - Input for Download Personal Data is visible.
[INFO ] 2024-11-07 15:09:28.571 - PASSED - Step 15 - Submit button was clicked.
[ERROR] 2024-11-07 15:09:41.437 - FAILED - org.openqa.selenium.NoSuchElementException: no such element: Unable to locate element: {"method":"xpath","selector":"(//button[contains(@class,'secondary')])[2]"}
  (Session info: chrome=130.0.6723.71)
For documentation on this error, please visit: https://www.selenium.dev/documentation/webdriver/troubleshooting/errors#no-such-element-exception
Build info: version: '4.10.0', revision: 'c14d967899'
System info: os.name: 'Windows 10', os.arch: 'amd64', os.version: '10.0', java.version: '17.0.10'
Driver info: org.openqa.selenium.chrome.ChromeDriver
Command: [42585f5068bd39e604f6dd8e761326de, findElement {using=xpath, value=(//button[contains(@class,'secondary')])[2]}]
Capabilities {acceptInsecureCerts: false, browserName: chrome, browserVersion: 130.0.6723.71, chrome: {chromedriverVersion: 130.0.6723.116 (6ac35f94ae3..., userDataDir: C:\Users\MARY~1.CRU\AppData...}, fedcm:accounts: true, goog:chromeOptions: {debuggerAddress: localhost:54239}, networkConnectionEnabled: false, pageLoadStrategy: normal, platformName: windows, proxy: Proxy(), se:cdp: ws://localhost:54239/devtoo..., se:cdpVersion: 130.0.6723.71, setWindowRect: true, strictFileInteractability: false, timeouts: {implicit: 0, pageLoad: 300000, script: 30000}, unhandledPromptBehavior: dismiss and notify, webauthn:extension:credBlob: true, webauthn:extension:largeBlob: true, webauthn:extension:minPinLength: true, webauthn:extension:prf: true, webauthn:virtualAuthenticators: true}
Session ID: 42585f5068bd39e604f6dd8e761326de
[INFO ] 2024-11-07 15:09:41.438 - org.openqa.selenium.NoSuchElementException: no such element: Unable to locate element: {"method":"xpath","selector":"(//button[contains(@class,'secondary')])[2]"}
  (Session info: chrome=130.0.6723.71)
For documentation on this error, please visit: https://www.selenium.dev/documentation/webdriver/troubleshooting/errors#no-such-element-exception
Build info: version: '4.10.0', revision: 'c14d967899'
System info: os.name: 'Windows 10', os.arch: 'amd64', os.version: '10.0', java.version: '17.0.10'
Driver info: org.openqa.selenium.chrome.ChromeDriver
Command: [42585f5068bd39e604f6dd8e761326de, findElement {using=xpath, value=(//button[contains(@class,'secondary')])[2]}]
Capabilities {acceptInsecureCerts: false, browserName: chrome, browserVersion: 130.0.6723.71, chrome: {chromedriverVersion: 130.0.6723.116 (6ac35f94ae3..., userDataDir: C:\Users\MARY~1.CRU\AppData...}, fedcm:accounts: true, goog:chromeOptions: {debuggerAddress: localhost:54239}, networkConnectionEnabled: false, pageLoadStrategy: normal, platformName: windows, proxy: Proxy(), se:cdp: ws://localhost:54239/devtoo..., se:cdpVersion: 130.0.6723.71, setWindowRect: true, strictFileInteractability: false, timeouts: {implicit: 0, pageLoad: 300000, script: 30000}, unhandledPromptBehavior: dismiss and notify, webauthn:extension:credBlob: true, webauthn:extension:largeBlob: true, webauthn:extension:minPinLength: true, webauthn:extension:prf: true, webauthn:virtualAuthenticators: true}
Session ID: 42585f5068bd39e604f6dd8e761326de
[INFO ] 2024-11-07 15:09:41.439 - =================================== END TEST ===================================
