[INFO ] 2024-10-22 15:40:44.270 - =================================== START TEST ===================================
[INFO ] 2024-10-22 15:40:44.283 - Test Case report initialize for VerifyAddedAdminRoleOnEE
[INFO ] 2024-10-22 15:41:17.418 - PASSED - Step 1 - username is displayed.
[INFO ] 2024-10-22 15:41:17.520 - PASSED - Step 2 - username is populated with Admin.
[INFO ] 2024-10-22 15:41:17.571 - PASSED - Step 3 - password is displayed.
[INFO ] 2024-10-22 15:41:17.653 - PASSED - Step 4 - password is populated with admin123.
[INFO ] 2024-10-22 15:41:17.713 - PASSED - Step 5 - loginButton was clicked.
[INFO ] 2024-10-22 15:41:19.308 - PASSED - Step 6 - My Info Tab is visible.
[INFO ] 2024-10-22 15:41:20.332 - PASSED - Step 7 - My Info Tab was clicked.
[INFO ] 2024-10-22 15:41:20.765 - PASSED - Step 8 - Employee full name is visible.
[INFO ] 2024-10-22 15:41:23.802 - PASSED - Step 9 - Pháº¡m Quang
[INFO ] 2024-10-22 15:41:23.803 - PASSED - Step 10 - Employee full name text attribute captured.
[INFO ] 2024-10-22 15:41:23.848 - PASSED - Step 11 - Admin Tab is visible.
[INFO ] 2024-10-22 15:41:24.631 - PASSED - Step 12 - Admin Tab was clicked.
[INFO ] 2024-10-22 15:41:25.024 - PASSED - Step 13 - addButton is displayed.
[INFO ] 2024-10-22 15:41:25.487 - PASSED - Step 14 - addButton was clicked.
[INFO ] 2024-10-22 15:41:25.880 - PASSED - Step 15 - User role dropdown is visible.
[INFO ] 2024-10-22 15:41:25.916 - PASSED - Step 16 - User role dropdown was clicked.
[INFO ] 2024-10-22 15:41:25.955 - PASSED - Step 17 - Listbox user role options is visible.
[INFO ] 2024-10-22 15:41:26.007 - PASSED - Step 18 - Listbox user role options was clicked.
[INFO ] 2024-10-22 15:41:26.052 - PASSED - Step 19 - Status dropdown was clicked.
[INFO ] 2024-10-22 15:41:26.091 - PASSED - Step 20 - Listbox status options is visible.
[INFO ] 2024-10-22 15:41:26.140 - PASSED - Step 21 - Listbox status options was clicked.
[INFO ] 2024-10-22 15:41:26.189 - PASSED - Step 22 - Input Employee fullname of existing employee was clicked.
[INFO ] 2024-10-22 15:41:29.228 - PASSED - Step 23 - Input Employee fullname of existing employee is populated with .
[INFO ] 2024-10-22 15:41:29.270 - PASSED - Step 24 - Username field was clicked.
[INFO ] 2024-10-22 15:41:29.444 - PASSED - Step 25 - Username field is populated with sonny.littel.
[INFO ] 2024-10-22 15:41:29.492 - PASSED - Step 26 - confirm password was clicked.
[INFO ] 2024-10-22 15:41:29.528 - PASSED - Step 27 - confirm password is populated with admin123.
[INFO ] 2024-10-22 15:41:29.562 - PASSED - Step 28 - tab User Management is visible.
[INFO ] 2024-10-22 15:41:29.598 - PASSED - Step 29 - tab User Management was clicked.
[ERROR] 2024-10-22 15:41:42.277 - FAILED - org.openqa.selenium.NoSuchElementException: no such element: Unable to locate element: {"method":"xpath","selector":"(//div[contains(@class,'oxd-table-cell oxd-padding-cell')]//div)[4]"}
  (Session info: chrome=129.0.6668.101)
For documentation on this error, please visit: https://www.selenium.dev/documentation/webdriver/troubleshooting/errors#no-such-element-exception
Build info: version: '4.10.0', revision: 'c14d967899'
System info: os.name: 'Windows 10', os.arch: 'amd64', os.version: '10.0', java.version: '17.0.10'
Driver info: org.openqa.selenium.chrome.ChromeDriver
Command: [55ed808c734aaa3f80618f6326bc5b4c, findElement {using=xpath, value=(//div[contains(@class,'oxd-table-cell oxd-padding-cell')]//div)[4]}]
Capabilities {acceptInsecureCerts: false, browserName: chrome, browserVersion: 129.0.6668.101, chrome: {chromedriverVersion: 129.0.6668.100 (cf58cba358d..., userDataDir: C:\Users\MARY~1.CRU\AppData...}, fedcm:accounts: true, goog:chromeOptions: {debuggerAddress: localhost:58403}, networkConnectionEnabled: false, pageLoadStrategy: normal, platformName: windows, proxy: Proxy(), se:cdp: ws://localhost:58403/devtoo..., se:cdpVersion: 129.0.6668.101, setWindowRect: true, strictFileInteractability: false, timeouts: {implicit: 0, pageLoad: 300000, script: 30000}, unhandledPromptBehavior: dismiss and notify, webauthn:extension:credBlob: true, webauthn:extension:largeBlob: true, webauthn:extension:minPinLength: true, webauthn:extension:prf: true, webauthn:virtualAuthenticators: true}
Session ID: 55ed808c734aaa3f80618f6326bc5b4c
[INFO ] 2024-10-22 15:41:42.278 - org.openqa.selenium.NoSuchElementException: no such element: Unable to locate element: {"method":"xpath","selector":"(//div[contains(@class,'oxd-table-cell oxd-padding-cell')]//div)[4]"}
  (Session info: chrome=129.0.6668.101)
For documentation on this error, please visit: https://www.selenium.dev/documentation/webdriver/troubleshooting/errors#no-such-element-exception
Build info: version: '4.10.0', revision: 'c14d967899'
System info: os.name: 'Windows 10', os.arch: 'amd64', os.version: '10.0', java.version: '17.0.10'
Driver info: org.openqa.selenium.chrome.ChromeDriver
Command: [55ed808c734aaa3f80618f6326bc5b4c, findElement {using=xpath, value=(//div[contains(@class,'oxd-table-cell oxd-padding-cell')]//div)[4]}]
Capabilities {acceptInsecureCerts: false, browserName: chrome, browserVersion: 129.0.6668.101, chrome: {chromedriverVersion: 129.0.6668.100 (cf58cba358d..., userDataDir: C:\Users\MARY~1.CRU\AppData...}, fedcm:accounts: true, goog:chromeOptions: {debuggerAddress: localhost:58403}, networkConnectionEnabled: false, pageLoadStrategy: normal, platformName: windows, proxy: Proxy(), se:cdp: ws://localhost:58403/devtoo..., se:cdpVersion: 129.0.6668.101, setWindowRect: true, strictFileInteractability: false, timeouts: {implicit: 0, pageLoad: 300000, script: 30000}, unhandledPromptBehavior: dismiss and notify, webauthn:extension:credBlob: true, webauthn:extension:largeBlob: true, webauthn:extension:minPinLength: true, webauthn:extension:prf: true, webauthn:virtualAuthenticators: true}
Session ID: 55ed808c734aaa3f80618f6326bc5b4c
[INFO ] 2024-10-22 15:41:42.279 - =================================== END TEST ===================================
