[INFO ] 2024-10-29 13:53:26.227 - =================================== START TEST ===================================
[INFO ] 2024-10-29 13:53:26.295 - Test Case report initialize for VerifyDifferentLoginOptions
[INFO ] 2024-10-29 13:54:12.673 - PASSED - Step 1 - username is displayed.
[INFO ] 2024-10-29 13:54:13.413 - PASSED - Step 2 - username is populated with Admin.
[INFO ] 2024-10-29 13:54:13.772 - PASSED - Step 3 - password is displayed.
[INFO ] 2024-10-29 13:54:14.689 - PASSED - Step 4 - password is populated with admin123.
[INFO ] 2024-10-29 13:54:16.841 - PASSED - Step 5 - loginButton was clicked.
[INFO ] 2024-10-29 13:54:18.294 - PASSED - Step 6 - tab_Buzz is visible.
[INFO ] 2024-10-29 13:54:21.602 - PASSED - Step 7 - tab_Buzz was clicked.
[INFO ] 2024-10-29 13:54:22.967 - PASSED - Step 8 - field post is visible.
[INFO ] 2024-10-29 13:54:23.725 - PASSED - Step 9 - field post was clicked.
[ERROR] 2024-10-29 13:54:35.751 - FAILED - org.openqa.selenium.StaleElementReferenceException: stale element reference: stale element not found in the current frame
  (Session info: chrome=130.0.6723.70)
For documentation on this error, please visit: https://www.selenium.dev/documentation/webdriver/troubleshooting/errors#stale-element-reference-exception
Build info: version: '4.10.0', revision: 'c14d967899'
System info: os.name: 'Windows 10', os.arch: 'amd64', os.version: '10.0', java.version: '17.0.10'
Driver info: org.openqa.selenium.chrome.ChromeDriver
Command: [72282efe2031c86173c1801f2a35d46d, sendKeysToElement {id=f.42D6AEC3B2071C65CD4D1439F58CDA19.d.475F3814C1488EF7C56DDA4452B462FF.e.61, value=[Ljava.lang.CharSequence;@4f116ca2}]
Capabilities {acceptInsecureCerts: false, browserName: chrome, browserVersion: 130.0.6723.70, chrome: {chromedriverVersion: 130.0.6723.69 (3ec172b971b9..., userDataDir: C:\Users\MARY~1.CRU\AppData...}, fedcm:accounts: true, goog:chromeOptions: {debuggerAddress: localhost:51853}, networkConnectionEnabled: false, pageLoadStrategy: normal, platformName: windows, proxy: Proxy(), se:cdp: ws://localhost:51853/devtoo..., se:cdpVersion: 130.0.6723.70, setWindowRect: true, strictFileInteractability: false, timeouts: {implicit: 0, pageLoad: 300000, script: 30000}, unhandledPromptBehavior: dismiss and notify, webauthn:extension:credBlob: true, webauthn:extension:largeBlob: true, webauthn:extension:minPinLength: true, webauthn:extension:prf: true, webauthn:virtualAuthenticators: true}
Element: [[ChromeDriver: chrome on windows (72282efe2031c86173c1801f2a35d46d)] -> xpath: //textarea[contains(@class,'oxd-buzz-post-input')]]
Session ID: 72282efe2031c86173c1801f2a35d46d
[INFO ] 2024-10-29 13:54:35.761 - org.openqa.selenium.StaleElementReferenceException: stale element reference: stale element not found in the current frame
  (Session info: chrome=130.0.6723.70)
For documentation on this error, please visit: https://www.selenium.dev/documentation/webdriver/troubleshooting/errors#stale-element-reference-exception
Build info: version: '4.10.0', revision: 'c14d967899'
System info: os.name: 'Windows 10', os.arch: 'amd64', os.version: '10.0', java.version: '17.0.10'
Driver info: org.openqa.selenium.chrome.ChromeDriver
Command: [72282efe2031c86173c1801f2a35d46d, sendKeysToElement {id=f.42D6AEC3B2071C65CD4D1439F58CDA19.d.475F3814C1488EF7C56DDA4452B462FF.e.61, value=[Ljava.lang.CharSequence;@4f116ca2}]
Capabilities {acceptInsecureCerts: false, browserName: chrome, browserVersion: 130.0.6723.70, chrome: {chromedriverVersion: 130.0.6723.69 (3ec172b971b9..., userDataDir: C:\Users\MARY~1.CRU\AppData...}, fedcm:accounts: true, goog:chromeOptions: {debuggerAddress: localhost:51853}, networkConnectionEnabled: false, pageLoadStrategy: normal, platformName: windows, proxy: Proxy(), se:cdp: ws://localhost:51853/devtoo..., se:cdpVersion: 130.0.6723.70, setWindowRect: true, strictFileInteractability: false, timeouts: {implicit: 0, pageLoad: 300000, script: 30000}, unhandledPromptBehavior: dismiss and notify, webauthn:extension:credBlob: true, webauthn:extension:largeBlob: true, webauthn:extension:minPinLength: true, webauthn:extension:prf: true, webauthn:virtualAuthenticators: true}
Element: [[ChromeDriver: chrome on windows (72282efe2031c86173c1801f2a35d46d)] -> xpath: //textarea[contains(@class,'oxd-buzz-post-input')]]
Session ID: 72282efe2031c86173c1801f2a35d46d
[INFO ] 2024-10-29 13:54:35.765 - =================================== END TEST ===================================
