[INFO ] 2024-10-22 15:21:11.776 - =================================== START TEST ===================================
[INFO ] 2024-10-22 15:21:11.786 - Test Case report initialize for VerifyAddedAdminRoleOnEE
[INFO ] 2024-10-22 15:21:45.901 - PASSED - Step 1 - username is displayed.
[INFO ] 2024-10-22 15:21:45.971 - PASSED - Step 2 - username is populated with Admin.
[INFO ] 2024-10-22 15:21:46.010 - PASSED - Step 3 - password is displayed.
[INFO ] 2024-10-22 15:21:46.104 - PASSED - Step 4 - password is populated with admin123.
[INFO ] 2024-10-22 15:21:48.218 - PASSED - Step 5 - loginButton was clicked.
[INFO ] 2024-10-22 15:21:48.680 - PASSED - Step 6 - My Info Tab is visible.
[INFO ] 2024-10-22 15:21:50.079 - PASSED - Step 7 - My Info Tab was clicked.
[INFO ] 2024-10-22 15:21:51.498 - PASSED - Step 8 - Employee full name is visible.
[INFO ] 2024-10-22 15:21:51.530 - PASSED - Step 9 - null
[INFO ] 2024-10-22 15:21:51.580 - PASSED - Step 10 - Admin Tab is visible.
[INFO ] 2024-10-22 15:21:53.127 - PASSED - Step 11 - Admin Tab was clicked.
[INFO ] 2024-10-22 15:21:53.588 - PASSED - Step 12 - addButton is displayed.
[INFO ] 2024-10-22 15:21:54.193 - PASSED - Step 13 - addButton was clicked.
[INFO ] 2024-10-22 15:21:54.723 - PASSED - Step 14 - User role dropdown is visible.
[INFO ] 2024-10-22 15:21:54.773 - PASSED - Step 15 - User role dropdown was clicked.
[INFO ] 2024-10-22 15:21:54.820 - PASSED - Step 16 - Listbox user role options is visible.
[INFO ] 2024-10-22 15:21:54.860 - PASSED - Step 17 - Listbox user role options was clicked.
[INFO ] 2024-10-22 15:21:54.905 - PASSED - Step 18 - Status dropdown was clicked.
[INFO ] 2024-10-22 15:21:54.937 - PASSED - Step 19 - Listbox status options is visible.
[INFO ] 2024-10-22 15:21:54.967 - PASSED - Step 20 - Listbox status options was clicked.
[INFO ] 2024-10-22 15:21:55.009 - PASSED - Step 21 - Input Employee fullname of existing employee was clicked.
[INFO ] 2024-10-22 15:21:55.033 - PASSED - Step 22 - Input Employee fullname of existing employee is populated with .
[INFO ] 2024-10-22 15:21:55.073 - PASSED - Step 23 - Username field was clicked.
[INFO ] 2024-10-22 15:21:55.218 - PASSED - Step 24 - Username field is populated with fabian.schulist.
[INFO ] 2024-10-22 15:21:55.263 - PASSED - Step 25 - confirm password was clicked.
[INFO ] 2024-10-22 15:21:55.292 - PASSED - Step 26 - confirm password is populated with admin123.
[INFO ] 2024-10-22 15:21:55.319 - PASSED - Step 27 - tab User Management is visible.
[INFO ] 2024-10-22 15:21:55.352 - PASSED - Step 28 - tab User Management was clicked.
[ERROR] 2024-10-22 15:22:08.045 - FAILED - org.openqa.selenium.NoSuchElementException: no such element: Unable to locate element: {"method":"xpath","selector":"(//div[contains(@class,'oxd-table-cell oxd-padding-cell')]//div)[4]"}
  (Session info: chrome=129.0.6668.101)
For documentation on this error, please visit: https://www.selenium.dev/documentation/webdriver/troubleshooting/errors#no-such-element-exception
Build info: version: '4.10.0', revision: 'c14d967899'
System info: os.name: 'Windows 10', os.arch: 'amd64', os.version: '10.0', java.version: '17.0.10'
Driver info: org.openqa.selenium.chrome.ChromeDriver
Command: [8a3c4761fb0c9044e17345ed0c3b4b94, findElement {using=xpath, value=(//div[contains(@class,'oxd-table-cell oxd-padding-cell')]//div)[4]}]
Capabilities {acceptInsecureCerts: false, browserName: chrome, browserVersion: 129.0.6668.101, chrome: {chromedriverVersion: 129.0.6668.100 (cf58cba358d..., userDataDir: C:\Users\MARY~1.CRU\AppData...}, fedcm:accounts: true, goog:chromeOptions: {debuggerAddress: localhost:56722}, networkConnectionEnabled: false, pageLoadStrategy: normal, platformName: windows, proxy: Proxy(), se:cdp: ws://localhost:56722/devtoo..., se:cdpVersion: 129.0.6668.101, setWindowRect: true, strictFileInteractability: false, timeouts: {implicit: 0, pageLoad: 300000, script: 30000}, unhandledPromptBehavior: dismiss and notify, webauthn:extension:credBlob: true, webauthn:extension:largeBlob: true, webauthn:extension:minPinLength: true, webauthn:extension:prf: true, webauthn:virtualAuthenticators: true}
Session ID: 8a3c4761fb0c9044e17345ed0c3b4b94
[INFO ] 2024-10-22 15:22:08.046 - org.openqa.selenium.NoSuchElementException: no such element: Unable to locate element: {"method":"xpath","selector":"(//div[contains(@class,'oxd-table-cell oxd-padding-cell')]//div)[4]"}
  (Session info: chrome=129.0.6668.101)
For documentation on this error, please visit: https://www.selenium.dev/documentation/webdriver/troubleshooting/errors#no-such-element-exception
Build info: version: '4.10.0', revision: 'c14d967899'
System info: os.name: 'Windows 10', os.arch: 'amd64', os.version: '10.0', java.version: '17.0.10'
Driver info: org.openqa.selenium.chrome.ChromeDriver
Command: [8a3c4761fb0c9044e17345ed0c3b4b94, findElement {using=xpath, value=(//div[contains(@class,'oxd-table-cell oxd-padding-cell')]//div)[4]}]
Capabilities {acceptInsecureCerts: false, browserName: chrome, browserVersion: 129.0.6668.101, chrome: {chromedriverVersion: 129.0.6668.100 (cf58cba358d..., userDataDir: C:\Users\MARY~1.CRU\AppData...}, fedcm:accounts: true, goog:chromeOptions: {debuggerAddress: localhost:56722}, networkConnectionEnabled: false, pageLoadStrategy: normal, platformName: windows, proxy: Proxy(), se:cdp: ws://localhost:56722/devtoo..., se:cdpVersion: 129.0.6668.101, setWindowRect: true, strictFileInteractability: false, timeouts: {implicit: 0, pageLoad: 300000, script: 30000}, unhandledPromptBehavior: dismiss and notify, webauthn:extension:credBlob: true, webauthn:extension:largeBlob: true, webauthn:extension:minPinLength: true, webauthn:extension:prf: true, webauthn:virtualAuthenticators: true}
Session ID: 8a3c4761fb0c9044e17345ed0c3b4b94
[INFO ] 2024-10-22 15:22:08.047 - =================================== END TEST ===================================
