[INFO ] 2024-11-08 10:20:48.257 - =================================== START TEST ===================================
[INFO ] 2024-11-08 10:20:48.259 - Test Case report initialize for VerifysuccessfulAddofEE
[INFO ] 2024-11-08 10:21:21.232 - PASSED - Step 1 - username is displayed.
[INFO ] 2024-11-08 10:21:21.276 - PASSED - Step 2 - username is populated with Admin.
[INFO ] 2024-11-08 10:21:21.299 - PASSED - Step 3 - password is displayed.
[INFO ] 2024-11-08 10:21:21.373 - PASSED - Step 4 - password is populated with admin123.
[INFO ] 2024-11-08 10:21:22.488 - PASSED - Step 5 - loginButton was clicked.
[INFO ] 2024-11-08 10:21:23.823 - PASSED - Step 6 - tab_PIM was clicked.
[INFO ] 2024-11-08 10:21:24.239 - PASSED - Step 7 - addButton is visible.
[INFO ] 2024-11-08 10:21:24.901 - PASSED - Step 8 - addButton was clicked.
[INFO ] 2024-11-08 10:21:25.282 - PASSED - Step 9 - input_firstName is visible.
[INFO ] 2024-11-08 10:21:25.378 - PASSED - Step 10 - input_firstName is populated with Wesley.
[INFO ] 2024-11-08 10:21:25.463 - PASSED - Step 11 - input_middleName is populated with Garcia.
[INFO ] 2024-11-08 10:21:25.511 - PASSED - Step 12 - input_LastName is populated with Hayes.
[INFO ] 2024-11-08 10:21:25.620 - PASSED - Step 13 - input employee id was clicked.
[INFO ] 2024-11-08 10:21:25.634 - PASSED - Step 14 - input employee id for select all action is successful.
[INFO ] 2024-11-08 10:21:25.658 - PASSED - Step 15 - input employee id is populated with 93499.
[INFO ] 2024-11-08 10:21:25.703 - PASSED - Step 16 - Submit button was clicked.
[INFO ] 2024-11-08 10:21:35.754 - PASSED - Step 17 - Employee List button is visible.
[INFO ] 2024-11-08 10:21:36.166 - PASSED - Step 18 - Employee List button was clicked.
[INFO ] 2024-11-08 10:21:36.570 - PASSED - Step 19 - Employee ID value is populated with 93499.
[INFO ] 2024-11-08 10:21:36.616 - PASSED - Step 20 - Submit button was clicked.
[ERROR] 2024-11-08 10:21:54.563 - FAILED - org.openqa.selenium.NoSuchElementException: no such element: Unable to locate element: {"method":"xpath","selector":"//div[text()='93499']/parent::div"}
  (Session info: chrome=130.0.6723.71)
For documentation on this error, please visit: https://www.selenium.dev/documentation/webdriver/troubleshooting/errors#no-such-element-exception
Build info: version: '4.10.0', revision: 'c14d967899'
System info: os.name: 'Windows 10', os.arch: 'amd64', os.version: '10.0', java.version: '23.0.1'
Driver info: org.openqa.selenium.chrome.ChromeDriver
Command: [7d7e07f964dab1df8602e0145ed55afe, findElement {using=xpath, value=//div[text()='93499']/parent::div}]
Capabilities {acceptInsecureCerts: false, browserName: chrome, browserVersion: 130.0.6723.71, chrome: {chromedriverVersion: 130.0.6723.116 (6ac35f94ae3..., userDataDir: C:\Users\MARY~1.CRU\AppData...}, fedcm:accounts: true, goog:chromeOptions: {debuggerAddress: localhost:61346}, networkConnectionEnabled: false, pageLoadStrategy: normal, platformName: windows, proxy: Proxy(), se:cdp: ws://localhost:61346/devtoo..., se:cdpVersion: 130.0.6723.71, setWindowRect: true, strictFileInteractability: false, timeouts: {implicit: 0, pageLoad: 300000, script: 30000}, unhandledPromptBehavior: dismiss and notify, webauthn:extension:credBlob: true, webauthn:extension:largeBlob: true, webauthn:extension:minPinLength: true, webauthn:extension:prf: true, webauthn:virtualAuthenticators: true}
Session ID: 7d7e07f964dab1df8602e0145ed55afe
[INFO ] 2024-11-08 10:21:54.563 - org.openqa.selenium.NoSuchElementException: no such element: Unable to locate element: {"method":"xpath","selector":"//div[text()='93499']/parent::div"}
  (Session info: chrome=130.0.6723.71)
For documentation on this error, please visit: https://www.selenium.dev/documentation/webdriver/troubleshooting/errors#no-such-element-exception
Build info: version: '4.10.0', revision: 'c14d967899'
System info: os.name: 'Windows 10', os.arch: 'amd64', os.version: '10.0', java.version: '23.0.1'
Driver info: org.openqa.selenium.chrome.ChromeDriver
Command: [7d7e07f964dab1df8602e0145ed55afe, findElement {using=xpath, value=//div[text()='93499']/parent::div}]
Capabilities {acceptInsecureCerts: false, browserName: chrome, browserVersion: 130.0.6723.71, chrome: {chromedriverVersion: 130.0.6723.116 (6ac35f94ae3..., userDataDir: C:\Users\MARY~1.CRU\AppData...}, fedcm:accounts: true, goog:chromeOptions: {debuggerAddress: localhost:61346}, networkConnectionEnabled: false, pageLoadStrategy: normal, platformName: windows, proxy: Proxy(), se:cdp: ws://localhost:61346/devtoo..., se:cdpVersion: 130.0.6723.71, setWindowRect: true, strictFileInteractability: false, timeouts: {implicit: 0, pageLoad: 300000, script: 30000}, unhandledPromptBehavior: dismiss and notify, webauthn:extension:credBlob: true, webauthn:extension:largeBlob: true, webauthn:extension:minPinLength: true, webauthn:extension:prf: true, webauthn:virtualAuthenticators: true}
Session ID: 7d7e07f964dab1df8602e0145ed55afe
[INFO ] 2024-11-08 10:21:54.563 - =================================== END TEST ===================================
