[INFO ] 2024-11-07 11:47:16.229 - =================================== START TEST ===================================
[INFO ] 2024-11-07 11:47:16.236 - Test Case report initialize for VerifyAddEEviaDataImport
[INFO ] 2024-11-07 11:47:49.366 - PASSED - Step 1 - username is displayed.
[INFO ] 2024-11-07 11:47:49.417 - PASSED - Step 2 - username is populated with Admin.
[INFO ] 2024-11-07 11:47:49.443 - PASSED - Step 3 - password is displayed.
[INFO ] 2024-11-07 11:47:49.504 - PASSED - Step 4 - password is populated with admin123.
[INFO ] 2024-11-07 11:47:50.603 - PASSED - Step 5 - loginButton was clicked.
[INFO ] 2024-11-07 11:47:51.002 - PASSED - Step 6 - tab_PIM is visible.
[INFO ] 2024-11-07 11:47:51.945 - PASSED - Step 7 - tab_PIM was clicked.
[INFO ] 2024-11-07 11:47:52.547 - PASSED - Step 8 - Configuration tab is visible.
[INFO ] 2024-11-07 11:47:52.591 - PASSED - Step 9 - Configuration tab was clicked.
[INFO ] 2024-11-07 11:47:53.157 - PASSED - Step 10 - Configuration tab options is visible.
[INFO ] 2024-11-07 11:47:53.573 - PASSED - Step 11 - Configuration tab options was clicked.
[INFO ] 2024-11-07 11:47:53.984 - PASSED - Step 12 - browse button is visible.
[INFO ] 2024-11-07 11:47:54.020 - PASSED - Step 13 - browse button was clicked.
[ERROR] 2024-11-07 11:48:06.587 - FAILED - org.openqa.selenium.NoSuchElementException: no such element: Unable to locate element: {"method":"xpath","selector":"//text[contains(@accessiblename,'File')]"}
  (Session info: chrome=130.0.6723.71)
For documentation on this error, please visit: https://www.selenium.dev/documentation/webdriver/troubleshooting/errors#no-such-element-exception
Build info: version: '4.10.0', revision: 'c14d967899'
System info: os.name: 'Windows 10', os.arch: 'amd64', os.version: '10.0', java.version: '17.0.10'
Driver info: org.openqa.selenium.chrome.ChromeDriver
Command: [520e59290b8409b3d24d603f09ac2cef, findElement {using=xpath, value=//text[contains(@accessiblename,'File')]}]
Capabilities {acceptInsecureCerts: false, browserName: chrome, browserVersion: 130.0.6723.71, chrome: {chromedriverVersion: 130.0.6723.116 (6ac35f94ae3..., userDataDir: C:\Users\MARY~1.CRU\AppData...}, fedcm:accounts: true, goog:chromeOptions: {debuggerAddress: localhost:57417}, networkConnectionEnabled: false, pageLoadStrategy: normal, platformName: windows, proxy: Proxy(), se:cdp: ws://localhost:57417/devtoo..., se:cdpVersion: 130.0.6723.71, setWindowRect: true, strictFileInteractability: false, timeouts: {implicit: 0, pageLoad: 300000, script: 30000}, unhandledPromptBehavior: dismiss and notify, webauthn:extension:credBlob: true, webauthn:extension:largeBlob: true, webauthn:extension:minPinLength: true, webauthn:extension:prf: true, webauthn:virtualAuthenticators: true}
Session ID: 520e59290b8409b3d24d603f09ac2cef
[INFO ] 2024-11-07 11:48:06.587 - org.openqa.selenium.NoSuchElementException: no such element: Unable to locate element: {"method":"xpath","selector":"//text[contains(@accessiblename,'File')]"}
  (Session info: chrome=130.0.6723.71)
For documentation on this error, please visit: https://www.selenium.dev/documentation/webdriver/troubleshooting/errors#no-such-element-exception
Build info: version: '4.10.0', revision: 'c14d967899'
System info: os.name: 'Windows 10', os.arch: 'amd64', os.version: '10.0', java.version: '17.0.10'
Driver info: org.openqa.selenium.chrome.ChromeDriver
Command: [520e59290b8409b3d24d603f09ac2cef, findElement {using=xpath, value=//text[contains(@accessiblename,'File')]}]
Capabilities {acceptInsecureCerts: false, browserName: chrome, browserVersion: 130.0.6723.71, chrome: {chromedriverVersion: 130.0.6723.116 (6ac35f94ae3..., userDataDir: C:\Users\MARY~1.CRU\AppData...}, fedcm:accounts: true, goog:chromeOptions: {debuggerAddress: localhost:57417}, networkConnectionEnabled: false, pageLoadStrategy: normal, platformName: windows, proxy: Proxy(), se:cdp: ws://localhost:57417/devtoo..., se:cdpVersion: 130.0.6723.71, setWindowRect: true, strictFileInteractability: false, timeouts: {implicit: 0, pageLoad: 300000, script: 30000}, unhandledPromptBehavior: dismiss and notify, webauthn:extension:credBlob: true, webauthn:extension:largeBlob: true, webauthn:extension:minPinLength: true, webauthn:extension:prf: true, webauthn:virtualAuthenticators: true}
Session ID: 520e59290b8409b3d24d603f09ac2cef
[INFO ] 2024-11-07 11:48:06.588 - =================================== END TEST ===================================
