[INFO ] 2024-10-08 09:41:14.849 - =================================== START TEST ===================================
[INFO ] 2024-10-08 09:41:14.863 - Test Case report initialize for VerifysuccessfulAddofClaim
[INFO ] 2024-10-08 09:41:39.043 - PASSED - Step 1 - username is displayed.
[INFO ] 2024-10-08 09:41:39.109 - PASSED - Step 2 - username is populated with Admin.
[INFO ] 2024-10-08 09:41:39.148 - PASSED - Step 3 - password is displayed.
[INFO ] 2024-10-08 09:41:39.245 - PASSED - Step 4 - password is populated with admin123.
[INFO ] 2024-10-08 09:41:40.526 - PASSED - Step 5 - loginButton was clicked.
[INFO ] 2024-10-08 09:41:41.849 - PASSED - Step 6 - tab_Claim was clicked.
[INFO ] 2024-10-08 09:41:42.859 - PASSED - Step 7 - Submit Claim button was clicked.
[INFO ] 2024-10-08 09:41:43.239 - PASSED - Step 8 - Event dropdown is visible.
[INFO ] 2024-10-08 09:41:43.283 - PASSED - Step 9 - Event dropdown was clicked.
[INFO ] 2024-10-08 09:41:43.327 - PASSED - Step 10 - Listboxdropdown is visible.
[INFO ] 2024-10-08 09:41:43.620 - PASSED - Step 11 - Listbox Event options is visible.
[INFO ] 2024-10-08 09:41:43.667 - PASSED - Step 12 - Listbox Event options was clicked.
[ERROR] 2024-10-08 09:41:56.379 - FAILED - org.openqa.selenium.NoSuchElementException: no such element: Unable to locate element: {"method":"xpath","selector":"//i[@class='oxd-icon bi-caret-down-fill oxd-select-text--arrow'][2]"}
  (Session info: chrome=129.0.6668.90)
For documentation on this error, please visit: https://www.selenium.dev/documentation/webdriver/troubleshooting/errors#no-such-element-exception
Build info: version: '4.10.0', revision: 'c14d967899'
System info: os.name: 'Windows 10', os.arch: 'amd64', os.version: '10.0', java.version: '17.0.10'
Driver info: org.openqa.selenium.chrome.ChromeDriver
Command: [4b5b09d9771d782a860b6c18b93e9cc4, findElement {using=xpath, value=//i[@class='oxd-icon bi-caret-down-fill oxd-select-text--arrow'][2]}]
Capabilities {acceptInsecureCerts: false, browserName: chrome, browserVersion: 129.0.6668.90, chrome: {chromedriverVersion: 129.0.6668.89 (951c0b97221f..., userDataDir: C:\Users\MARY~1.CRU\AppData...}, fedcm:accounts: true, goog:chromeOptions: {debuggerAddress: localhost:56869}, networkConnectionEnabled: false, pageLoadStrategy: normal, platformName: windows, proxy: Proxy(), se:cdp: ws://localhost:56869/devtoo..., se:cdpVersion: 129.0.6668.90, setWindowRect: true, strictFileInteractability: false, timeouts: {implicit: 0, pageLoad: 300000, script: 30000}, unhandledPromptBehavior: dismiss and notify, webauthn:extension:credBlob: true, webauthn:extension:largeBlob: true, webauthn:extension:minPinLength: true, webauthn:extension:prf: true, webauthn:virtualAuthenticators: true}
Session ID: 4b5b09d9771d782a860b6c18b93e9cc4
[INFO ] 2024-10-08 09:41:56.380 - org.openqa.selenium.NoSuchElementException: no such element: Unable to locate element: {"method":"xpath","selector":"//i[@class='oxd-icon bi-caret-down-fill oxd-select-text--arrow'][2]"}
  (Session info: chrome=129.0.6668.90)
For documentation on this error, please visit: https://www.selenium.dev/documentation/webdriver/troubleshooting/errors#no-such-element-exception
Build info: version: '4.10.0', revision: 'c14d967899'
System info: os.name: 'Windows 10', os.arch: 'amd64', os.version: '10.0', java.version: '17.0.10'
Driver info: org.openqa.selenium.chrome.ChromeDriver
Command: [4b5b09d9771d782a860b6c18b93e9cc4, findElement {using=xpath, value=//i[@class='oxd-icon bi-caret-down-fill oxd-select-text--arrow'][2]}]
Capabilities {acceptInsecureCerts: false, browserName: chrome, browserVersion: 129.0.6668.90, chrome: {chromedriverVersion: 129.0.6668.89 (951c0b97221f..., userDataDir: C:\Users\MARY~1.CRU\AppData...}, fedcm:accounts: true, goog:chromeOptions: {debuggerAddress: localhost:56869}, networkConnectionEnabled: false, pageLoadStrategy: normal, platformName: windows, proxy: Proxy(), se:cdp: ws://localhost:56869/devtoo..., se:cdpVersion: 129.0.6668.90, setWindowRect: true, strictFileInteractability: false, timeouts: {implicit: 0, pageLoad: 300000, script: 30000}, unhandledPromptBehavior: dismiss and notify, webauthn:extension:credBlob: true, webauthn:extension:largeBlob: true, webauthn:extension:minPinLength: true, webauthn:extension:prf: true, webauthn:virtualAuthenticators: true}
Session ID: 4b5b09d9771d782a860b6c18b93e9cc4
[INFO ] 2024-10-08 09:41:56.381 - =================================== END TEST ===================================
