[INFO ] 2024-10-08 10:42:42.402 - =================================== START TEST ===================================
[INFO ] 2024-10-08 10:42:42.413 - Test Case report initialize for VerifysuccessfulAddofClaim
[INFO ] 2024-10-08 10:42:49.207 - PASSED - Step 1 - username is displayed.
[INFO ] 2024-10-08 10:42:49.270 - PASSED - Step 2 - username is populated with Admin.
[INFO ] 2024-10-08 10:42:49.307 - PASSED - Step 3 - password is displayed.
[INFO ] 2024-10-08 10:42:49.392 - PASSED - Step 4 - password is populated with admin123.
[INFO ] 2024-10-08 10:42:50.631 - PASSED - Step 5 - loginButton was clicked.
[INFO ] 2024-10-08 10:42:52.170 - PASSED - Step 6 - tab_Claim was clicked.
[INFO ] 2024-10-08 10:42:53.230 - PASSED - Step 7 - Submit Claim button was clicked.
[INFO ] 2024-10-08 10:42:53.666 - PASSED - Step 8 - Event dropdown is visible.
[INFO ] 2024-10-08 10:42:53.718 - PASSED - Step 9 - Event dropdown was clicked.
[INFO ] 2024-10-08 10:42:53.755 - PASSED - Step 10 - Listboxdropdown is visible.
[INFO ] 2024-10-08 10:42:54.027 - PASSED - Step 11 - Listbox Event options is visible.
[INFO ] 2024-10-08 10:42:54.119 - PASSED - Step 12 - Listbox Event options was clicked.
[INFO ] 2024-10-08 10:42:54.174 - PASSED - Step 13 - Event dropdown was clicked.
[INFO ] 2024-10-08 10:42:54.244 - PASSED - Step 14 - Currency dropdown was clicked.
[INFO ] 2024-10-08 10:42:54.287 - PASSED - Step 15 - Listboxdropdown is visible.
[INFO ] 2024-10-08 10:42:54.327 - PASSED - Step 16 - Listbox Currency options is visible.
[INFO ] 2024-10-08 10:42:54.362 - PASSED - Step 17 - Listbox Currency options was clicked.
[INFO ] 2024-10-08 10:42:54.399 - PASSED - Step 18 - Currency dropdown was clicked.
[INFO ] 2024-10-08 10:42:54.437 - PASSED - Step 19 - Remarks Field description was clicked.
[ERROR] 2024-10-08 10:43:07.161 - FAILED - org.openqa.selenium.NoSuchElementException: no such element: Unable to locate element: {"method":"xpath","selector":"//textarea[@class='oxd-textarea oxd-textarea--active oxd-textarea--resize-vertical']"}
  (Session info: chrome=129.0.6668.90)
For documentation on this error, please visit: https://www.selenium.dev/documentation/webdriver/troubleshooting/errors#no-such-element-exception
Build info: version: '4.10.0', revision: 'c14d967899'
System info: os.name: 'Windows 10', os.arch: 'amd64', os.version: '10.0', java.version: '17.0.10'
Driver info: org.openqa.selenium.chrome.ChromeDriver
Command: [b9248aef4e9bd8278bd59624e206bbb6, findElement {using=xpath, value=//textarea[@class='oxd-textarea oxd-textarea--active oxd-textarea--resize-vertical']}]
Capabilities {acceptInsecureCerts: false, browserName: chrome, browserVersion: 129.0.6668.90, chrome: {chromedriverVersion: 129.0.6668.89 (951c0b97221f..., userDataDir: C:\Users\MARY~1.CRU\AppData...}, fedcm:accounts: true, goog:chromeOptions: {debuggerAddress: localhost:59487}, networkConnectionEnabled: false, pageLoadStrategy: normal, platformName: windows, proxy: Proxy(), se:cdp: ws://localhost:59487/devtoo..., se:cdpVersion: 129.0.6668.90, setWindowRect: true, strictFileInteractability: false, timeouts: {implicit: 0, pageLoad: 300000, script: 30000}, unhandledPromptBehavior: dismiss and notify, webauthn:extension:credBlob: true, webauthn:extension:largeBlob: true, webauthn:extension:minPinLength: true, webauthn:extension:prf: true, webauthn:virtualAuthenticators: true}
Session ID: b9248aef4e9bd8278bd59624e206bbb6
[INFO ] 2024-10-08 10:43:07.162 - org.openqa.selenium.NoSuchElementException: no such element: Unable to locate element: {"method":"xpath","selector":"//textarea[@class='oxd-textarea oxd-textarea--active oxd-textarea--resize-vertical']"}
  (Session info: chrome=129.0.6668.90)
For documentation on this error, please visit: https://www.selenium.dev/documentation/webdriver/troubleshooting/errors#no-such-element-exception
Build info: version: '4.10.0', revision: 'c14d967899'
System info: os.name: 'Windows 10', os.arch: 'amd64', os.version: '10.0', java.version: '17.0.10'
Driver info: org.openqa.selenium.chrome.ChromeDriver
Command: [b9248aef4e9bd8278bd59624e206bbb6, findElement {using=xpath, value=//textarea[@class='oxd-textarea oxd-textarea--active oxd-textarea--resize-vertical']}]
Capabilities {acceptInsecureCerts: false, browserName: chrome, browserVersion: 129.0.6668.90, chrome: {chromedriverVersion: 129.0.6668.89 (951c0b97221f..., userDataDir: C:\Users\MARY~1.CRU\AppData...}, fedcm:accounts: true, goog:chromeOptions: {debuggerAddress: localhost:59487}, networkConnectionEnabled: false, pageLoadStrategy: normal, platformName: windows, proxy: Proxy(), se:cdp: ws://localhost:59487/devtoo..., se:cdpVersion: 129.0.6668.90, setWindowRect: true, strictFileInteractability: false, timeouts: {implicit: 0, pageLoad: 300000, script: 30000}, unhandledPromptBehavior: dismiss and notify, webauthn:extension:credBlob: true, webauthn:extension:largeBlob: true, webauthn:extension:minPinLength: true, webauthn:extension:prf: true, webauthn:virtualAuthenticators: true}
Session ID: b9248aef4e9bd8278bd59624e206bbb6
[INFO ] 2024-10-08 10:43:07.163 - =================================== END TEST ===================================
