[INFO ] 2024-11-08 11:03:18.665 - =================================== START TEST ===================================
[INFO ] 2024-11-08 11:03:18.673 - Test Case report initialize for VerifyUnsuccesfulDownloadofEE
[INFO ] 2024-11-08 11:03:51.829 - PASSED - Step 1 - username is displayed.
[INFO ] 2024-11-08 11:03:51.871 - PASSED - Step 2 - username is populated with Admin.
[INFO ] 2024-11-08 11:03:51.901 - PASSED - Step 3 - password is displayed.
[INFO ] 2024-11-08 11:03:51.955 - PASSED - Step 4 - password is populated with admin123.
[INFO ] 2024-11-08 11:03:53.038 - PASSED - Step 5 - loginButton was clicked.
[INFO ] 2024-11-08 11:03:53.430 - PASSED - Step 6 - My Info Tab is visible.
[INFO ] 2024-11-08 11:03:54.460 - PASSED - Step 7 - My Info Tab was clicked.
[INFO ] 2024-11-08 11:03:54.854 - PASSED - Step 8 - Employee full name is visible.
[INFO ] 2024-11-08 11:03:57.901 - PASSED - Step 9 - manda
[INFO ] 2024-11-08 11:03:57.937 - PASSED - Step 10 - tab_Maintenance is visible.
[INFO ] 2024-11-08 11:03:58.740 - PASSED - Step 11 - tab_Maintenance was clicked.
[INFO ] 2024-11-08 11:03:59.162 - PASSED - Step 12 - password is visible.
[INFO ] 2024-11-08 11:03:59.194 - PASSED - Step 13 - password is populated with admin123.
[INFO ] 2024-11-08 11:03:59.229 - PASSED - Step 14 - Submit button is visible.
[INFO ] 2024-11-08 11:03:59.260 - PASSED - Step 15 - Submit button was clicked.
[INFO ] 2024-11-08 11:04:02.300 - PASSED - Step 16 - Header Access Records is visible.
[INFO ] 2024-11-08 11:04:02.747 - PASSED - Step 17 - Header Access Records was clicked.
[INFO ] 2024-11-08 11:04:03.177 - PASSED - Step 18 - Input for Download Personal Data is visible.
[INFO ] 2024-11-08 11:04:04.494 - PASSED - Step 19 - Submit button was clicked.
[INFO ] 2024-11-08 11:04:07.560 - PASSED - Step 20 - Download button is visible.
[INFO ] 2024-11-08 11:04:07.620 - PASSED - Step 21 - Download button was clicked.
[ERROR] 2024-11-08 11:04:23.314 - FAILED - org.openqa.selenium.NoSuchElementException: no such element: Unable to locate element: {"method":"xpath","selector":"//span[text()='This page isn’t working']/ancestor::div//div[@id='main-message']"}
  (Session info: chrome=130.0.6723.71)
For documentation on this error, please visit: https://www.selenium.dev/documentation/webdriver/troubleshooting/errors#no-such-element-exception
Build info: version: '4.10.0', revision: 'c14d967899'
System info: os.name: 'Windows 10', os.arch: 'amd64', os.version: '10.0', java.version: '23.0.1'
Driver info: org.openqa.selenium.chrome.ChromeDriver
Command: [13dbf2bd65b70bcaf3e178bf6bdb0751, findElement {using=xpath, value=//span[text()='This page isn’t working']/ancestor::div//div[@id='main-message']}]
Capabilities {acceptInsecureCerts: false, browserName: chrome, browserVersion: 130.0.6723.71, chrome: {chromedriverVersion: 130.0.6723.116 (6ac35f94ae3..., userDataDir: C:\Users\MARY~1.CRU\AppData...}, fedcm:accounts: true, goog:chromeOptions: {debuggerAddress: localhost:64599}, networkConnectionEnabled: false, pageLoadStrategy: normal, platformName: windows, proxy: Proxy(), se:cdp: ws://localhost:64599/devtoo..., se:cdpVersion: 130.0.6723.71, setWindowRect: true, strictFileInteractability: false, timeouts: {implicit: 0, pageLoad: 300000, script: 30000}, unhandledPromptBehavior: dismiss and notify, webauthn:extension:credBlob: true, webauthn:extension:largeBlob: true, webauthn:extension:minPinLength: true, webauthn:extension:prf: true, webauthn:virtualAuthenticators: true}
Session ID: 13dbf2bd65b70bcaf3e178bf6bdb0751
[INFO ] 2024-11-08 11:04:23.315 - org.openqa.selenium.NoSuchElementException: no such element: Unable to locate element: {"method":"xpath","selector":"//span[text()='This page isn’t working']/ancestor::div//div[@id='main-message']"}
  (Session info: chrome=130.0.6723.71)
For documentation on this error, please visit: https://www.selenium.dev/documentation/webdriver/troubleshooting/errors#no-such-element-exception
Build info: version: '4.10.0', revision: 'c14d967899'
System info: os.name: 'Windows 10', os.arch: 'amd64', os.version: '10.0', java.version: '23.0.1'
Driver info: org.openqa.selenium.chrome.ChromeDriver
Command: [13dbf2bd65b70bcaf3e178bf6bdb0751, findElement {using=xpath, value=//span[text()='This page isn’t working']/ancestor::div//div[@id='main-message']}]
Capabilities {acceptInsecureCerts: false, browserName: chrome, browserVersion: 130.0.6723.71, chrome: {chromedriverVersion: 130.0.6723.116 (6ac35f94ae3..., userDataDir: C:\Users\MARY~1.CRU\AppData...}, fedcm:accounts: true, goog:chromeOptions: {debuggerAddress: localhost:64599}, networkConnectionEnabled: false, pageLoadStrategy: normal, platformName: windows, proxy: Proxy(), se:cdp: ws://localhost:64599/devtoo..., se:cdpVersion: 130.0.6723.71, setWindowRect: true, strictFileInteractability: false, timeouts: {implicit: 0, pageLoad: 300000, script: 30000}, unhandledPromptBehavior: dismiss and notify, webauthn:extension:credBlob: true, webauthn:extension:largeBlob: true, webauthn:extension:minPinLength: true, webauthn:extension:prf: true, webauthn:virtualAuthenticators: true}
Session ID: 13dbf2bd65b70bcaf3e178bf6bdb0751
[INFO ] 2024-11-08 11:04:23.315 - =================================== END TEST ===================================
