[INFO ] 2024-10-08 11:20:47.100 - =================================== START TEST ===================================
[INFO ] 2024-10-08 11:20:47.112 - Test Case report initialize for VerifysuccessfulAddofClaim
[INFO ] 2024-10-08 11:20:53.870 - PASSED - Step 1 - username is displayed.
[INFO ] 2024-10-08 11:20:53.964 - PASSED - Step 2 - username is populated with Admin.
[INFO ] 2024-10-08 11:20:53.996 - PASSED - Step 3 - password is displayed.
[INFO ] 2024-10-08 11:20:54.076 - PASSED - Step 4 - password is populated with admin123.
[INFO ] 2024-10-08 11:20:55.439 - PASSED - Step 5 - loginButton was clicked.
[INFO ] 2024-10-08 11:20:58.043 - PASSED - Step 6 - tab_Claim was clicked.
[INFO ] 2024-10-08 11:20:58.970 - PASSED - Step 7 - Submit Claim button was clicked.
[INFO ] 2024-10-08 11:20:59.420 - PASSED - Step 8 - Event dropdown is visible.
[INFO ] 2024-10-08 11:20:59.472 - PASSED - Step 9 - Event dropdown was clicked.
[INFO ] 2024-10-08 11:20:59.513 - PASSED - Step 10 - Listboxdropdown is visible.
[INFO ] 2024-10-08 11:20:59.807 - PASSED - Step 11 - Listbox Event options is visible.
[INFO ] 2024-10-08 11:20:59.884 - PASSED - Step 12 - Listbox Event options was clicked.
[INFO ] 2024-10-08 11:20:59.933 - PASSED - Step 13 - Event dropdown was clicked.
[INFO ] 2024-10-08 11:20:59.985 - PASSED - Step 14 - Currency dropdown was clicked.
[INFO ] 2024-10-08 11:21:00.027 - PASSED - Step 15 - Listboxdropdown is visible.
[INFO ] 2024-10-08 11:21:00.069 - PASSED - Step 16 - Listbox Currency options is visible.
[INFO ] 2024-10-08 11:21:00.114 - PASSED - Step 17 - Listbox Currency options was clicked.
[INFO ] 2024-10-08 11:21:00.156 - PASSED - Step 18 - Currency dropdown was clicked.
[INFO ] 2024-10-08 11:21:00.249 - PASSED - Step 19 - Remarks Field description is populated with Remarks Description Test.
[INFO ] 2024-10-08 11:21:00.292 - PASSED - Step 20 - button Save/Create was clicked.
[INFO ] 2024-10-08 11:21:09.754 - PASSED - Step 21 - Submit claim header is displayed.
[ERROR] 2024-10-08 11:21:13.661 - FAILED - org.openqa.selenium.InvalidSelectorException: invalid selector
from javascript error: {"status":32,"value":"Unable to locate an element with the xpath expression //label[text()='Status']/parent::div/following-sibling::div//input'] because of the following error:\nSyntaxError: Failed to execute 'evaluate' on 'Document': The string '//label[text()='Status']/parent::div/following-sibling::div//input']' is not a valid XPath expression."}
  (Session info: chrome=129.0.6668.90)
For documentation on this error, please visit: https://www.selenium.dev/documentation/webdriver/troubleshooting/errors#invalid-selector-exception
Build info: version: '4.10.0', revision: 'c14d967899'
System info: os.name: 'Windows 10', os.arch: 'amd64', os.version: '10.0', java.version: '17.0.10'
Driver info: org.openqa.selenium.chrome.ChromeDriver
Command: [1140680c24de71465ebbcf6be906abca, findElement {using=xpath, value=//label[text()='Status']/parent::div/following-sibling::div//input']}]
Capabilities {acceptInsecureCerts: false, browserName: chrome, browserVersion: 129.0.6668.90, chrome: {chromedriverVersion: 129.0.6668.89 (951c0b97221f..., userDataDir: C:\Users\MARY~1.CRU\AppData...}, fedcm:accounts: true, goog:chromeOptions: {debuggerAddress: localhost:63649}, networkConnectionEnabled: false, pageLoadStrategy: normal, platformName: windows, proxy: Proxy(), se:cdp: ws://localhost:63649/devtoo..., se:cdpVersion: 129.0.6668.90, setWindowRect: true, strictFileInteractability: false, timeouts: {implicit: 0, pageLoad: 300000, script: 30000}, unhandledPromptBehavior: dismiss and notify, webauthn:extension:credBlob: true, webauthn:extension:largeBlob: true, webauthn:extension:minPinLength: true, webauthn:extension:prf: true, webauthn:virtualAuthenticators: true}
Session ID: 1140680c24de71465ebbcf6be906abca
[INFO ] 2024-10-08 11:21:13.661 - org.openqa.selenium.InvalidSelectorException: invalid selector
from javascript error: {"status":32,"value":"Unable to locate an element with the xpath expression //label[text()='Status']/parent::div/following-sibling::div//input'] because of the following error:\nSyntaxError: Failed to execute 'evaluate' on 'Document': The string '//label[text()='Status']/parent::div/following-sibling::div//input']' is not a valid XPath expression."}
  (Session info: chrome=129.0.6668.90)
For documentation on this error, please visit: https://www.selenium.dev/documentation/webdriver/troubleshooting/errors#invalid-selector-exception
Build info: version: '4.10.0', revision: 'c14d967899'
System info: os.name: 'Windows 10', os.arch: 'amd64', os.version: '10.0', java.version: '17.0.10'
Driver info: org.openqa.selenium.chrome.ChromeDriver
Command: [1140680c24de71465ebbcf6be906abca, findElement {using=xpath, value=//label[text()='Status']/parent::div/following-sibling::div//input']}]
Capabilities {acceptInsecureCerts: false, browserName: chrome, browserVersion: 129.0.6668.90, chrome: {chromedriverVersion: 129.0.6668.89 (951c0b97221f..., userDataDir: C:\Users\MARY~1.CRU\AppData...}, fedcm:accounts: true, goog:chromeOptions: {debuggerAddress: localhost:63649}, networkConnectionEnabled: false, pageLoadStrategy: normal, platformName: windows, proxy: Proxy(), se:cdp: ws://localhost:63649/devtoo..., se:cdpVersion: 129.0.6668.90, setWindowRect: true, strictFileInteractability: false, timeouts: {implicit: 0, pageLoad: 300000, script: 30000}, unhandledPromptBehavior: dismiss and notify, webauthn:extension:credBlob: true, webauthn:extension:largeBlob: true, webauthn:extension:minPinLength: true, webauthn:extension:prf: true, webauthn:virtualAuthenticators: true}
Session ID: 1140680c24de71465ebbcf6be906abca
[INFO ] 2024-10-08 11:21:13.662 - =================================== END TEST ===================================
