[INFO ] 2024-10-08 13:59:35.995 - =================================== START TEST ===================================
[INFO ] 2024-10-08 13:59:36.011 - Test Case report initialize for VerifysuccessfulAddofClaim
[INFO ] 2024-10-08 13:59:43.152 - PASSED - Step 1 - username is displayed.
[INFO ] 2024-10-08 13:59:43.249 - PASSED - Step 2 - username is populated with Admin.
[INFO ] 2024-10-08 13:59:43.304 - PASSED - Step 3 - password is displayed.
[INFO ] 2024-10-08 13:59:43.404 - PASSED - Step 4 - password is populated with admin123.
[INFO ] 2024-10-08 13:59:44.645 - PASSED - Step 5 - loginButton was clicked.
[INFO ] 2024-10-08 13:59:46.020 - PASSED - Step 6 - tab_Claim was clicked.
[INFO ] 2024-10-08 13:59:46.958 - PASSED - Step 7 - Submit Claim button was clicked.
[INFO ] 2024-10-08 13:59:47.438 - PASSED - Step 8 - Event dropdown is visible.
[INFO ] 2024-10-08 13:59:47.507 - PASSED - Step 9 - Event dropdown was clicked.
[INFO ] 2024-10-08 13:59:47.584 - PASSED - Step 10 - Listboxdropdown is visible.
[INFO ] 2024-10-08 13:59:47.813 - PASSED - Step 11 - Listbox Event options is visible.
[INFO ] 2024-10-08 13:59:47.877 - PASSED - Step 12 - Listbox Event options was clicked.
[INFO ] 2024-10-08 13:59:47.928 - PASSED - Step 13 - Event dropdown was clicked.
[INFO ] 2024-10-08 13:59:48.009 - PASSED - Step 14 - Currency dropdown was clicked.
[INFO ] 2024-10-08 13:59:48.063 - PASSED - Step 15 - Listboxdropdown is visible.
[INFO ] 2024-10-08 13:59:48.125 - PASSED - Step 16 - Listbox Currency options is visible.
[INFO ] 2024-10-08 13:59:48.179 - PASSED - Step 17 - Listbox Currency options was clicked.
[INFO ] 2024-10-08 13:59:48.249 - PASSED - Step 18 - Currency dropdown was clicked.
[INFO ] 2024-10-08 13:59:48.382 - PASSED - Step 19 - Remarks Field description is populated with Remarks Description Test.
[INFO ] 2024-10-08 13:59:48.455 - PASSED - Step 20 - button Save/Create was clicked.
[INFO ] 2024-10-08 13:59:52.233 - PASSED - Step 21 - Submit claim header is displayed.
[INFO ] 2024-10-08 13:59:52.700 - PASSED - Step 22 - addButton was clicked.
[INFO ] 2024-10-08 13:59:52.796 - PASSED - Step 23 - Add expense tab is visible.
[ERROR] 2024-10-08 14:00:05.750 - FAILED - org.openqa.selenium.NoSuchElementException: no such element: Unable to locate element: {"method":"xpath","selector":"//input[@placeholder='yyyy-dd-mm']"}
  (Session info: chrome=129.0.6668.90)
For documentation on this error, please visit: https://www.selenium.dev/documentation/webdriver/troubleshooting/errors#no-such-element-exception
Build info: version: '4.10.0', revision: 'c14d967899'
System info: os.name: 'Windows 10', os.arch: 'amd64', os.version: '10.0', java.version: '17.0.10'
Driver info: org.openqa.selenium.chrome.ChromeDriver
Command: [95abe0cca3ae52bc87ba49c6dd7729db, findElement {using=xpath, value=//input[@placeholder='yyyy-dd-mm']}]
Capabilities {acceptInsecureCerts: false, browserName: chrome, browserVersion: 129.0.6668.90, chrome: {chromedriverVersion: 129.0.6668.89 (951c0b97221f..., userDataDir: C:\Users\MARY~1.CRU\AppData...}, fedcm:accounts: true, goog:chromeOptions: {debuggerAddress: localhost:49958}, networkConnectionEnabled: false, pageLoadStrategy: normal, platformName: windows, proxy: Proxy(), se:cdp: ws://localhost:49958/devtoo..., se:cdpVersion: 129.0.6668.90, setWindowRect: true, strictFileInteractability: false, timeouts: {implicit: 0, pageLoad: 300000, script: 30000}, unhandledPromptBehavior: dismiss and notify, webauthn:extension:credBlob: true, webauthn:extension:largeBlob: true, webauthn:extension:minPinLength: true, webauthn:extension:prf: true, webauthn:virtualAuthenticators: true}
Session ID: 95abe0cca3ae52bc87ba49c6dd7729db
[INFO ] 2024-10-08 14:00:05.752 - org.openqa.selenium.NoSuchElementException: no such element: Unable to locate element: {"method":"xpath","selector":"//input[@placeholder='yyyy-dd-mm']"}
  (Session info: chrome=129.0.6668.90)
For documentation on this error, please visit: https://www.selenium.dev/documentation/webdriver/troubleshooting/errors#no-such-element-exception
Build info: version: '4.10.0', revision: 'c14d967899'
System info: os.name: 'Windows 10', os.arch: 'amd64', os.version: '10.0', java.version: '17.0.10'
Driver info: org.openqa.selenium.chrome.ChromeDriver
Command: [95abe0cca3ae52bc87ba49c6dd7729db, findElement {using=xpath, value=//input[@placeholder='yyyy-dd-mm']}]
Capabilities {acceptInsecureCerts: false, browserName: chrome, browserVersion: 129.0.6668.90, chrome: {chromedriverVersion: 129.0.6668.89 (951c0b97221f..., userDataDir: C:\Users\MARY~1.CRU\AppData...}, fedcm:accounts: true, goog:chromeOptions: {debuggerAddress: localhost:49958}, networkConnectionEnabled: false, pageLoadStrategy: normal, platformName: windows, proxy: Proxy(), se:cdp: ws://localhost:49958/devtoo..., se:cdpVersion: 129.0.6668.90, setWindowRect: true, strictFileInteractability: false, timeouts: {implicit: 0, pageLoad: 300000, script: 30000}, unhandledPromptBehavior: dismiss and notify, webauthn:extension:credBlob: true, webauthn:extension:largeBlob: true, webauthn:extension:minPinLength: true, webauthn:extension:prf: true, webauthn:virtualAuthenticators: true}
Session ID: 95abe0cca3ae52bc87ba49c6dd7729db
[INFO ] 2024-10-08 14:00:05.752 - =================================== END TEST ===================================
