[INFO ] 2024-11-08 13:39:05.072 - =================================== START TEST ===================================
[INFO ] 2024-11-08 13:39:05.085 - Test Case report initialize for VerifyUnsuccesfulDownloadofEE
[INFO ] 2024-11-08 13:39:38.891 - PASSED - Step 1 - username is displayed.
[INFO ] 2024-11-08 13:39:38.950 - PASSED - Step 2 - username is populated with Admin.
[INFO ] 2024-11-08 13:39:38.996 - PASSED - Step 3 - password is displayed.
[INFO ] 2024-11-08 13:39:39.079 - PASSED - Step 4 - password is populated with admin123.
[INFO ] 2024-11-08 13:39:40.446 - PASSED - Step 5 - loginButton was clicked.
[INFO ] 2024-11-08 13:39:40.862 - PASSED - Step 6 - My Info Tab is visible.
[INFO ] 2024-11-08 13:39:41.860 - PASSED - Step 7 - My Info Tab was clicked.
[INFO ] 2024-11-08 13:39:42.291 - PASSED - Step 8 - Employee full name is visible.
[INFO ] 2024-11-08 13:39:45.337 - PASSED - Step 9 - John
[INFO ] 2024-11-08 13:39:45.380 - PASSED - Step 10 - tab_Maintenance is visible.
[INFO ] 2024-11-08 13:39:46.129 - PASSED - Step 11 - tab_Maintenance was clicked.
[INFO ] 2024-11-08 13:39:46.561 - PASSED - Step 12 - password is visible.
[INFO ] 2024-11-08 13:39:46.601 - PASSED - Step 13 - password is populated with admin123.
[INFO ] 2024-11-08 13:39:46.654 - PASSED - Step 14 - Submit button is visible.
[INFO ] 2024-11-08 13:39:47.732 - PASSED - Step 15 - Submit button was clicked.
[INFO ] 2024-11-08 13:39:50.791 - PASSED - Step 16 - Header Access Records is visible.
[INFO ] 2024-11-08 13:39:51.212 - PASSED - Step 17 - Header Access Records was clicked.
[INFO ] 2024-11-08 13:39:51.603 - PASSED - Step 18 - Input for Download Personal Data is visible.
[INFO ] 2024-11-08 13:39:52.969 - PASSED - Step 19 - Submit button was clicked.
[INFO ] 2024-11-08 13:39:56.021 - PASSED - Step 20 - Download button is visible.
[INFO ] 2024-11-08 13:39:56.086 - PASSED - Step 21 - Download button was clicked.
[ERROR] 2024-11-08 13:40:13.811 - FAILED - org.openqa.selenium.NoSuchElementException: no such element: Unable to locate element: {"method":"xpath","selector":"//body[@class='neterror']/ancestor::html"}
  (Session info: chrome=130.0.6723.71)
For documentation on this error, please visit: https://www.selenium.dev/documentation/webdriver/troubleshooting/errors#no-such-element-exception
Build info: version: '4.10.0', revision: 'c14d967899'
System info: os.name: 'Windows 10', os.arch: 'amd64', os.version: '10.0', java.version: '23.0.1'
Driver info: org.openqa.selenium.chrome.ChromeDriver
Command: [db4110c4be7deccb3687ab652c80dd69, findElement {using=xpath, value=//body[@class='neterror']/ancestor::html}]
Capabilities {acceptInsecureCerts: false, browserName: chrome, browserVersion: 130.0.6723.71, chrome: {chromedriverVersion: 130.0.6723.116 (6ac35f94ae3..., userDataDir: C:\Users\MARY~1.CRU\AppData...}, fedcm:accounts: true, goog:chromeOptions: {debuggerAddress: localhost:53777}, networkConnectionEnabled: false, pageLoadStrategy: normal, platformName: windows, proxy: Proxy(), se:cdp: ws://localhost:53777/devtoo..., se:cdpVersion: 130.0.6723.71, setWindowRect: true, strictFileInteractability: false, timeouts: {implicit: 0, pageLoad: 300000, script: 30000}, unhandledPromptBehavior: dismiss and notify, webauthn:extension:credBlob: true, webauthn:extension:largeBlob: true, webauthn:extension:minPinLength: true, webauthn:extension:prf: true, webauthn:virtualAuthenticators: true}
Session ID: db4110c4be7deccb3687ab652c80dd69
[INFO ] 2024-11-08 13:40:13.812 - org.openqa.selenium.NoSuchElementException: no such element: Unable to locate element: {"method":"xpath","selector":"//body[@class='neterror']/ancestor::html"}
  (Session info: chrome=130.0.6723.71)
For documentation on this error, please visit: https://www.selenium.dev/documentation/webdriver/troubleshooting/errors#no-such-element-exception
Build info: version: '4.10.0', revision: 'c14d967899'
System info: os.name: 'Windows 10', os.arch: 'amd64', os.version: '10.0', java.version: '23.0.1'
Driver info: org.openqa.selenium.chrome.ChromeDriver
Command: [db4110c4be7deccb3687ab652c80dd69, findElement {using=xpath, value=//body[@class='neterror']/ancestor::html}]
Capabilities {acceptInsecureCerts: false, browserName: chrome, browserVersion: 130.0.6723.71, chrome: {chromedriverVersion: 130.0.6723.116 (6ac35f94ae3..., userDataDir: C:\Users\MARY~1.CRU\AppData...}, fedcm:accounts: true, goog:chromeOptions: {debuggerAddress: localhost:53777}, networkConnectionEnabled: false, pageLoadStrategy: normal, platformName: windows, proxy: Proxy(), se:cdp: ws://localhost:53777/devtoo..., se:cdpVersion: 130.0.6723.71, setWindowRect: true, strictFileInteractability: false, timeouts: {implicit: 0, pageLoad: 300000, script: 30000}, unhandledPromptBehavior: dismiss and notify, webauthn:extension:credBlob: true, webauthn:extension:largeBlob: true, webauthn:extension:minPinLength: true, webauthn:extension:prf: true, webauthn:virtualAuthenticators: true}
Session ID: db4110c4be7deccb3687ab652c80dd69
[INFO ] 2024-11-08 13:40:13.812 - =================================== END TEST ===================================
