[INFO ] 2024-11-07 15:53:45.180 - =================================== START TEST ===================================
[INFO ] 2024-11-07 15:53:45.197 - Test Case report initialize for VerifyUnsuccesfulDownloadofEE
[INFO ] 2024-11-07 15:54:18.013 - PASSED - Step 1 - username is displayed.
[INFO ] 2024-11-07 15:54:18.148 - PASSED - Step 2 - username is populated with Admin.
[INFO ] 2024-11-07 15:54:18.222 - PASSED - Step 3 - password is displayed.
[INFO ] 2024-11-07 15:54:18.393 - PASSED - Step 4 - password is populated with admin123.
[INFO ] 2024-11-07 15:54:19.707 - PASSED - Step 5 - loginButton was clicked.
[INFO ] 2024-11-07 15:54:20.195 - PASSED - Step 6 - My Info Tab is visible.
[INFO ] 2024-11-07 15:54:21.403 - PASSED - Step 7 - My Info Tab was clicked.
[INFO ] 2024-11-07 15:54:21.867 - PASSED - Step 8 - Employee full name is visible.
[INFO ] 2024-11-07 15:54:24.928 - PASSED - Step 9 - elik
[INFO ] 2024-11-07 15:54:25.010 - PASSED - Step 10 - tab_Maintenance is visible.
[INFO ] 2024-11-07 15:54:25.980 - PASSED - Step 11 - tab_Maintenance was clicked.
[INFO ] 2024-11-07 15:54:26.482 - PASSED - Step 12 - password is visible.
[INFO ] 2024-11-07 15:54:26.582 - PASSED - Step 13 - password is populated with admin123.
[INFO ] 2024-11-07 15:54:26.666 - PASSED - Step 14 - Submit button is visible.
[INFO ] 2024-11-07 15:54:27.951 - PASSED - Step 15 - Submit button was clicked.
[INFO ] 2024-11-07 15:54:31.042 - PASSED - Step 16 - Header Access Records is visible.
[INFO ] 2024-11-07 15:54:31.555 - PASSED - Step 17 - Header Access Records was clicked.
[INFO ] 2024-11-07 15:54:32.027 - PASSED - Step 18 - Input for Download Personal Data is visible.
[INFO ] 2024-11-07 15:54:33.633 - PASSED - Step 19 - Submit button was clicked.
[INFO ] 2024-11-07 15:54:36.724 - PASSED - Step 20 - Download button is visible.
[INFO ] 2024-11-07 15:54:36.871 - PASSED - Step 21 - Download button was clicked.
[ERROR] 2024-11-07 15:54:50.100 - FAILED - org.openqa.selenium.NoSuchElementException: no such element: Unable to locate element: {"method":"xpath","selector":"//span[text()='This page isn’t working']//ancestor::h1"}
  (Session info: chrome=130.0.6723.71)
For documentation on this error, please visit: https://www.selenium.dev/documentation/webdriver/troubleshooting/errors#no-such-element-exception
Build info: version: '4.10.0', revision: 'c14d967899'
System info: os.name: 'Windows 10', os.arch: 'amd64', os.version: '10.0', java.version: '17.0.10'
Driver info: org.openqa.selenium.chrome.ChromeDriver
Command: [5de19e1c32da33b408424c711b807ee5, findElement {using=xpath, value=//span[text()='This page isn’t working']//ancestor::h1}]
Capabilities {acceptInsecureCerts: false, browserName: chrome, browserVersion: 130.0.6723.71, chrome: {chromedriverVersion: 130.0.6723.116 (6ac35f94ae3..., userDataDir: C:\Users\MARY~1.CRU\AppData...}, fedcm:accounts: true, goog:chromeOptions: {debuggerAddress: localhost:58143}, networkConnectionEnabled: false, pageLoadStrategy: normal, platformName: windows, proxy: Proxy(), se:cdp: ws://localhost:58143/devtoo..., se:cdpVersion: 130.0.6723.71, setWindowRect: true, strictFileInteractability: false, timeouts: {implicit: 0, pageLoad: 300000, script: 30000}, unhandledPromptBehavior: dismiss and notify, webauthn:extension:credBlob: true, webauthn:extension:largeBlob: true, webauthn:extension:minPinLength: true, webauthn:extension:prf: true, webauthn:virtualAuthenticators: true}
Session ID: 5de19e1c32da33b408424c711b807ee5
[INFO ] 2024-11-07 15:54:50.103 - org.openqa.selenium.NoSuchElementException: no such element: Unable to locate element: {"method":"xpath","selector":"//span[text()='This page isn’t working']//ancestor::h1"}
  (Session info: chrome=130.0.6723.71)
For documentation on this error, please visit: https://www.selenium.dev/documentation/webdriver/troubleshooting/errors#no-such-element-exception
Build info: version: '4.10.0', revision: 'c14d967899'
System info: os.name: 'Windows 10', os.arch: 'amd64', os.version: '10.0', java.version: '17.0.10'
Driver info: org.openqa.selenium.chrome.ChromeDriver
Command: [5de19e1c32da33b408424c711b807ee5, findElement {using=xpath, value=//span[text()='This page isn’t working']//ancestor::h1}]
Capabilities {acceptInsecureCerts: false, browserName: chrome, browserVersion: 130.0.6723.71, chrome: {chromedriverVersion: 130.0.6723.116 (6ac35f94ae3..., userDataDir: C:\Users\MARY~1.CRU\AppData...}, fedcm:accounts: true, goog:chromeOptions: {debuggerAddress: localhost:58143}, networkConnectionEnabled: false, pageLoadStrategy: normal, platformName: windows, proxy: Proxy(), se:cdp: ws://localhost:58143/devtoo..., se:cdpVersion: 130.0.6723.71, setWindowRect: true, strictFileInteractability: false, timeouts: {implicit: 0, pageLoad: 300000, script: 30000}, unhandledPromptBehavior: dismiss and notify, webauthn:extension:credBlob: true, webauthn:extension:largeBlob: true, webauthn:extension:minPinLength: true, webauthn:extension:prf: true, webauthn:virtualAuthenticators: true}
Session ID: 5de19e1c32da33b408424c711b807ee5
[INFO ] 2024-11-07 15:54:50.104 - =================================== END TEST ===================================
