[INFO ] 2024-11-07 12:01:27.943 - =================================== START TEST ===================================
[INFO ] 2024-11-07 12:01:27.952 - Test Case report initialize for VerifyAddEEviaDataImport
[INFO ] 2024-11-07 12:02:02.223 - PASSED - Step 1 - username is displayed.
[INFO ] 2024-11-07 12:02:02.284 - PASSED - Step 2 - username is populated with Admin.
[INFO ] 2024-11-07 12:02:02.328 - PASSED - Step 3 - password is displayed.
[INFO ] 2024-11-07 12:02:02.403 - PASSED - Step 4 - password is populated with admin123.
[INFO ] 2024-11-07 12:02:02.469 - PASSED - Step 5 - loginButton was clicked.
[INFO ] 2024-11-07 12:02:04.132 - PASSED - Step 6 - tab_PIM is visible.
[INFO ] 2024-11-07 12:02:05.124 - PASSED - Step 7 - tab_PIM was clicked.
[INFO ] 2024-11-07 12:02:05.661 - PASSED - Step 8 - Configuration tab is visible.
[INFO ] 2024-11-07 12:02:05.702 - PASSED - Step 9 - Configuration tab was clicked.
[INFO ] 2024-11-07 12:02:06.252 - PASSED - Step 10 - Configuration tab options is visible.
[INFO ] 2024-11-07 12:02:06.657 - PASSED - Step 11 - Configuration tab options was clicked.
[INFO ] 2024-11-07 12:02:07.045 - PASSED - Step 12 - browse button is visible.
[INFO ] 2024-11-07 12:02:07.080 - PASSED - Step 13 - browse button was clicked.
[ERROR] 2024-11-07 12:02:19.699 - FAILED - org.openqa.selenium.NoSuchElementException: no such element: Unable to locate element: {"method":"xpath","selector":"//combobox[contains(@class,'ComboBox')]"}
  (Session info: chrome=130.0.6723.71)
For documentation on this error, please visit: https://www.selenium.dev/documentation/webdriver/troubleshooting/errors#no-such-element-exception
Build info: version: '4.10.0', revision: 'c14d967899'
System info: os.name: 'Windows 10', os.arch: 'amd64', os.version: '10.0', java.version: '17.0.10'
Driver info: org.openqa.selenium.chrome.ChromeDriver
Command: [47e74a1d2a1b30499205d5a5a5a2b677, findElement {using=xpath, value=//combobox[contains(@class,'ComboBox')]}]
Capabilities {acceptInsecureCerts: false, browserName: chrome, browserVersion: 130.0.6723.71, chrome: {chromedriverVersion: 130.0.6723.116 (6ac35f94ae3..., userDataDir: C:\Users\MARY~1.CRU\AppData...}, fedcm:accounts: true, goog:chromeOptions: {debuggerAddress: localhost:58479}, networkConnectionEnabled: false, pageLoadStrategy: normal, platformName: windows, proxy: Proxy(), se:cdp: ws://localhost:58479/devtoo..., se:cdpVersion: 130.0.6723.71, setWindowRect: true, strictFileInteractability: false, timeouts: {implicit: 0, pageLoad: 300000, script: 30000}, unhandledPromptBehavior: dismiss and notify, webauthn:extension:credBlob: true, webauthn:extension:largeBlob: true, webauthn:extension:minPinLength: true, webauthn:extension:prf: true, webauthn:virtualAuthenticators: true}
Session ID: 47e74a1d2a1b30499205d5a5a5a2b677
[INFO ] 2024-11-07 12:02:19.700 - org.openqa.selenium.NoSuchElementException: no such element: Unable to locate element: {"method":"xpath","selector":"//combobox[contains(@class,'ComboBox')]"}
  (Session info: chrome=130.0.6723.71)
For documentation on this error, please visit: https://www.selenium.dev/documentation/webdriver/troubleshooting/errors#no-such-element-exception
Build info: version: '4.10.0', revision: 'c14d967899'
System info: os.name: 'Windows 10', os.arch: 'amd64', os.version: '10.0', java.version: '17.0.10'
Driver info: org.openqa.selenium.chrome.ChromeDriver
Command: [47e74a1d2a1b30499205d5a5a5a2b677, findElement {using=xpath, value=//combobox[contains(@class,'ComboBox')]}]
Capabilities {acceptInsecureCerts: false, browserName: chrome, browserVersion: 130.0.6723.71, chrome: {chromedriverVersion: 130.0.6723.116 (6ac35f94ae3..., userDataDir: C:\Users\MARY~1.CRU\AppData...}, fedcm:accounts: true, goog:chromeOptions: {debuggerAddress: localhost:58479}, networkConnectionEnabled: false, pageLoadStrategy: normal, platformName: windows, proxy: Proxy(), se:cdp: ws://localhost:58479/devtoo..., se:cdpVersion: 130.0.6723.71, setWindowRect: true, strictFileInteractability: false, timeouts: {implicit: 0, pageLoad: 300000, script: 30000}, unhandledPromptBehavior: dismiss and notify, webauthn:extension:credBlob: true, webauthn:extension:largeBlob: true, webauthn:extension:minPinLength: true, webauthn:extension:prf: true, webauthn:virtualAuthenticators: true}
Session ID: 47e74a1d2a1b30499205d5a5a5a2b677
[INFO ] 2024-11-07 12:02:19.700 - =================================== END TEST ===================================
