[INFO ] 2024-10-18 10:56:46.007 - =================================== START TEST ===================================
[INFO ] 2024-10-18 10:56:46.017 - Test Case report initialize for VerifyDifferentLoginOptions
[INFO ] 2024-10-18 10:57:19.629 - PASSED - Step 1 - username is displayed.
[INFO ] 2024-10-18 10:57:19.680 - PASSED - Step 2 - username is populated with Admin.
[INFO ] 2024-10-18 10:57:19.711 - PASSED - Step 3 - password is displayed.
[INFO ] 2024-10-18 10:57:19.764 - PASSED - Step 4 - password is populated with admin123.
[INFO ] 2024-10-18 10:57:20.828 - PASSED - Step 5 - loginButton was clicked.
[INFO ] 2024-10-18 10:57:21.187 - PASSED - Step 6 - Orange HRM Homepage Logo is displayed.
[INFO ] 2024-10-18 10:57:21.229 - PASSED - Step 7 - User account dropdown is visible.
[INFO ] 2024-10-18 10:57:21.272 - PASSED - Step 8 - User account dropdown was clicked.
[INFO ] 2024-10-18 10:57:21.828 - PASSED - Step 9 - User account logout is visible.
[INFO ] 2024-10-18 10:57:22.543 - PASSED - Step 10 - User account logout was clicked.
[ERROR] 2024-10-18 10:57:33.881 - FAILED - org.openqa.selenium.NoSuchElementException: no such element: Unable to locate element: {"method":"xpath","selector":"//p[text()='Invalid credentials']/parent::div[contains(@class,'error')]"}
  (Session info: chrome=129.0.6668.100)
For documentation on this error, please visit: https://www.selenium.dev/documentation/webdriver/troubleshooting/errors#no-such-element-exception
Build info: version: '4.10.0', revision: 'c14d967899'
System info: os.name: 'Windows 10', os.arch: 'amd64', os.version: '10.0', java.version: '17.0.10'
Driver info: org.openqa.selenium.chrome.ChromeDriver
Command: [5f6360095b1f3ecd129e5e3c35cd987a, findElement {using=xpath, value=//p[text()='Invalid credentials']/parent::div[contains(@class,'error')]}]
Capabilities {acceptInsecureCerts: false, browserName: chrome, browserVersion: 129.0.6668.100, chrome: {chromedriverVersion: 129.0.6668.100 (cf58cba358d..., userDataDir: C:\Users\MARY~1.CRU\AppData...}, fedcm:accounts: true, goog:chromeOptions: {debuggerAddress: localhost:57303}, networkConnectionEnabled: false, pageLoadStrategy: normal, platformName: windows, proxy: Proxy(), se:cdp: ws://localhost:57303/devtoo..., se:cdpVersion: 129.0.6668.100, setWindowRect: true, strictFileInteractability: false, timeouts: {implicit: 0, pageLoad: 300000, script: 30000}, unhandledPromptBehavior: dismiss and notify, webauthn:extension:credBlob: true, webauthn:extension:largeBlob: true, webauthn:extension:minPinLength: true, webauthn:extension:prf: true, webauthn:virtualAuthenticators: true}
Session ID: 5f6360095b1f3ecd129e5e3c35cd987a
[INFO ] 2024-10-18 10:57:33.881 - org.openqa.selenium.NoSuchElementException: no such element: Unable to locate element: {"method":"xpath","selector":"//p[text()='Invalid credentials']/parent::div[contains(@class,'error')]"}
  (Session info: chrome=129.0.6668.100)
For documentation on this error, please visit: https://www.selenium.dev/documentation/webdriver/troubleshooting/errors#no-such-element-exception
Build info: version: '4.10.0', revision: 'c14d967899'
System info: os.name: 'Windows 10', os.arch: 'amd64', os.version: '10.0', java.version: '17.0.10'
Driver info: org.openqa.selenium.chrome.ChromeDriver
Command: [5f6360095b1f3ecd129e5e3c35cd987a, findElement {using=xpath, value=//p[text()='Invalid credentials']/parent::div[contains(@class,'error')]}]
Capabilities {acceptInsecureCerts: false, browserName: chrome, browserVersion: 129.0.6668.100, chrome: {chromedriverVersion: 129.0.6668.100 (cf58cba358d..., userDataDir: C:\Users\MARY~1.CRU\AppData...}, fedcm:accounts: true, goog:chromeOptions: {debuggerAddress: localhost:57303}, networkConnectionEnabled: false, pageLoadStrategy: normal, platformName: windows, proxy: Proxy(), se:cdp: ws://localhost:57303/devtoo..., se:cdpVersion: 129.0.6668.100, setWindowRect: true, strictFileInteractability: false, timeouts: {implicit: 0, pageLoad: 300000, script: 30000}, unhandledPromptBehavior: dismiss and notify, webauthn:extension:credBlob: true, webauthn:extension:largeBlob: true, webauthn:extension:minPinLength: true, webauthn:extension:prf: true, webauthn:virtualAuthenticators: true}
Session ID: 5f6360095b1f3ecd129e5e3c35cd987a
[INFO ] 2024-10-18 10:57:33.882 - =================================== END TEST ===================================
