[INFO ] 2024-11-07 15:27:27.027 - =================================== START TEST ===================================
[INFO ] 2024-11-07 15:27:27.038 - Test Case report initialize for VerifyUnsuccesfulDownloadofEE
[INFO ] 2024-11-07 15:27:59.975 - PASSED - Step 1 - username is displayed.
[INFO ] 2024-11-07 15:28:00.098 - PASSED - Step 2 - username is populated with Admin.
[INFO ] 2024-11-07 15:28:00.162 - PASSED - Step 3 - password is displayed.
[INFO ] 2024-11-07 15:28:00.341 - PASSED - Step 4 - password is populated with admin123.
[INFO ] 2024-11-07 15:28:00.455 - PASSED - Step 5 - loginButton was clicked.
[INFO ] 2024-11-07 15:28:02.031 - PASSED - Step 6 - My Info Tab is visible.
[INFO ] 2024-11-07 15:28:03.090 - PASSED - Step 7 - My Info Tab was clicked.
[INFO ] 2024-11-07 15:28:03.593 - PASSED - Step 8 - Employee full name is visible.
[INFO ] 2024-11-07 15:28:03.658 - PASSED - Step 9 - 
[INFO ] 2024-11-07 15:28:03.737 - PASSED - Step 10 - tab_Maintenance is visible.
[INFO ] 2024-11-07 15:28:04.615 - PASSED - Step 11 - tab_Maintenance was clicked.
[INFO ] 2024-11-07 15:28:05.036 - PASSED - Step 12 - password is visible.
[INFO ] 2024-11-07 15:28:05.148 - PASSED - Step 13 - password is populated with admin123.
[INFO ] 2024-11-07 15:28:05.225 - PASSED - Step 14 - Submit button is visible.
[INFO ] 2024-11-07 15:28:05.322 - PASSED - Step 15 - Submit button was clicked.
[INFO ] 2024-11-07 15:28:08.429 - PASSED - Step 16 - Header Access Records is visible.
[INFO ] 2024-11-07 15:28:08.926 - PASSED - Step 17 - Header Access Records was clicked.
[INFO ] 2024-11-07 15:28:09.366 - PASSED - Step 18 - Input for Download Personal Data is visible.
[INFO ] 2024-11-07 15:28:09.708 - PASSED - Step 19 - Submit button was clicked.
[ERROR] 2024-11-07 15:28:25.666 - FAILED - org.openqa.selenium.NoSuchElementException: no such element: Unable to locate element: {"method":"xpath","selector":"(//button[contains(@class,'secondary')])[2]"}
  (Session info: chrome=130.0.6723.71)
For documentation on this error, please visit: https://www.selenium.dev/documentation/webdriver/troubleshooting/errors#no-such-element-exception
Build info: version: '4.10.0', revision: 'c14d967899'
System info: os.name: 'Windows 10', os.arch: 'amd64', os.version: '10.0', java.version: '17.0.10'
Driver info: org.openqa.selenium.chrome.ChromeDriver
Command: [14bcba1ddcca01e5628173912f30a579, findElement {using=xpath, value=(//button[contains(@class,'secondary')])[2]}]
Capabilities {acceptInsecureCerts: false, browserName: chrome, browserVersion: 130.0.6723.71, chrome: {chromedriverVersion: 130.0.6723.116 (6ac35f94ae3..., userDataDir: C:\Users\MARY~1.CRU\AppData...}, fedcm:accounts: true, goog:chromeOptions: {debuggerAddress: localhost:56581}, networkConnectionEnabled: false, pageLoadStrategy: normal, platformName: windows, proxy: Proxy(), se:cdp: ws://localhost:56581/devtoo..., se:cdpVersion: 130.0.6723.71, setWindowRect: true, strictFileInteractability: false, timeouts: {implicit: 0, pageLoad: 300000, script: 30000}, unhandledPromptBehavior: dismiss and notify, webauthn:extension:credBlob: true, webauthn:extension:largeBlob: true, webauthn:extension:minPinLength: true, webauthn:extension:prf: true, webauthn:virtualAuthenticators: true}
Session ID: 14bcba1ddcca01e5628173912f30a579
[INFO ] 2024-11-07 15:28:25.667 - org.openqa.selenium.NoSuchElementException: no such element: Unable to locate element: {"method":"xpath","selector":"(//button[contains(@class,'secondary')])[2]"}
  (Session info: chrome=130.0.6723.71)
For documentation on this error, please visit: https://www.selenium.dev/documentation/webdriver/troubleshooting/errors#no-such-element-exception
Build info: version: '4.10.0', revision: 'c14d967899'
System info: os.name: 'Windows 10', os.arch: 'amd64', os.version: '10.0', java.version: '17.0.10'
Driver info: org.openqa.selenium.chrome.ChromeDriver
Command: [14bcba1ddcca01e5628173912f30a579, findElement {using=xpath, value=(//button[contains(@class,'secondary')])[2]}]
Capabilities {acceptInsecureCerts: false, browserName: chrome, browserVersion: 130.0.6723.71, chrome: {chromedriverVersion: 130.0.6723.116 (6ac35f94ae3..., userDataDir: C:\Users\MARY~1.CRU\AppData...}, fedcm:accounts: true, goog:chromeOptions: {debuggerAddress: localhost:56581}, networkConnectionEnabled: false, pageLoadStrategy: normal, platformName: windows, proxy: Proxy(), se:cdp: ws://localhost:56581/devtoo..., se:cdpVersion: 130.0.6723.71, setWindowRect: true, strictFileInteractability: false, timeouts: {implicit: 0, pageLoad: 300000, script: 30000}, unhandledPromptBehavior: dismiss and notify, webauthn:extension:credBlob: true, webauthn:extension:largeBlob: true, webauthn:extension:minPinLength: true, webauthn:extension:prf: true, webauthn:virtualAuthenticators: true}
Session ID: 14bcba1ddcca01e5628173912f30a579
[INFO ] 2024-11-07 15:28:25.668 - =================================== END TEST ===================================
