[INFO ] 2024-11-07 15:57:20.729 - =================================== START TEST ===================================
[INFO ] 2024-11-07 15:57:20.753 - Test Case report initialize for VerifyUnsuccesfulDownloadofEE
[INFO ] 2024-11-07 15:57:53.871 - PASSED - Step 1 - username is displayed.
[INFO ] 2024-11-07 15:57:53.991 - PASSED - Step 2 - username is populated with Admin.
[INFO ] 2024-11-07 15:57:54.064 - PASSED - Step 3 - password is displayed.
[INFO ] 2024-11-07 15:57:54.244 - PASSED - Step 4 - password is populated with admin123.
[INFO ] 2024-11-07 15:57:55.447 - PASSED - Step 5 - loginButton was clicked.
[INFO ] 2024-11-07 15:57:55.949 - PASSED - Step 6 - My Info Tab is visible.
[INFO ] 2024-11-07 15:57:57.040 - PASSED - Step 7 - My Info Tab was clicked.
[INFO ] 2024-11-07 15:57:57.509 - PASSED - Step 8 - Employee full name is visible.
[INFO ] 2024-11-07 15:58:00.570 - PASSED - Step 9 - elik
[INFO ] 2024-11-07 15:58:00.658 - PASSED - Step 10 - tab_Maintenance is visible.
[INFO ] 2024-11-07 15:58:01.738 - PASSED - Step 11 - tab_Maintenance was clicked.
[INFO ] 2024-11-07 15:58:02.305 - PASSED - Step 12 - password is visible.
[INFO ] 2024-11-07 15:58:02.405 - PASSED - Step 13 - password is populated with admin123.
[INFO ] 2024-11-07 15:58:02.491 - PASSED - Step 14 - Submit button is visible.
[INFO ] 2024-11-07 15:58:03.681 - PASSED - Step 15 - Submit button was clicked.
[INFO ] 2024-11-07 15:58:06.771 - PASSED - Step 16 - Header Access Records is visible.
[INFO ] 2024-11-07 15:58:07.305 - PASSED - Step 17 - Header Access Records was clicked.
[INFO ] 2024-11-07 15:58:07.754 - PASSED - Step 18 - Input for Download Personal Data is visible.
[INFO ] 2024-11-07 15:58:09.323 - PASSED - Step 19 - Submit button was clicked.
[INFO ] 2024-11-07 15:58:12.402 - PASSED - Step 20 - Download button is visible.
[INFO ] 2024-11-07 15:58:12.540 - PASSED - Step 21 - Download button was clicked.
[ERROR] 2024-11-07 15:58:25.738 - FAILED - org.openqa.selenium.NoSuchElementException: no such element: Unable to locate element: {"method":"xpath","selector":"//span[text()='This page isn’t working']/ancestor::h1"}
  (Session info: chrome=130.0.6723.71)
For documentation on this error, please visit: https://www.selenium.dev/documentation/webdriver/troubleshooting/errors#no-such-element-exception
Build info: version: '4.10.0', revision: 'c14d967899'
System info: os.name: 'Windows 10', os.arch: 'amd64', os.version: '10.0', java.version: '17.0.10'
Driver info: org.openqa.selenium.chrome.ChromeDriver
Command: [7bad7c4de23c507044b7d7d0def6767d, findElement {using=xpath, value=//span[text()='This page isn’t working']/ancestor::h1}]
Capabilities {acceptInsecureCerts: false, browserName: chrome, browserVersion: 130.0.6723.71, chrome: {chromedriverVersion: 130.0.6723.116 (6ac35f94ae3..., userDataDir: C:\Users\MARY~1.CRU\AppData...}, fedcm:accounts: true, goog:chromeOptions: {debuggerAddress: localhost:58451}, networkConnectionEnabled: false, pageLoadStrategy: normal, platformName: windows, proxy: Proxy(), se:cdp: ws://localhost:58451/devtoo..., se:cdpVersion: 130.0.6723.71, setWindowRect: true, strictFileInteractability: false, timeouts: {implicit: 0, pageLoad: 300000, script: 30000}, unhandledPromptBehavior: dismiss and notify, webauthn:extension:credBlob: true, webauthn:extension:largeBlob: true, webauthn:extension:minPinLength: true, webauthn:extension:prf: true, webauthn:virtualAuthenticators: true}
Session ID: 7bad7c4de23c507044b7d7d0def6767d
[INFO ] 2024-11-07 15:58:25.740 - org.openqa.selenium.NoSuchElementException: no such element: Unable to locate element: {"method":"xpath","selector":"//span[text()='This page isn’t working']/ancestor::h1"}
  (Session info: chrome=130.0.6723.71)
For documentation on this error, please visit: https://www.selenium.dev/documentation/webdriver/troubleshooting/errors#no-such-element-exception
Build info: version: '4.10.0', revision: 'c14d967899'
System info: os.name: 'Windows 10', os.arch: 'amd64', os.version: '10.0', java.version: '17.0.10'
Driver info: org.openqa.selenium.chrome.ChromeDriver
Command: [7bad7c4de23c507044b7d7d0def6767d, findElement {using=xpath, value=//span[text()='This page isn’t working']/ancestor::h1}]
Capabilities {acceptInsecureCerts: false, browserName: chrome, browserVersion: 130.0.6723.71, chrome: {chromedriverVersion: 130.0.6723.116 (6ac35f94ae3..., userDataDir: C:\Users\MARY~1.CRU\AppData...}, fedcm:accounts: true, goog:chromeOptions: {debuggerAddress: localhost:58451}, networkConnectionEnabled: false, pageLoadStrategy: normal, platformName: windows, proxy: Proxy(), se:cdp: ws://localhost:58451/devtoo..., se:cdpVersion: 130.0.6723.71, setWindowRect: true, strictFileInteractability: false, timeouts: {implicit: 0, pageLoad: 300000, script: 30000}, unhandledPromptBehavior: dismiss and notify, webauthn:extension:credBlob: true, webauthn:extension:largeBlob: true, webauthn:extension:minPinLength: true, webauthn:extension:prf: true, webauthn:virtualAuthenticators: true}
Session ID: 7bad7c4de23c507044b7d7d0def6767d
[INFO ] 2024-11-07 15:58:25.742 - =================================== END TEST ===================================
