[INFO ] 2024-11-07 15:15:21.983 - =================================== START TEST ===================================
[INFO ] 2024-11-07 15:15:21.994 - Test Case report initialize for VerifyUnsuccesfulDownloadofEE
[INFO ] 2024-11-07 15:15:54.500 - PASSED - Step 1 - username is displayed.
[INFO ] 2024-11-07 15:15:54.576 - PASSED - Step 2 - username is populated with Admin.
[INFO ] 2024-11-07 15:15:54.616 - PASSED - Step 3 - password is displayed.
[INFO ] 2024-11-07 15:15:54.739 - PASSED - Step 4 - password is populated with admin123.
[INFO ] 2024-11-07 15:15:56.036 - PASSED - Step 5 - loginButton was clicked.
[INFO ] 2024-11-07 15:15:56.465 - PASSED - Step 6 - tab_Maintenance is visible.
[INFO ] 2024-11-07 15:15:57.486 - PASSED - Step 7 - tab_Maintenance was clicked.
[INFO ] 2024-11-07 15:15:57.900 - PASSED - Step 8 - password is visible.
[INFO ] 2024-11-07 15:15:57.964 - PASSED - Step 9 - password is populated with admin123.
[INFO ] 2024-11-07 15:15:58.013 - PASSED - Step 10 - Submit button is visible.
[INFO ] 2024-11-07 15:15:59.312 - PASSED - Step 11 - Submit button was clicked.
[INFO ] 2024-11-07 15:16:02.417 - PASSED - Step 12 - Header Access Records is visible.
[INFO ] 2024-11-07 15:16:03.044 - PASSED - Step 13 - Header Access Records was clicked.
[INFO ] 2024-11-07 15:16:03.526 - PASSED - Step 14 - Input for Download Personal Data is visible.
[INFO ] 2024-11-07 15:16:03.598 - PASSED - Step 15 - Submit button was clicked.
[ERROR] 2024-11-07 15:16:19.415 - FAILED - org.openqa.selenium.NoSuchElementException: no such element: Unable to locate element: {"method":"xpath","selector":"(//button[contains(@class,'secondary')])[2]"}
  (Session info: chrome=130.0.6723.71)
For documentation on this error, please visit: https://www.selenium.dev/documentation/webdriver/troubleshooting/errors#no-such-element-exception
Build info: version: '4.10.0', revision: 'c14d967899'
System info: os.name: 'Windows 10', os.arch: 'amd64', os.version: '10.0', java.version: '17.0.10'
Driver info: org.openqa.selenium.chrome.ChromeDriver
Command: [a25f40efc15bafa37cb43ea95f3ac8ac, findElement {using=xpath, value=(//button[contains(@class,'secondary')])[2]}]
Capabilities {acceptInsecureCerts: false, browserName: chrome, browserVersion: 130.0.6723.71, chrome: {chromedriverVersion: 130.0.6723.116 (6ac35f94ae3..., userDataDir: C:\Users\MARY~1.CRU\AppData...}, fedcm:accounts: true, goog:chromeOptions: {debuggerAddress: localhost:55141}, networkConnectionEnabled: false, pageLoadStrategy: normal, platformName: windows, proxy: Proxy(), se:cdp: ws://localhost:55141/devtoo..., se:cdpVersion: 130.0.6723.71, setWindowRect: true, strictFileInteractability: false, timeouts: {implicit: 0, pageLoad: 300000, script: 30000}, unhandledPromptBehavior: dismiss and notify, webauthn:extension:credBlob: true, webauthn:extension:largeBlob: true, webauthn:extension:minPinLength: true, webauthn:extension:prf: true, webauthn:virtualAuthenticators: true}
Session ID: a25f40efc15bafa37cb43ea95f3ac8ac
[INFO ] 2024-11-07 15:16:19.416 - org.openqa.selenium.NoSuchElementException: no such element: Unable to locate element: {"method":"xpath","selector":"(//button[contains(@class,'secondary')])[2]"}
  (Session info: chrome=130.0.6723.71)
For documentation on this error, please visit: https://www.selenium.dev/documentation/webdriver/troubleshooting/errors#no-such-element-exception
Build info: version: '4.10.0', revision: 'c14d967899'
System info: os.name: 'Windows 10', os.arch: 'amd64', os.version: '10.0', java.version: '17.0.10'
Driver info: org.openqa.selenium.chrome.ChromeDriver
Command: [a25f40efc15bafa37cb43ea95f3ac8ac, findElement {using=xpath, value=(//button[contains(@class,'secondary')])[2]}]
Capabilities {acceptInsecureCerts: false, browserName: chrome, browserVersion: 130.0.6723.71, chrome: {chromedriverVersion: 130.0.6723.116 (6ac35f94ae3..., userDataDir: C:\Users\MARY~1.CRU\AppData...}, fedcm:accounts: true, goog:chromeOptions: {debuggerAddress: localhost:55141}, networkConnectionEnabled: false, pageLoadStrategy: normal, platformName: windows, proxy: Proxy(), se:cdp: ws://localhost:55141/devtoo..., se:cdpVersion: 130.0.6723.71, setWindowRect: true, strictFileInteractability: false, timeouts: {implicit: 0, pageLoad: 300000, script: 30000}, unhandledPromptBehavior: dismiss and notify, webauthn:extension:credBlob: true, webauthn:extension:largeBlob: true, webauthn:extension:minPinLength: true, webauthn:extension:prf: true, webauthn:virtualAuthenticators: true}
Session ID: a25f40efc15bafa37cb43ea95f3ac8ac
[INFO ] 2024-11-07 15:16:19.416 - =================================== END TEST ===================================
