[INFO ] 2024-10-29 14:09:56.975 - =================================== START TEST ===================================
[INFO ] 2024-10-29 14:09:57.044 - Test Case report initialize for VerifyDifferentLoginOptions
[INFO ] 2024-10-29 14:10:33.493 - PASSED - Step 1 - username is displayed.
[INFO ] 2024-10-29 14:10:33.581 - PASSED - Step 2 - username is populated with Admin.
[INFO ] 2024-10-29 14:10:33.624 - PASSED - Step 3 - password is displayed.
[INFO ] 2024-10-29 14:10:33.757 - PASSED - Step 4 - password is populated with admin123.
[INFO ] 2024-10-29 14:10:34.992 - PASSED - Step 5 - loginButton was clicked.
[INFO ] 2024-10-29 14:10:35.437 - PASSED - Step 6 - tab_Buzz is visible.
[INFO ] 2024-10-29 14:10:36.920 - PASSED - Step 7 - tab_Buzz was clicked.
[INFO ] 2024-10-29 14:10:37.486 - PASSED - Step 8 - field post is visible.
[INFO ] 2024-10-29 14:10:40.711 - PASSED - Step 9 - field post was clicked.
[INFO ] 2024-10-29 14:10:40.809 - PASSED - Step 10 - field post is populated with Insert post test description for validation.
[INFO ] 2024-10-29 14:10:40.869 - PASSED - Step 11 - post button was clicked.
[ERROR] 2024-10-29 14:11:01.044 - FAILED - org.openqa.selenium.NoSuchElementException: no such element: Unable to locate element: {"method":"xpath","selector":"//p[contains(text(),'Insert post test description for validation')]/parent::div"}
  (Session info: chrome=130.0.6723.70)
For documentation on this error, please visit: https://www.selenium.dev/documentation/webdriver/troubleshooting/errors#no-such-element-exception
Build info: version: '4.10.0', revision: 'c14d967899'
System info: os.name: 'Windows 10', os.arch: 'amd64', os.version: '10.0', java.version: '17.0.10'
Driver info: org.openqa.selenium.chrome.ChromeDriver
Command: [85e4d06cf57b2371dc71617f1b5956de, findElement {using=xpath, value=//p[contains(text(),'Insert post test description for validation')]/parent::div}]
Capabilities {acceptInsecureCerts: false, browserName: chrome, browserVersion: 130.0.6723.70, chrome: {chromedriverVersion: 130.0.6723.69 (3ec172b971b9..., userDataDir: C:\Users\MARY~1.CRU\AppData...}, fedcm:accounts: true, goog:chromeOptions: {debuggerAddress: localhost:53550}, networkConnectionEnabled: false, pageLoadStrategy: normal, platformName: windows, proxy: Proxy(), se:cdp: ws://localhost:53550/devtoo..., se:cdpVersion: 130.0.6723.70, setWindowRect: true, strictFileInteractability: false, timeouts: {implicit: 0, pageLoad: 300000, script: 30000}, unhandledPromptBehavior: dismiss and notify, webauthn:extension:credBlob: true, webauthn:extension:largeBlob: true, webauthn:extension:minPinLength: true, webauthn:extension:prf: true, webauthn:virtualAuthenticators: true}
Session ID: 85e4d06cf57b2371dc71617f1b5956de
[INFO ] 2024-10-29 14:11:01.046 - org.openqa.selenium.NoSuchElementException: no such element: Unable to locate element: {"method":"xpath","selector":"//p[contains(text(),'Insert post test description for validation')]/parent::div"}
  (Session info: chrome=130.0.6723.70)
For documentation on this error, please visit: https://www.selenium.dev/documentation/webdriver/troubleshooting/errors#no-such-element-exception
Build info: version: '4.10.0', revision: 'c14d967899'
System info: os.name: 'Windows 10', os.arch: 'amd64', os.version: '10.0', java.version: '17.0.10'
Driver info: org.openqa.selenium.chrome.ChromeDriver
Command: [85e4d06cf57b2371dc71617f1b5956de, findElement {using=xpath, value=//p[contains(text(),'Insert post test description for validation')]/parent::div}]
Capabilities {acceptInsecureCerts: false, browserName: chrome, browserVersion: 130.0.6723.70, chrome: {chromedriverVersion: 130.0.6723.69 (3ec172b971b9..., userDataDir: C:\Users\MARY~1.CRU\AppData...}, fedcm:accounts: true, goog:chromeOptions: {debuggerAddress: localhost:53550}, networkConnectionEnabled: false, pageLoadStrategy: normal, platformName: windows, proxy: Proxy(), se:cdp: ws://localhost:53550/devtoo..., se:cdpVersion: 130.0.6723.70, setWindowRect: true, strictFileInteractability: false, timeouts: {implicit: 0, pageLoad: 300000, script: 30000}, unhandledPromptBehavior: dismiss and notify, webauthn:extension:credBlob: true, webauthn:extension:largeBlob: true, webauthn:extension:minPinLength: true, webauthn:extension:prf: true, webauthn:virtualAuthenticators: true}
Session ID: 85e4d06cf57b2371dc71617f1b5956de
[INFO ] 2024-10-29 14:11:01.046 - =================================== END TEST ===================================
