[INFO ] 2024-11-04 14:07:14.138 - =================================== START TEST ===================================
[INFO ] 2024-11-04 14:07:14.144 - Test Case report initialize for VerifyAddedAdminRoleOnEE
[INFO ] 2024-11-04 14:07:48.099 - PASSED - Step 1 - username is displayed.
[INFO ] 2024-11-04 14:07:48.149 - PASSED - Step 2 - username is populated with Admin.
[INFO ] 2024-11-04 14:07:48.179 - PASSED - Step 3 - password is displayed.
[INFO ] 2024-11-04 14:07:48.249 - PASSED - Step 4 - password is populated with admin123.
[INFO ] 2024-11-04 14:07:49.547 - PASSED - Step 5 - loginButton was clicked.
[INFO ] 2024-11-04 14:07:49.931 - PASSED - Step 6 - My Info Tab is visible.
[INFO ] 2024-11-04 14:07:50.921 - PASSED - Step 7 - My Info Tab was clicked.
[INFO ] 2024-11-04 14:07:51.426 - PASSED - Step 8 - Employee full name is visible.
[INFO ] 2024-11-04 14:07:54.463 - PASSED - Step 9 - manda user
[INFO ] 2024-11-04 14:07:54.492 - PASSED - Step 10 - Admin Tab is visible.
[INFO ] 2024-11-04 14:07:55.225 - PASSED - Step 11 - Admin Tab was clicked.
[INFO ] 2024-11-04 14:07:55.588 - PASSED - Step 12 - addButton is displayed.
[INFO ] 2024-11-04 14:07:56.012 - PASSED - Step 13 - addButton was clicked.
[INFO ] 2024-11-04 14:07:56.388 - PASSED - Step 14 - User role dropdown is visible.
[INFO ] 2024-11-04 14:07:56.431 - PASSED - Step 15 - User role dropdown was clicked.
[INFO ] 2024-11-04 14:07:56.464 - PASSED - Step 16 - Listbox user role options is visible.
[INFO ] 2024-11-04 14:07:56.493 - PASSED - Step 17 - Listbox user role options was clicked.
[INFO ] 2024-11-04 14:07:56.524 - PASSED - Step 18 - Status dropdown was clicked.
[INFO ] 2024-11-04 14:07:56.552 - PASSED - Step 19 - Listbox status options is visible.
[INFO ] 2024-11-04 14:07:56.581 - PASSED - Step 20 - Listbox status options was clicked.
[INFO ] 2024-11-04 14:07:56.618 - PASSED - Step 21 - Input Employee fullname of existing employee was clicked.
[INFO ] 2024-11-04 14:07:59.708 - PASSED - Step 22 - Username field was clicked.
[INFO ] 2024-11-04 14:07:59.843 - PASSED - Step 23 - Username field is populated with sheldon.kuvalis.
[INFO ] 2024-11-04 14:07:59.877 - PASSED - Step 24 - confirm password was clicked.
[INFO ] 2024-11-04 14:07:59.927 - PASSED - Step 25 - password is populated with admin123.
[INFO ] 2024-11-04 14:07:59.977 - PASSED - Step 26 - confirm password is populated with admin123.
[INFO ] 2024-11-04 14:08:00.009 - PASSED - Step 27 - tab User Management is visible.
[INFO ] 2024-11-04 14:08:00.041 - PASSED - Step 28 - tab User Management was clicked.
[ERROR] 2024-11-04 14:08:12.581 - FAILED - org.openqa.selenium.NoSuchElementException: no such element: Unable to locate element: {"method":"xpath","selector":"(//div[contains(@class,'oxd-table-cell oxd-padding-cell')]//div)[4]"}
  (Session info: chrome=130.0.6723.71)
For documentation on this error, please visit: https://www.selenium.dev/documentation/webdriver/troubleshooting/errors#no-such-element-exception
Build info: version: '4.10.0', revision: 'c14d967899'
System info: os.name: 'Windows 10', os.arch: 'amd64', os.version: '10.0', java.version: '17.0.10'
Driver info: org.openqa.selenium.chrome.ChromeDriver
Command: [5f63d301ec475e07cf17fbc13c01f1be, findElement {using=xpath, value=(//div[contains(@class,'oxd-table-cell oxd-padding-cell')]//div)[4]}]
Capabilities {acceptInsecureCerts: false, browserName: chrome, browserVersion: 130.0.6723.71, chrome: {chromedriverVersion: 130.0.6723.91 (53ac07678369..., userDataDir: C:\Users\MARY~1.CRU\AppData...}, fedcm:accounts: true, goog:chromeOptions: {debuggerAddress: localhost:55554}, networkConnectionEnabled: false, pageLoadStrategy: normal, platformName: windows, proxy: Proxy(), se:cdp: ws://localhost:55554/devtoo..., se:cdpVersion: 130.0.6723.71, setWindowRect: true, strictFileInteractability: false, timeouts: {implicit: 0, pageLoad: 300000, script: 30000}, unhandledPromptBehavior: dismiss and notify, webauthn:extension:credBlob: true, webauthn:extension:largeBlob: true, webauthn:extension:minPinLength: true, webauthn:extension:prf: true, webauthn:virtualAuthenticators: true}
Session ID: 5f63d301ec475e07cf17fbc13c01f1be
[INFO ] 2024-11-04 14:08:12.582 - org.openqa.selenium.NoSuchElementException: no such element: Unable to locate element: {"method":"xpath","selector":"(//div[contains(@class,'oxd-table-cell oxd-padding-cell')]//div)[4]"}
  (Session info: chrome=130.0.6723.71)
For documentation on this error, please visit: https://www.selenium.dev/documentation/webdriver/troubleshooting/errors#no-such-element-exception
Build info: version: '4.10.0', revision: 'c14d967899'
System info: os.name: 'Windows 10', os.arch: 'amd64', os.version: '10.0', java.version: '17.0.10'
Driver info: org.openqa.selenium.chrome.ChromeDriver
Command: [5f63d301ec475e07cf17fbc13c01f1be, findElement {using=xpath, value=(//div[contains(@class,'oxd-table-cell oxd-padding-cell')]//div)[4]}]
Capabilities {acceptInsecureCerts: false, browserName: chrome, browserVersion: 130.0.6723.71, chrome: {chromedriverVersion: 130.0.6723.91 (53ac07678369..., userDataDir: C:\Users\MARY~1.CRU\AppData...}, fedcm:accounts: true, goog:chromeOptions: {debuggerAddress: localhost:55554}, networkConnectionEnabled: false, pageLoadStrategy: normal, platformName: windows, proxy: Proxy(), se:cdp: ws://localhost:55554/devtoo..., se:cdpVersion: 130.0.6723.71, setWindowRect: true, strictFileInteractability: false, timeouts: {implicit: 0, pageLoad: 300000, script: 30000}, unhandledPromptBehavior: dismiss and notify, webauthn:extension:credBlob: true, webauthn:extension:largeBlob: true, webauthn:extension:minPinLength: true, webauthn:extension:prf: true, webauthn:virtualAuthenticators: true}
Session ID: 5f63d301ec475e07cf17fbc13c01f1be
[INFO ] 2024-11-04 14:08:12.582 - =================================== END TEST ===================================
