[INFO ] 2024-10-29 13:57:39.054 - =================================== START TEST ===================================
[INFO ] 2024-10-29 13:57:39.129 - Test Case report initialize for VerifyDifferentLoginOptions
[INFO ] 2024-10-29 13:58:13.192 - PASSED - Step 1 - username is displayed.
[INFO ] 2024-10-29 13:58:13.779 - PASSED - Step 2 - username is populated with Admin.
[INFO ] 2024-10-29 13:58:14.038 - PASSED - Step 3 - password is displayed.
[INFO ] 2024-10-29 13:58:14.795 - PASSED - Step 4 - password is populated with admin123.
[INFO ] 2024-10-29 13:58:16.885 - PASSED - Step 5 - loginButton was clicked.
[INFO ] 2024-10-29 13:58:18.175 - PASSED - Step 6 - tab_Buzz is visible.
[INFO ] 2024-10-29 13:58:20.356 - PASSED - Step 7 - tab_Buzz was clicked.
[INFO ] 2024-10-29 13:58:21.581 - PASSED - Step 8 - field post is visible.
[INFO ] 2024-10-29 13:58:22.045 - PASSED - Step 9 - field post was clicked.
[INFO ] 2024-10-29 13:58:23.443 - PASSED - Step 10 - field post is populated with Insert post test description for validation.
[INFO ] 2024-10-29 13:58:23.910 - PASSED - Step 11 - post button was clicked.
[ERROR] 2024-10-29 13:58:52.783 - FAILED - org.openqa.selenium.NoSuchElementException: no such element: Unable to locate element: {"method":"xpath","selector":"//p[contains(text(),'Insert post test description for validation')]/parent::div"}
  (Session info: chrome=130.0.6723.70)
For documentation on this error, please visit: https://www.selenium.dev/documentation/webdriver/troubleshooting/errors#no-such-element-exception
Build info: version: '4.10.0', revision: 'c14d967899'
System info: os.name: 'Windows 10', os.arch: 'amd64', os.version: '10.0', java.version: '17.0.10'
Driver info: org.openqa.selenium.chrome.ChromeDriver
Command: [8d58827a941f0d72f84c49ddea339757, findElement {using=xpath, value=//p[contains(text(),'Insert post test description for validation')]/parent::div}]
Capabilities {acceptInsecureCerts: false, browserName: chrome, browserVersion: 130.0.6723.70, chrome: {chromedriverVersion: 130.0.6723.69 (3ec172b971b9..., userDataDir: C:\Users\MARY~1.CRU\AppData...}, fedcm:accounts: true, goog:chromeOptions: {debuggerAddress: localhost:52277}, networkConnectionEnabled: false, pageLoadStrategy: normal, platformName: windows, proxy: Proxy(), se:cdp: ws://localhost:52277/devtoo..., se:cdpVersion: 130.0.6723.70, setWindowRect: true, strictFileInteractability: false, timeouts: {implicit: 0, pageLoad: 300000, script: 30000}, unhandledPromptBehavior: dismiss and notify, webauthn:extension:credBlob: true, webauthn:extension:largeBlob: true, webauthn:extension:minPinLength: true, webauthn:extension:prf: true, webauthn:virtualAuthenticators: true}
Session ID: 8d58827a941f0d72f84c49ddea339757
[INFO ] 2024-10-29 13:58:52.795 - org.openqa.selenium.NoSuchElementException: no such element: Unable to locate element: {"method":"xpath","selector":"//p[contains(text(),'Insert post test description for validation')]/parent::div"}
  (Session info: chrome=130.0.6723.70)
For documentation on this error, please visit: https://www.selenium.dev/documentation/webdriver/troubleshooting/errors#no-such-element-exception
Build info: version: '4.10.0', revision: 'c14d967899'
System info: os.name: 'Windows 10', os.arch: 'amd64', os.version: '10.0', java.version: '17.0.10'
Driver info: org.openqa.selenium.chrome.ChromeDriver
Command: [8d58827a941f0d72f84c49ddea339757, findElement {using=xpath, value=//p[contains(text(),'Insert post test description for validation')]/parent::div}]
Capabilities {acceptInsecureCerts: false, browserName: chrome, browserVersion: 130.0.6723.70, chrome: {chromedriverVersion: 130.0.6723.69 (3ec172b971b9..., userDataDir: C:\Users\MARY~1.CRU\AppData...}, fedcm:accounts: true, goog:chromeOptions: {debuggerAddress: localhost:52277}, networkConnectionEnabled: false, pageLoadStrategy: normal, platformName: windows, proxy: Proxy(), se:cdp: ws://localhost:52277/devtoo..., se:cdpVersion: 130.0.6723.70, setWindowRect: true, strictFileInteractability: false, timeouts: {implicit: 0, pageLoad: 300000, script: 30000}, unhandledPromptBehavior: dismiss and notify, webauthn:extension:credBlob: true, webauthn:extension:largeBlob: true, webauthn:extension:minPinLength: true, webauthn:extension:prf: true, webauthn:virtualAuthenticators: true}
Session ID: 8d58827a941f0d72f84c49ddea339757
[INFO ] 2024-10-29 13:58:52.799 - =================================== END TEST ===================================
