[INFO ] 2024-11-08 11:15:33.363 - =================================== START TEST ===================================
[INFO ] 2024-11-08 11:15:33.381 - Test Case report initialize for VerifyUnsuccesfulDownloadofEE
[INFO ] 2024-11-08 11:16:06.416 - PASSED - Step 1 - username is displayed.
[INFO ] 2024-11-08 11:16:06.491 - PASSED - Step 2 - username is populated with Admin.
[INFO ] 2024-11-08 11:16:06.526 - PASSED - Step 3 - password is displayed.
[INFO ] 2024-11-08 11:16:06.582 - PASSED - Step 4 - password is populated with admin123.
[INFO ] 2024-11-08 11:16:07.946 - PASSED - Step 5 - loginButton was clicked.
[INFO ] 2024-11-08 11:16:08.364 - PASSED - Step 6 - My Info Tab is visible.
[INFO ] 2024-11-08 11:16:09.394 - PASSED - Step 7 - My Info Tab was clicked.
[INFO ] 2024-11-08 11:16:09.890 - PASSED - Step 8 - Employee full name is visible.
[INFO ] 2024-11-08 11:16:12.933 - PASSED - Step 9 - manda
[INFO ] 2024-11-08 11:16:12.971 - PASSED - Step 10 - tab_Maintenance is visible.
[INFO ] 2024-11-08 11:16:13.732 - PASSED - Step 11 - tab_Maintenance was clicked.
[INFO ] 2024-11-08 11:16:14.149 - PASSED - Step 12 - password is visible.
[INFO ] 2024-11-08 11:16:14.187 - PASSED - Step 13 - password is populated with admin123.
[INFO ] 2024-11-08 11:16:14.219 - PASSED - Step 14 - Submit button is visible.
[INFO ] 2024-11-08 11:16:14.247 - PASSED - Step 15 - Submit button was clicked.
[INFO ] 2024-11-08 11:16:17.295 - PASSED - Step 16 - Header Access Records is visible.
[INFO ] 2024-11-08 11:16:17.732 - PASSED - Step 17 - Header Access Records was clicked.
[INFO ] 2024-11-08 11:16:18.114 - PASSED - Step 18 - Input for Download Personal Data is visible.
[INFO ] 2024-11-08 11:16:19.494 - PASSED - Step 19 - Submit button was clicked.
[INFO ] 2024-11-08 11:16:22.555 - PASSED - Step 20 - Download button is visible.
[INFO ] 2024-11-08 11:16:22.643 - PASSED - Step 21 - Download button was clicked.
[ERROR] 2024-11-08 11:16:40.244 - FAILED - org.openqa.selenium.NoSuchElementException: no such element: Unable to locate element: {"method":"xpath","selector":"//body[@class='neterror']/ancestor::html"}
  (Session info: chrome=130.0.6723.71)
For documentation on this error, please visit: https://www.selenium.dev/documentation/webdriver/troubleshooting/errors#no-such-element-exception
Build info: version: '4.10.0', revision: 'c14d967899'
System info: os.name: 'Windows 10', os.arch: 'amd64', os.version: '10.0', java.version: '23.0.1'
Driver info: org.openqa.selenium.chrome.ChromeDriver
Command: [3a479c62c8a37f8ed18209b700b1f17c, findElement {using=xpath, value=//body[@class='neterror']/ancestor::html}]
Capabilities {acceptInsecureCerts: false, browserName: chrome, browserVersion: 130.0.6723.71, chrome: {chromedriverVersion: 130.0.6723.116 (6ac35f94ae3..., userDataDir: C:\Users\MARY~1.CRU\AppData...}, fedcm:accounts: true, goog:chromeOptions: {debuggerAddress: localhost:49179}, networkConnectionEnabled: false, pageLoadStrategy: normal, platformName: windows, proxy: Proxy(), se:cdp: ws://localhost:49179/devtoo..., se:cdpVersion: 130.0.6723.71, setWindowRect: true, strictFileInteractability: false, timeouts: {implicit: 0, pageLoad: 300000, script: 30000}, unhandledPromptBehavior: dismiss and notify, webauthn:extension:credBlob: true, webauthn:extension:largeBlob: true, webauthn:extension:minPinLength: true, webauthn:extension:prf: true, webauthn:virtualAuthenticators: true}
Session ID: 3a479c62c8a37f8ed18209b700b1f17c
[INFO ] 2024-11-08 11:16:40.245 - org.openqa.selenium.NoSuchElementException: no such element: Unable to locate element: {"method":"xpath","selector":"//body[@class='neterror']/ancestor::html"}
  (Session info: chrome=130.0.6723.71)
For documentation on this error, please visit: https://www.selenium.dev/documentation/webdriver/troubleshooting/errors#no-such-element-exception
Build info: version: '4.10.0', revision: 'c14d967899'
System info: os.name: 'Windows 10', os.arch: 'amd64', os.version: '10.0', java.version: '23.0.1'
Driver info: org.openqa.selenium.chrome.ChromeDriver
Command: [3a479c62c8a37f8ed18209b700b1f17c, findElement {using=xpath, value=//body[@class='neterror']/ancestor::html}]
Capabilities {acceptInsecureCerts: false, browserName: chrome, browserVersion: 130.0.6723.71, chrome: {chromedriverVersion: 130.0.6723.116 (6ac35f94ae3..., userDataDir: C:\Users\MARY~1.CRU\AppData...}, fedcm:accounts: true, goog:chromeOptions: {debuggerAddress: localhost:49179}, networkConnectionEnabled: false, pageLoadStrategy: normal, platformName: windows, proxy: Proxy(), se:cdp: ws://localhost:49179/devtoo..., se:cdpVersion: 130.0.6723.71, setWindowRect: true, strictFileInteractability: false, timeouts: {implicit: 0, pageLoad: 300000, script: 30000}, unhandledPromptBehavior: dismiss and notify, webauthn:extension:credBlob: true, webauthn:extension:largeBlob: true, webauthn:extension:minPinLength: true, webauthn:extension:prf: true, webauthn:virtualAuthenticators: true}
Session ID: 3a479c62c8a37f8ed18209b700b1f17c
[INFO ] 2024-11-08 11:16:40.245 - =================================== END TEST ===================================
