[INFO ] 2024-11-06 11:23:55.778 - =================================== START TEST ===================================
[INFO ] 2024-11-06 11:23:55.787 - Test Case report initialize for VerifyAddedAdminRoleOnEE
[INFO ] 2024-11-06 11:24:28.690 - PASSED - Step 1 - username is displayed.
[INFO ] 2024-11-06 11:24:28.746 - PASSED - Step 2 - username is populated with Admin.
[INFO ] 2024-11-06 11:24:28.778 - PASSED - Step 3 - password is displayed.
[INFO ] 2024-11-06 11:24:28.853 - PASSED - Step 4 - password is populated with admin123.
[INFO ] 2024-11-06 11:24:28.900 - PASSED - Step 5 - loginButton was clicked.
[INFO ] 2024-11-06 11:24:30.840 - PASSED - Step 6 - My Info Tab is visible.
[INFO ] 2024-11-06 11:24:31.966 - PASSED - Step 7 - My Info Tab was clicked.
[INFO ] 2024-11-06 11:24:32.389 - PASSED - Step 8 - Employee full name is visible.
[INFO ] 2024-11-06 11:24:35.455 - PASSED - Step 9 - joaquin
[INFO ] 2024-11-06 11:24:35.509 - PASSED - Step 10 - akhil
[INFO ] 2024-11-06 11:24:35.562 - PASSED - Step 11 - user
[INFO ] 2024-11-06 11:24:35.641 - PASSED - Step 12 - Admin Tab is visible.
[INFO ] 2024-11-06 11:24:36.510 - PASSED - Step 13 - Admin Tab was clicked.
[INFO ] 2024-11-06 11:24:36.832 - PASSED - Step 14 - addButton is displayed.
[INFO ] 2024-11-06 11:24:37.261 - PASSED - Step 15 - addButton was clicked.
[INFO ] 2024-11-06 11:24:37.659 - PASSED - Step 16 - User role dropdown is visible.
[INFO ] 2024-11-06 11:24:37.744 - PASSED - Step 17 - User role dropdown was clicked.
[INFO ] 2024-11-06 11:24:37.804 - PASSED - Step 18 - Listbox user role options is visible.
[INFO ] 2024-11-06 11:24:37.892 - PASSED - Step 19 - Listbox user role options was clicked.
[INFO ] 2024-11-06 11:24:37.940 - PASSED - Step 20 - Status dropdown was clicked.
[INFO ] 2024-11-06 11:24:38.000 - PASSED - Step 21 - Listbox status options is visible.
[INFO ] 2024-11-06 11:24:38.049 - PASSED - Step 22 - Listbox status options was clicked.
[INFO ] 2024-11-06 11:24:38.141 - PASSED - Step 23 - Input Employee fullname of existing employee was clicked.
[INFO ] 2024-11-06 11:24:42.613 - PASSED - Step 24 - Username field was clicked.
[INFO ] 2024-11-06 11:24:43.014 - PASSED - Step 25 - Username field is populated with mika.bosco.
[INFO ] 2024-11-06 11:24:43.152 - PASSED - Step 26 - confirm password was clicked.
[INFO ] 2024-11-06 11:24:43.332 - PASSED - Step 27 - password is populated with admin123.
[INFO ] 2024-11-06 11:24:43.496 - PASSED - Step 28 - confirm password is populated with admin123.
[INFO ] 2024-11-06 11:24:43.575 - PASSED - Step 29 - tab User Management is visible.
[INFO ] 2024-11-06 11:24:43.662 - PASSED - Step 30 - tab User Management was clicked.
[ERROR] 2024-11-06 11:24:55.677 - FAILED - org.openqa.selenium.NoSuchElementException: no such element: Unable to locate element: {"method":"xpath","selector":"(//div[contains(@class,'oxd-table-cell oxd-padding-cell')]//div)[4]"}
  (Session info: chrome=130.0.6723.71)
For documentation on this error, please visit: https://www.selenium.dev/documentation/webdriver/troubleshooting/errors#no-such-element-exception
Build info: version: '4.10.0', revision: 'c14d967899'
System info: os.name: 'Windows 10', os.arch: 'amd64', os.version: '10.0', java.version: '17.0.10'
Driver info: org.openqa.selenium.chrome.ChromeDriver
Command: [f05a992ee908d4580edb32d439fd00ee, findElement {using=xpath, value=(//div[contains(@class,'oxd-table-cell oxd-padding-cell')]//div)[4]}]
Capabilities {acceptInsecureCerts: false, browserName: chrome, browserVersion: 130.0.6723.71, chrome: {chromedriverVersion: 130.0.6723.93 (dbcf0550c05e..., userDataDir: C:\Users\MARY~1.CRU\AppData...}, fedcm:accounts: true, goog:chromeOptions: {debuggerAddress: localhost:59760}, networkConnectionEnabled: false, pageLoadStrategy: normal, platformName: windows, proxy: Proxy(), se:cdp: ws://localhost:59760/devtoo..., se:cdpVersion: 130.0.6723.71, setWindowRect: true, strictFileInteractability: false, timeouts: {implicit: 0, pageLoad: 300000, script: 30000}, unhandledPromptBehavior: dismiss and notify, webauthn:extension:credBlob: true, webauthn:extension:largeBlob: true, webauthn:extension:minPinLength: true, webauthn:extension:prf: true, webauthn:virtualAuthenticators: true}
Session ID: f05a992ee908d4580edb32d439fd00ee
[INFO ] 2024-11-06 11:24:55.680 - org.openqa.selenium.NoSuchElementException: no such element: Unable to locate element: {"method":"xpath","selector":"(//div[contains(@class,'oxd-table-cell oxd-padding-cell')]//div)[4]"}
  (Session info: chrome=130.0.6723.71)
For documentation on this error, please visit: https://www.selenium.dev/documentation/webdriver/troubleshooting/errors#no-such-element-exception
Build info: version: '4.10.0', revision: 'c14d967899'
System info: os.name: 'Windows 10', os.arch: 'amd64', os.version: '10.0', java.version: '17.0.10'
Driver info: org.openqa.selenium.chrome.ChromeDriver
Command: [f05a992ee908d4580edb32d439fd00ee, findElement {using=xpath, value=(//div[contains(@class,'oxd-table-cell oxd-padding-cell')]//div)[4]}]
Capabilities {acceptInsecureCerts: false, browserName: chrome, browserVersion: 130.0.6723.71, chrome: {chromedriverVersion: 130.0.6723.93 (dbcf0550c05e..., userDataDir: C:\Users\MARY~1.CRU\AppData...}, fedcm:accounts: true, goog:chromeOptions: {debuggerAddress: localhost:59760}, networkConnectionEnabled: false, pageLoadStrategy: normal, platformName: windows, proxy: Proxy(), se:cdp: ws://localhost:59760/devtoo..., se:cdpVersion: 130.0.6723.71, setWindowRect: true, strictFileInteractability: false, timeouts: {implicit: 0, pageLoad: 300000, script: 30000}, unhandledPromptBehavior: dismiss and notify, webauthn:extension:credBlob: true, webauthn:extension:largeBlob: true, webauthn:extension:minPinLength: true, webauthn:extension:prf: true, webauthn:virtualAuthenticators: true}
Session ID: f05a992ee908d4580edb32d439fd00ee
[INFO ] 2024-11-06 11:24:55.681 - =================================== END TEST ===================================
