[INFO ] 2024-10-18 10:58:13.219 - =================================== START TEST ===================================
[INFO ] 2024-10-18 10:58:13.227 - Test Case report initialize for VerifyDifferentLoginOptions
[INFO ] 2024-10-18 10:58:46.159 - PASSED - Step 1 - username is displayed.
[INFO ] 2024-10-18 10:58:46.211 - PASSED - Step 2 - username is populated with Admin.
[INFO ] 2024-10-18 10:58:46.240 - PASSED - Step 3 - password is displayed.
[INFO ] 2024-10-18 10:58:46.306 - PASSED - Step 4 - password is populated with admin123.
[INFO ] 2024-10-18 10:58:46.351 - PASSED - Step 5 - loginButton was clicked.
[INFO ] 2024-10-18 10:58:49.166 - PASSED - Step 6 - Orange HRM Homepage Logo is displayed.
[INFO ] 2024-10-18 10:58:49.202 - PASSED - Step 7 - User account dropdown is visible.
[INFO ] 2024-10-18 10:58:49.239 - PASSED - Step 8 - User account dropdown was clicked.
[INFO ] 2024-10-18 10:58:49.784 - PASSED - Step 9 - User account logout is visible.
[INFO ] 2024-10-18 10:58:51.478 - PASSED - Step 10 - User account logout was clicked.
[ERROR] 2024-10-18 10:59:02.804 - FAILED - org.openqa.selenium.NoSuchElementException: no such element: Unable to locate element: {"method":"xpath","selector":"//p[text()='Invalid credentials']/parent::div[contains(@class,'error')]"}
  (Session info: chrome=129.0.6668.100)
For documentation on this error, please visit: https://www.selenium.dev/documentation/webdriver/troubleshooting/errors#no-such-element-exception
Build info: version: '4.10.0', revision: 'c14d967899'
System info: os.name: 'Windows 10', os.arch: 'amd64', os.version: '10.0', java.version: '17.0.10'
Driver info: org.openqa.selenium.chrome.ChromeDriver
Command: [487af6f80ca391829f7bdd14133508a5, findElement {using=xpath, value=//p[text()='Invalid credentials']/parent::div[contains(@class,'error')]}]
Capabilities {acceptInsecureCerts: false, browserName: chrome, browserVersion: 129.0.6668.100, chrome: {chromedriverVersion: 129.0.6668.100 (cf58cba358d..., userDataDir: C:\Users\MARY~1.CRU\AppData...}, fedcm:accounts: true, goog:chromeOptions: {debuggerAddress: localhost:57444}, networkConnectionEnabled: false, pageLoadStrategy: normal, platformName: windows, proxy: Proxy(), se:cdp: ws://localhost:57444/devtoo..., se:cdpVersion: 129.0.6668.100, setWindowRect: true, strictFileInteractability: false, timeouts: {implicit: 0, pageLoad: 300000, script: 30000}, unhandledPromptBehavior: dismiss and notify, webauthn:extension:credBlob: true, webauthn:extension:largeBlob: true, webauthn:extension:minPinLength: true, webauthn:extension:prf: true, webauthn:virtualAuthenticators: true}
Session ID: 487af6f80ca391829f7bdd14133508a5
[INFO ] 2024-10-18 10:59:02.806 - org.openqa.selenium.NoSuchElementException: no such element: Unable to locate element: {"method":"xpath","selector":"//p[text()='Invalid credentials']/parent::div[contains(@class,'error')]"}
  (Session info: chrome=129.0.6668.100)
For documentation on this error, please visit: https://www.selenium.dev/documentation/webdriver/troubleshooting/errors#no-such-element-exception
Build info: version: '4.10.0', revision: 'c14d967899'
System info: os.name: 'Windows 10', os.arch: 'amd64', os.version: '10.0', java.version: '17.0.10'
Driver info: org.openqa.selenium.chrome.ChromeDriver
Command: [487af6f80ca391829f7bdd14133508a5, findElement {using=xpath, value=//p[text()='Invalid credentials']/parent::div[contains(@class,'error')]}]
Capabilities {acceptInsecureCerts: false, browserName: chrome, browserVersion: 129.0.6668.100, chrome: {chromedriverVersion: 129.0.6668.100 (cf58cba358d..., userDataDir: C:\Users\MARY~1.CRU\AppData...}, fedcm:accounts: true, goog:chromeOptions: {debuggerAddress: localhost:57444}, networkConnectionEnabled: false, pageLoadStrategy: normal, platformName: windows, proxy: Proxy(), se:cdp: ws://localhost:57444/devtoo..., se:cdpVersion: 129.0.6668.100, setWindowRect: true, strictFileInteractability: false, timeouts: {implicit: 0, pageLoad: 300000, script: 30000}, unhandledPromptBehavior: dismiss and notify, webauthn:extension:credBlob: true, webauthn:extension:largeBlob: true, webauthn:extension:minPinLength: true, webauthn:extension:prf: true, webauthn:virtualAuthenticators: true}
Session ID: 487af6f80ca391829f7bdd14133508a5
[INFO ] 2024-10-18 10:59:02.806 - =================================== END TEST ===================================
