[INFO ] 2024-11-07 15:12:31.987 - =================================== START TEST ===================================
[INFO ] 2024-11-07 15:12:32.000 - Test Case report initialize for VerifyUnsuccesfulDownloadofEE
[INFO ] 2024-11-07 15:13:28.381 - PASSED - Step 1 - username is displayed.
[INFO ] 2024-11-07 15:13:28.464 - PASSED - Step 2 - username is populated with Admin.
[INFO ] 2024-11-07 15:13:28.510 - PASSED - Step 3 - password is displayed.
[INFO ] 2024-11-07 15:13:28.648 - PASSED - Step 4 - password is populated with admin123.
[INFO ] 2024-11-07 15:13:28.718 - PASSED - Step 5 - loginButton was clicked.
[INFO ] 2024-11-07 15:13:30.421 - PASSED - Step 6 - tab_Maintenance is visible.
[INFO ] 2024-11-07 15:13:31.451 - PASSED - Step 7 - tab_Maintenance was clicked.
[INFO ] 2024-11-07 15:13:31.854 - PASSED - Step 8 - password is visible.
[INFO ] 2024-11-07 15:13:31.926 - PASSED - Step 9 - password is populated with admin123.
[INFO ] 2024-11-07 15:13:31.985 - PASSED - Step 10 - Submit button is visible.
[INFO ] 2024-11-07 15:13:33.920 - PASSED - Step 11 - Submit button was clicked.
[INFO ] 2024-11-07 15:13:37.013 - PASSED - Step 12 - Header Access Records is visible.
[INFO ] 2024-11-07 15:13:37.516 - PASSED - Step 13 - Header Access Records was clicked.
[INFO ] 2024-11-07 15:13:37.944 - PASSED - Step 14 - Input for Download Personal Data is visible.
[INFO ] 2024-11-07 15:13:38.007 - PASSED - Step 15 - Submit button was clicked.
[ERROR] 2024-11-07 15:13:53.752 - FAILED - org.openqa.selenium.NoSuchElementException: no such element: Unable to locate element: {"method":"xpath","selector":"(//button[contains(@class,'secondary')])[2]"}
  (Session info: chrome=130.0.6723.71)
For documentation on this error, please visit: https://www.selenium.dev/documentation/webdriver/troubleshooting/errors#no-such-element-exception
Build info: version: '4.10.0', revision: 'c14d967899'
System info: os.name: 'Windows 10', os.arch: 'amd64', os.version: '10.0', java.version: '17.0.10'
Driver info: org.openqa.selenium.chrome.ChromeDriver
Command: [f79566eaeab23ba0fe68b9a5e3490bcf, findElement {using=xpath, value=(//button[contains(@class,'secondary')])[2]}]
Capabilities {acceptInsecureCerts: false, browserName: chrome, browserVersion: 130.0.6723.71, chrome: {chromedriverVersion: 130.0.6723.116 (6ac35f94ae3..., userDataDir: C:\Users\MARY~1.CRU\AppData...}, fedcm:accounts: true, goog:chromeOptions: {debuggerAddress: localhost:54757}, networkConnectionEnabled: false, pageLoadStrategy: normal, platformName: windows, proxy: Proxy(), se:cdp: ws://localhost:54757/devtoo..., se:cdpVersion: 130.0.6723.71, setWindowRect: true, strictFileInteractability: false, timeouts: {implicit: 0, pageLoad: 300000, script: 30000}, unhandledPromptBehavior: dismiss and notify, webauthn:extension:credBlob: true, webauthn:extension:largeBlob: true, webauthn:extension:minPinLength: true, webauthn:extension:prf: true, webauthn:virtualAuthenticators: true}
Session ID: f79566eaeab23ba0fe68b9a5e3490bcf
[INFO ] 2024-11-07 15:13:53.753 - org.openqa.selenium.NoSuchElementException: no such element: Unable to locate element: {"method":"xpath","selector":"(//button[contains(@class,'secondary')])[2]"}
  (Session info: chrome=130.0.6723.71)
For documentation on this error, please visit: https://www.selenium.dev/documentation/webdriver/troubleshooting/errors#no-such-element-exception
Build info: version: '4.10.0', revision: 'c14d967899'
System info: os.name: 'Windows 10', os.arch: 'amd64', os.version: '10.0', java.version: '17.0.10'
Driver info: org.openqa.selenium.chrome.ChromeDriver
Command: [f79566eaeab23ba0fe68b9a5e3490bcf, findElement {using=xpath, value=(//button[contains(@class,'secondary')])[2]}]
Capabilities {acceptInsecureCerts: false, browserName: chrome, browserVersion: 130.0.6723.71, chrome: {chromedriverVersion: 130.0.6723.116 (6ac35f94ae3..., userDataDir: C:\Users\MARY~1.CRU\AppData...}, fedcm:accounts: true, goog:chromeOptions: {debuggerAddress: localhost:54757}, networkConnectionEnabled: false, pageLoadStrategy: normal, platformName: windows, proxy: Proxy(), se:cdp: ws://localhost:54757/devtoo..., se:cdpVersion: 130.0.6723.71, setWindowRect: true, strictFileInteractability: false, timeouts: {implicit: 0, pageLoad: 300000, script: 30000}, unhandledPromptBehavior: dismiss and notify, webauthn:extension:credBlob: true, webauthn:extension:largeBlob: true, webauthn:extension:minPinLength: true, webauthn:extension:prf: true, webauthn:virtualAuthenticators: true}
Session ID: f79566eaeab23ba0fe68b9a5e3490bcf
[INFO ] 2024-11-07 15:13:53.754 - =================================== END TEST ===================================
