[INFO ] 2024-10-22 15:45:03.783 - =================================== START TEST ===================================
[INFO ] 2024-10-22 15:45:03.793 - Test Case report initialize for VerifyAddedAdminRoleOnEE
[INFO ] 2024-10-22 15:45:37.261 - PASSED - Step 1 - username is displayed.
[INFO ] 2024-10-22 15:45:37.350 - PASSED - Step 2 - username is populated with Admin.
[INFO ] 2024-10-22 15:45:37.385 - PASSED - Step 3 - password is displayed.
[INFO ] 2024-10-22 15:45:37.481 - PASSED - Step 4 - password is populated with admin123.
[INFO ] 2024-10-22 15:45:38.691 - PASSED - Step 5 - loginButton was clicked.
[INFO ] 2024-10-22 15:45:39.085 - PASSED - Step 6 - My Info Tab is visible.
[INFO ] 2024-10-22 15:45:40.110 - PASSED - Step 7 - My Info Tab was clicked.
[INFO ] 2024-10-22 15:45:40.559 - PASSED - Step 8 - Employee full name is visible.
[INFO ] 2024-10-22 15:45:43.596 - PASSED - Step 9 - Pháº¡m Quang
[INFO ] 2024-10-22 15:45:43.596 - PASSED - Step 10 - Employee full name text attribute captured.
[INFO ] 2024-10-22 15:45:43.647 - PASSED - Step 11 - Admin Tab is visible.
[INFO ] 2024-10-22 15:45:44.421 - PASSED - Step 12 - Admin Tab was clicked.
[INFO ] 2024-10-22 15:45:44.832 - PASSED - Step 13 - addButton is displayed.
[INFO ] 2024-10-22 15:45:45.317 - PASSED - Step 14 - addButton was clicked.
[INFO ] 2024-10-22 15:45:45.704 - PASSED - Step 15 - User role dropdown is visible.
[INFO ] 2024-10-22 15:45:45.740 - PASSED - Step 16 - User role dropdown was clicked.
[INFO ] 2024-10-22 15:45:45.782 - PASSED - Step 17 - Listbox user role options is visible.
[INFO ] 2024-10-22 15:45:45.837 - PASSED - Step 18 - Listbox user role options was clicked.
[INFO ] 2024-10-22 15:45:45.877 - PASSED - Step 19 - Status dropdown was clicked.
[INFO ] 2024-10-22 15:45:45.906 - PASSED - Step 20 - Listbox status options is visible.
[INFO ] 2024-10-22 15:45:45.939 - PASSED - Step 21 - Listbox status options was clicked.
[INFO ] 2024-10-22 15:45:45.982 - PASSED - Step 22 - Input Employee fullname of existing employee was clicked.
[INFO ] 2024-10-22 15:45:49.056 - PASSED - Step 23 - Input Employee fullname of existing employee is populated with .
[INFO ] 2024-10-22 15:45:49.140 - PASSED - Step 24 - Username field was clicked.
[INFO ] 2024-10-22 15:45:49.312 - PASSED - Step 25 - Username field is populated with jewel.russel.
[INFO ] 2024-10-22 15:45:49.373 - PASSED - Step 26 - confirm password was clicked.
[INFO ] 2024-10-22 15:45:49.417 - PASSED - Step 27 - confirm password is populated with admin123.
[INFO ] 2024-10-22 15:45:49.452 - PASSED - Step 28 - tab User Management is visible.
[INFO ] 2024-10-22 15:45:49.495 - PASSED - Step 29 - tab User Management was clicked.
[ERROR] 2024-10-22 15:46:02.158 - FAILED - org.openqa.selenium.NoSuchElementException: no such element: Unable to locate element: {"method":"xpath","selector":"(//div[contains(@class,'oxd-table-cell oxd-padding-cell')]//div)[4]"}
  (Session info: chrome=129.0.6668.101)
For documentation on this error, please visit: https://www.selenium.dev/documentation/webdriver/troubleshooting/errors#no-such-element-exception
Build info: version: '4.10.0', revision: 'c14d967899'
System info: os.name: 'Windows 10', os.arch: 'amd64', os.version: '10.0', java.version: '17.0.10'
Driver info: org.openqa.selenium.chrome.ChromeDriver
Command: [14593a3a3078d4d5086cf2202d1a5254, findElement {using=xpath, value=(//div[contains(@class,'oxd-table-cell oxd-padding-cell')]//div)[4]}]
Capabilities {acceptInsecureCerts: false, browserName: chrome, browserVersion: 129.0.6668.101, chrome: {chromedriverVersion: 129.0.6668.100 (cf58cba358d..., userDataDir: C:\Users\MARY~1.CRU\AppData...}, fedcm:accounts: true, goog:chromeOptions: {debuggerAddress: localhost:58745}, networkConnectionEnabled: false, pageLoadStrategy: normal, platformName: windows, proxy: Proxy(), se:cdp: ws://localhost:58745/devtoo..., se:cdpVersion: 129.0.6668.101, setWindowRect: true, strictFileInteractability: false, timeouts: {implicit: 0, pageLoad: 300000, script: 30000}, unhandledPromptBehavior: dismiss and notify, webauthn:extension:credBlob: true, webauthn:extension:largeBlob: true, webauthn:extension:minPinLength: true, webauthn:extension:prf: true, webauthn:virtualAuthenticators: true}
Session ID: 14593a3a3078d4d5086cf2202d1a5254
[INFO ] 2024-10-22 15:46:02.165 - org.openqa.selenium.NoSuchElementException: no such element: Unable to locate element: {"method":"xpath","selector":"(//div[contains(@class,'oxd-table-cell oxd-padding-cell')]//div)[4]"}
  (Session info: chrome=129.0.6668.101)
For documentation on this error, please visit: https://www.selenium.dev/documentation/webdriver/troubleshooting/errors#no-such-element-exception
Build info: version: '4.10.0', revision: 'c14d967899'
System info: os.name: 'Windows 10', os.arch: 'amd64', os.version: '10.0', java.version: '17.0.10'
Driver info: org.openqa.selenium.chrome.ChromeDriver
Command: [14593a3a3078d4d5086cf2202d1a5254, findElement {using=xpath, value=(//div[contains(@class,'oxd-table-cell oxd-padding-cell')]//div)[4]}]
Capabilities {acceptInsecureCerts: false, browserName: chrome, browserVersion: 129.0.6668.101, chrome: {chromedriverVersion: 129.0.6668.100 (cf58cba358d..., userDataDir: C:\Users\MARY~1.CRU\AppData...}, fedcm:accounts: true, goog:chromeOptions: {debuggerAddress: localhost:58745}, networkConnectionEnabled: false, pageLoadStrategy: normal, platformName: windows, proxy: Proxy(), se:cdp: ws://localhost:58745/devtoo..., se:cdpVersion: 129.0.6668.101, setWindowRect: true, strictFileInteractability: false, timeouts: {implicit: 0, pageLoad: 300000, script: 30000}, unhandledPromptBehavior: dismiss and notify, webauthn:extension:credBlob: true, webauthn:extension:largeBlob: true, webauthn:extension:minPinLength: true, webauthn:extension:prf: true, webauthn:virtualAuthenticators: true}
Session ID: 14593a3a3078d4d5086cf2202d1a5254
[INFO ] 2024-10-22 15:46:02.165 - =================================== END TEST ===================================
