[INFO ] 2024-11-07 14:02:00.579 - =================================== START TEST ===================================
[INFO ] 2024-11-07 14:02:00.587 - Test Case report initialize for VerifyAddEEViaDataImport
[INFO ] 2024-11-07 14:02:34.277 - PASSED - Step 1 - username is displayed.
[INFO ] 2024-11-07 14:02:34.363 - PASSED - Step 2 - username is populated with Admin.
[INFO ] 2024-11-07 14:02:34.407 - PASSED - Step 3 - password is displayed.
[INFO ] 2024-11-07 14:02:34.475 - PASSED - Step 4 - password is populated with admin123.
[INFO ] 2024-11-07 14:02:34.536 - PASSED - Step 5 - loginButton was clicked.
[INFO ] 2024-11-07 14:02:36.212 - PASSED - Step 6 - tab_PIM is visible.
[INFO ] 2024-11-07 14:02:37.159 - PASSED - Step 7 - tab_PIM was clicked.
[INFO ] 2024-11-07 14:02:37.649 - PASSED - Step 8 - Configuration tab is visible.
[INFO ] 2024-11-07 14:02:37.687 - PASSED - Step 9 - Configuration tab was clicked.
[INFO ] 2024-11-07 14:02:38.251 - PASSED - Step 10 - Configuration tab options is visible.
[INFO ] 2024-11-07 14:02:38.665 - PASSED - Step 11 - Configuration tab options was clicked.
[INFO ] 2024-11-07 14:02:39.051 - PASSED - Step 12 - field_inputPathtoUploadData is populated with C:\Users\mary.cruz\Desktop\ETAF\src\main\java\testData\importData_Test.csv.
[INFO ] 2024-11-07 14:02:39.090 - PASSED - Step 13 - button Save/Create is visible.
[INFO ] 2024-11-07 14:02:39.130 - PASSED - Step 14 - button Save/Create was clicked.
[ERROR] 2024-11-07 14:02:51.698 - FAILED - org.openqa.selenium.NoSuchElementException: no such element: Unable to locate element: {"method":"xpath","selector":"//p[text()='1 Record Successfully Imported']"}
  (Session info: chrome=130.0.6723.71)
For documentation on this error, please visit: https://www.selenium.dev/documentation/webdriver/troubleshooting/errors#no-such-element-exception
Build info: version: '4.10.0', revision: 'c14d967899'
System info: os.name: 'Windows 10', os.arch: 'amd64', os.version: '10.0', java.version: '17.0.10'
Driver info: org.openqa.selenium.chrome.ChromeDriver
Command: [00b189d763f0234b44459dce8b72c0a3, findElement {using=xpath, value=//p[text()='1 Record Successfully Imported']}]
Capabilities {acceptInsecureCerts: false, browserName: chrome, browserVersion: 130.0.6723.71, chrome: {chromedriverVersion: 130.0.6723.116 (6ac35f94ae3..., userDataDir: C:\Users\MARY~1.CRU\AppData...}, fedcm:accounts: true, goog:chromeOptions: {debuggerAddress: localhost:49218}, networkConnectionEnabled: false, pageLoadStrategy: normal, platformName: windows, proxy: Proxy(), se:cdp: ws://localhost:49218/devtoo..., se:cdpVersion: 130.0.6723.71, setWindowRect: true, strictFileInteractability: false, timeouts: {implicit: 0, pageLoad: 300000, script: 30000}, unhandledPromptBehavior: dismiss and notify, webauthn:extension:credBlob: true, webauthn:extension:largeBlob: true, webauthn:extension:minPinLength: true, webauthn:extension:prf: true, webauthn:virtualAuthenticators: true}
Session ID: 00b189d763f0234b44459dce8b72c0a3
[INFO ] 2024-11-07 14:02:51.699 - org.openqa.selenium.NoSuchElementException: no such element: Unable to locate element: {"method":"xpath","selector":"//p[text()='1 Record Successfully Imported']"}
  (Session info: chrome=130.0.6723.71)
For documentation on this error, please visit: https://www.selenium.dev/documentation/webdriver/troubleshooting/errors#no-such-element-exception
Build info: version: '4.10.0', revision: 'c14d967899'
System info: os.name: 'Windows 10', os.arch: 'amd64', os.version: '10.0', java.version: '17.0.10'
Driver info: org.openqa.selenium.chrome.ChromeDriver
Command: [00b189d763f0234b44459dce8b72c0a3, findElement {using=xpath, value=//p[text()='1 Record Successfully Imported']}]
Capabilities {acceptInsecureCerts: false, browserName: chrome, browserVersion: 130.0.6723.71, chrome: {chromedriverVersion: 130.0.6723.116 (6ac35f94ae3..., userDataDir: C:\Users\MARY~1.CRU\AppData...}, fedcm:accounts: true, goog:chromeOptions: {debuggerAddress: localhost:49218}, networkConnectionEnabled: false, pageLoadStrategy: normal, platformName: windows, proxy: Proxy(), se:cdp: ws://localhost:49218/devtoo..., se:cdpVersion: 130.0.6723.71, setWindowRect: true, strictFileInteractability: false, timeouts: {implicit: 0, pageLoad: 300000, script: 30000}, unhandledPromptBehavior: dismiss and notify, webauthn:extension:credBlob: true, webauthn:extension:largeBlob: true, webauthn:extension:minPinLength: true, webauthn:extension:prf: true, webauthn:virtualAuthenticators: true}
Session ID: 00b189d763f0234b44459dce8b72c0a3
[INFO ] 2024-11-07 14:02:51.700 - =================================== END TEST ===================================
