[INFO ] 2024-10-08 09:39:40.037 - =================================== START TEST ===================================
[INFO ] 2024-10-08 09:39:40.050 - Test Case report initialize for VerifysuccessfulAddofClaim
[INFO ] 2024-10-08 09:40:04.148 - PASSED - Step 1 - username is displayed.
[INFO ] 2024-10-08 09:40:04.220 - PASSED - Step 2 - username is populated with Admin.
[INFO ] 2024-10-08 09:40:04.254 - PASSED - Step 3 - password is displayed.
[INFO ] 2024-10-08 09:40:04.335 - PASSED - Step 4 - password is populated with admin123.
[INFO ] 2024-10-08 09:40:05.668 - PASSED - Step 5 - loginButton was clicked.
[INFO ] 2024-10-08 09:40:07.076 - PASSED - Step 6 - tab_Claim was clicked.
[INFO ] 2024-10-08 09:40:08.097 - PASSED - Step 7 - Submit Claim button was clicked.
[INFO ] 2024-10-08 09:40:08.515 - PASSED - Step 8 - Event dropdown is visible.
[INFO ] 2024-10-08 09:40:08.556 - PASSED - Step 9 - Event dropdown was clicked.
[INFO ] 2024-10-08 09:40:08.600 - PASSED - Step 10 - Listboxdropdown is visible.
[ERROR] 2024-10-08 09:40:11.449 - FAILED - java.lang.ClassCastException: class org.openqa.selenium.remote.RemoteWebElement cannot be cast to class org.openqa.selenium.By (org.openqa.selenium.remote.RemoteWebElement and org.openqa.selenium.By are in unnamed module of loader 'app')
[INFO ] 2024-10-08 09:40:11.450 - java.lang.ClassCastException: class org.openqa.selenium.remote.RemoteWebElement cannot be cast to class org.openqa.selenium.By (org.openqa.selenium.remote.RemoteWebElement and org.openqa.selenium.By are in unnamed module of loader 'app')
[INFO ] 2024-10-08 09:40:11.450 - =================================== END TEST ===================================
