[INFO ] 2024-10-29 13:33:03.192 - =================================== START TEST ===================================
[INFO ] 2024-10-29 13:33:03.203 - Test Case report initialize for VerifyDifferentLoginOptions
[INFO ] 2024-10-29 13:33:37.584 - PASSED - Step 1 - username is displayed.
[INFO ] 2024-10-29 13:33:37.643 - PASSED - Step 2 - username is populated with Admin.
[INFO ] 2024-10-29 13:33:37.684 - PASSED - Step 3 - password is displayed.
[INFO ] 2024-10-29 13:33:37.771 - PASSED - Step 4 - password is populated with admin123.
[INFO ] 2024-10-29 13:33:39.084 - PASSED - Step 5 - loginButton was clicked.
[INFO ] 2024-10-29 13:33:39.746 - PASSED - Step 6 - tab_Buzz is visible.
[INFO ] 2024-10-29 13:33:40.359 - PASSED - Step 7 - tab_Buzz was clicked.
[INFO ] 2024-10-29 13:33:40.795 - PASSED - Step 8 - field post is visible.
[INFO ] 2024-10-29 13:33:40.903 - PASSED - Step 9 - field post is populated with Insert post test description for validation....
[INFO ] 2024-10-29 13:33:40.969 - PASSED - Step 10 - post button was clicked.
[ERROR] 2024-10-29 13:34:02.544 - FAILED - org.openqa.selenium.NoSuchElementException: no such element: Unable to locate element: {"method":"xpath","selector":"//p[contains(text(),'Insert post test description for validation...')]"}
  (Session info: chrome=130.0.6723.70)
For documentation on this error, please visit: https://www.selenium.dev/documentation/webdriver/troubleshooting/errors#no-such-element-exception
Build info: version: '4.10.0', revision: 'c14d967899'
System info: os.name: 'Windows 10', os.arch: 'amd64', os.version: '10.0', java.version: '17.0.10'
Driver info: org.openqa.selenium.chrome.ChromeDriver
Command: [5f1a475757a52a869ff3f7733ff5fedd, findElement {using=xpath, value=//p[contains(text(),'Insert post test description for validation...')]}]
Capabilities {acceptInsecureCerts: false, browserName: chrome, browserVersion: 130.0.6723.70, chrome: {chromedriverVersion: 130.0.6723.69 (3ec172b971b9..., userDataDir: C:\Users\MARY~1.CRU\AppData...}, fedcm:accounts: true, goog:chromeOptions: {debuggerAddress: localhost:50482}, networkConnectionEnabled: false, pageLoadStrategy: normal, platformName: windows, proxy: Proxy(), se:cdp: ws://localhost:50482/devtoo..., se:cdpVersion: 130.0.6723.70, setWindowRect: true, strictFileInteractability: false, timeouts: {implicit: 0, pageLoad: 300000, script: 30000}, unhandledPromptBehavior: dismiss and notify, webauthn:extension:credBlob: true, webauthn:extension:largeBlob: true, webauthn:extension:minPinLength: true, webauthn:extension:prf: true, webauthn:virtualAuthenticators: true}
Session ID: 5f1a475757a52a869ff3f7733ff5fedd
[INFO ] 2024-10-29 13:34:02.545 - org.openqa.selenium.NoSuchElementException: no such element: Unable to locate element: {"method":"xpath","selector":"//p[contains(text(),'Insert post test description for validation...')]"}
  (Session info: chrome=130.0.6723.70)
For documentation on this error, please visit: https://www.selenium.dev/documentation/webdriver/troubleshooting/errors#no-such-element-exception
Build info: version: '4.10.0', revision: 'c14d967899'
System info: os.name: 'Windows 10', os.arch: 'amd64', os.version: '10.0', java.version: '17.0.10'
Driver info: org.openqa.selenium.chrome.ChromeDriver
Command: [5f1a475757a52a869ff3f7733ff5fedd, findElement {using=xpath, value=//p[contains(text(),'Insert post test description for validation...')]}]
Capabilities {acceptInsecureCerts: false, browserName: chrome, browserVersion: 130.0.6723.70, chrome: {chromedriverVersion: 130.0.6723.69 (3ec172b971b9..., userDataDir: C:\Users\MARY~1.CRU\AppData...}, fedcm:accounts: true, goog:chromeOptions: {debuggerAddress: localhost:50482}, networkConnectionEnabled: false, pageLoadStrategy: normal, platformName: windows, proxy: Proxy(), se:cdp: ws://localhost:50482/devtoo..., se:cdpVersion: 130.0.6723.70, setWindowRect: true, strictFileInteractability: false, timeouts: {implicit: 0, pageLoad: 300000, script: 30000}, unhandledPromptBehavior: dismiss and notify, webauthn:extension:credBlob: true, webauthn:extension:largeBlob: true, webauthn:extension:minPinLength: true, webauthn:extension:prf: true, webauthn:virtualAuthenticators: true}
Session ID: 5f1a475757a52a869ff3f7733ff5fedd
[INFO ] 2024-10-29 13:34:02.545 - =================================== END TEST ===================================
