[INFO ] 2024-11-06 11:21:20.727 - =================================== START TEST ===================================
[INFO ] 2024-11-06 11:21:20.738 - Test Case report initialize for VerifyAddedAdminRoleOnEE
[INFO ] 2024-11-06 11:21:54.279 - PASSED - Step 1 - username is displayed.
[INFO ] 2024-11-06 11:21:54.340 - PASSED - Step 2 - username is populated with Admin.
[INFO ] 2024-11-06 11:21:54.374 - PASSED - Step 3 - password is displayed.
[INFO ] 2024-11-06 11:21:54.446 - PASSED - Step 4 - password is populated with admin123.
[INFO ] 2024-11-06 11:21:55.648 - PASSED - Step 5 - loginButton was clicked.
[INFO ] 2024-11-06 11:21:56.038 - PASSED - Step 6 - My Info Tab is visible.
[INFO ] 2024-11-06 11:21:56.988 - PASSED - Step 7 - My Info Tab was clicked.
[INFO ] 2024-11-06 11:21:57.412 - PASSED - Step 8 - Employee full name is visible.
[INFO ] 2024-11-06 11:22:00.502 - PASSED - Step 9 - joaquin
[INFO ] 2024-11-06 11:22:00.542 - PASSED - Step 10 - akhil
[INFO ] 2024-11-06 11:22:00.595 - PASSED - Step 11 - user
[INFO ] 2024-11-06 11:22:00.684 - PASSED - Step 12 - Admin Tab is visible.
[INFO ] 2024-11-06 11:22:01.491 - PASSED - Step 13 - Admin Tab was clicked.
[INFO ] 2024-11-06 11:22:01.856 - PASSED - Step 14 - addButton is displayed.
[INFO ] 2024-11-06 11:22:02.332 - PASSED - Step 15 - addButton was clicked.
[INFO ] 2024-11-06 11:22:02.729 - PASSED - Step 16 - User role dropdown is visible.
[INFO ] 2024-11-06 11:22:02.787 - PASSED - Step 17 - User role dropdown was clicked.
[INFO ] 2024-11-06 11:22:02.830 - PASSED - Step 18 - Listbox user role options is visible.
[INFO ] 2024-11-06 11:22:02.873 - PASSED - Step 19 - Listbox user role options was clicked.
[INFO ] 2024-11-06 11:22:02.915 - PASSED - Step 20 - Status dropdown was clicked.
[INFO ] 2024-11-06 11:22:02.959 - PASSED - Step 21 - Listbox status options is visible.
[INFO ] 2024-11-06 11:22:02.998 - PASSED - Step 22 - Listbox status options was clicked.
[INFO ] 2024-11-06 11:22:03.046 - PASSED - Step 23 - Input Employee fullname of existing employee was clicked.
[INFO ] 2024-11-06 11:22:07.552 - PASSED - Step 24 - Username field was clicked.
[INFO ] 2024-11-06 11:22:07.789 - PASSED - Step 25 - Username field is populated with aurelio.bauch.
[INFO ] 2024-11-06 11:22:07.869 - PASSED - Step 26 - confirm password was clicked.
[INFO ] 2024-11-06 11:22:07.964 - PASSED - Step 27 - password is populated with admin123.
[INFO ] 2024-11-06 11:22:08.050 - PASSED - Step 28 - confirm password is populated with admin123.
[INFO ] 2024-11-06 11:22:08.115 - PASSED - Step 29 - tab User Management is visible.
[INFO ] 2024-11-06 11:22:08.182 - PASSED - Step 30 - tab User Management was clicked.
[ERROR] 2024-11-06 11:22:21.358 - FAILED - org.openqa.selenium.NoSuchElementException: no such element: Unable to locate element: {"method":"xpath","selector":"(//div[contains(@class,'oxd-table-cell oxd-padding-cell')]//div)[4]"}
  (Session info: chrome=130.0.6723.71)
For documentation on this error, please visit: https://www.selenium.dev/documentation/webdriver/troubleshooting/errors#no-such-element-exception
Build info: version: '4.10.0', revision: 'c14d967899'
System info: os.name: 'Windows 10', os.arch: 'amd64', os.version: '10.0', java.version: '17.0.10'
Driver info: org.openqa.selenium.chrome.ChromeDriver
Command: [0c7fab2e6834a30fd0e678ac6bf835cf, findElement {using=xpath, value=(//div[contains(@class,'oxd-table-cell oxd-padding-cell')]//div)[4]}]
Capabilities {acceptInsecureCerts: false, browserName: chrome, browserVersion: 130.0.6723.71, chrome: {chromedriverVersion: 130.0.6723.93 (dbcf0550c05e..., userDataDir: C:\Users\MARY~1.CRU\AppData...}, fedcm:accounts: true, goog:chromeOptions: {debuggerAddress: localhost:59594}, networkConnectionEnabled: false, pageLoadStrategy: normal, platformName: windows, proxy: Proxy(), se:cdp: ws://localhost:59594/devtoo..., se:cdpVersion: 130.0.6723.71, setWindowRect: true, strictFileInteractability: false, timeouts: {implicit: 0, pageLoad: 300000, script: 30000}, unhandledPromptBehavior: dismiss and notify, webauthn:extension:credBlob: true, webauthn:extension:largeBlob: true, webauthn:extension:minPinLength: true, webauthn:extension:prf: true, webauthn:virtualAuthenticators: true}
Session ID: 0c7fab2e6834a30fd0e678ac6bf835cf
[INFO ] 2024-11-06 11:22:21.360 - org.openqa.selenium.NoSuchElementException: no such element: Unable to locate element: {"method":"xpath","selector":"(//div[contains(@class,'oxd-table-cell oxd-padding-cell')]//div)[4]"}
  (Session info: chrome=130.0.6723.71)
For documentation on this error, please visit: https://www.selenium.dev/documentation/webdriver/troubleshooting/errors#no-such-element-exception
Build info: version: '4.10.0', revision: 'c14d967899'
System info: os.name: 'Windows 10', os.arch: 'amd64', os.version: '10.0', java.version: '17.0.10'
Driver info: org.openqa.selenium.chrome.ChromeDriver
Command: [0c7fab2e6834a30fd0e678ac6bf835cf, findElement {using=xpath, value=(//div[contains(@class,'oxd-table-cell oxd-padding-cell')]//div)[4]}]
Capabilities {acceptInsecureCerts: false, browserName: chrome, browserVersion: 130.0.6723.71, chrome: {chromedriverVersion: 130.0.6723.93 (dbcf0550c05e..., userDataDir: C:\Users\MARY~1.CRU\AppData...}, fedcm:accounts: true, goog:chromeOptions: {debuggerAddress: localhost:59594}, networkConnectionEnabled: false, pageLoadStrategy: normal, platformName: windows, proxy: Proxy(), se:cdp: ws://localhost:59594/devtoo..., se:cdpVersion: 130.0.6723.71, setWindowRect: true, strictFileInteractability: false, timeouts: {implicit: 0, pageLoad: 300000, script: 30000}, unhandledPromptBehavior: dismiss and notify, webauthn:extension:credBlob: true, webauthn:extension:largeBlob: true, webauthn:extension:minPinLength: true, webauthn:extension:prf: true, webauthn:virtualAuthenticators: true}
Session ID: 0c7fab2e6834a30fd0e678ac6bf835cf
[INFO ] 2024-11-06 11:22:21.361 - =================================== END TEST ===================================
