[INFO ] 2024-10-08 09:53:48.979 - =================================== START TEST ===================================
[INFO ] 2024-10-08 09:53:48.988 - Test Case report initialize for VerifysuccessfulAddofClaim
[INFO ] 2024-10-08 09:54:12.733 - PASSED - Step 1 - username is displayed.
[INFO ] 2024-10-08 09:54:12.795 - PASSED - Step 2 - username is populated with Admin.
[INFO ] 2024-10-08 09:54:12.828 - PASSED - Step 3 - password is displayed.
[INFO ] 2024-10-08 09:54:12.896 - PASSED - Step 4 - password is populated with admin123.
[INFO ] 2024-10-08 09:54:12.940 - PASSED - Step 5 - loginButton was clicked.
[INFO ] 2024-10-08 09:54:15.563 - PASSED - Step 6 - tab_Claim was clicked.
[INFO ] 2024-10-08 09:54:16.567 - PASSED - Step 7 - Submit Claim button was clicked.
[INFO ] 2024-10-08 09:54:16.934 - PASSED - Step 8 - Event dropdown is visible.
[INFO ] 2024-10-08 09:54:16.967 - PASSED - Step 9 - Event dropdown was clicked.
[INFO ] 2024-10-08 09:54:17.001 - PASSED - Step 10 - Listboxdropdown is visible.
[INFO ] 2024-10-08 09:54:17.298 - PASSED - Step 11 - Listbox Event options is visible.
[INFO ] 2024-10-08 09:54:17.333 - PASSED - Step 12 - Listbox Event options was clicked.
[INFO ] 2024-10-08 09:54:17.367 - PASSED - Step 13 - Event dropdown was clicked.
[ERROR] 2024-10-08 09:54:19.982 - FAILED - org.openqa.selenium.InvalidSelectorException: invalid selector
from javascript error: {"status":32,"value":"Unable to locate an element with the xpath expression (//label[text()='Currency']/parent::div/following-sibling::div because of the following error:\nSyntaxError: Failed to execute 'evaluate' on 'Document': The string '(//label[text()='Currency']/parent::div/following-sibling::div' is not a valid XPath expression."}
  (Session info: chrome=129.0.6668.90)
For documentation on this error, please visit: https://www.selenium.dev/documentation/webdriver/troubleshooting/errors#invalid-selector-exception
Build info: version: '4.10.0', revision: 'c14d967899'
System info: os.name: 'Windows 10', os.arch: 'amd64', os.version: '10.0', java.version: '17.0.10'
Driver info: org.openqa.selenium.chrome.ChromeDriver
Command: [e8784dc98d5894d6ae7f48be18ab0b39, findElement {using=xpath, value=(//label[text()='Currency']/parent::div/following-sibling::div}]
Capabilities {acceptInsecureCerts: false, browserName: chrome, browserVersion: 129.0.6668.90, chrome: {chromedriverVersion: 129.0.6668.89 (951c0b97221f..., userDataDir: C:\Users\MARY~1.CRU\AppData...}, fedcm:accounts: true, goog:chromeOptions: {debuggerAddress: localhost:58099}, networkConnectionEnabled: false, pageLoadStrategy: normal, platformName: windows, proxy: Proxy(), se:cdp: ws://localhost:58099/devtoo..., se:cdpVersion: 129.0.6668.90, setWindowRect: true, strictFileInteractability: false, timeouts: {implicit: 0, pageLoad: 300000, script: 30000}, unhandledPromptBehavior: dismiss and notify, webauthn:extension:credBlob: true, webauthn:extension:largeBlob: true, webauthn:extension:minPinLength: true, webauthn:extension:prf: true, webauthn:virtualAuthenticators: true}
Session ID: e8784dc98d5894d6ae7f48be18ab0b39
[INFO ] 2024-10-08 09:54:19.983 - org.openqa.selenium.InvalidSelectorException: invalid selector
from javascript error: {"status":32,"value":"Unable to locate an element with the xpath expression (//label[text()='Currency']/parent::div/following-sibling::div because of the following error:\nSyntaxError: Failed to execute 'evaluate' on 'Document': The string '(//label[text()='Currency']/parent::div/following-sibling::div' is not a valid XPath expression."}
  (Session info: chrome=129.0.6668.90)
For documentation on this error, please visit: https://www.selenium.dev/documentation/webdriver/troubleshooting/errors#invalid-selector-exception
Build info: version: '4.10.0', revision: 'c14d967899'
System info: os.name: 'Windows 10', os.arch: 'amd64', os.version: '10.0', java.version: '17.0.10'
Driver info: org.openqa.selenium.chrome.ChromeDriver
Command: [e8784dc98d5894d6ae7f48be18ab0b39, findElement {using=xpath, value=(//label[text()='Currency']/parent::div/following-sibling::div}]
Capabilities {acceptInsecureCerts: false, browserName: chrome, browserVersion: 129.0.6668.90, chrome: {chromedriverVersion: 129.0.6668.89 (951c0b97221f..., userDataDir: C:\Users\MARY~1.CRU\AppData...}, fedcm:accounts: true, goog:chromeOptions: {debuggerAddress: localhost:58099}, networkConnectionEnabled: false, pageLoadStrategy: normal, platformName: windows, proxy: Proxy(), se:cdp: ws://localhost:58099/devtoo..., se:cdpVersion: 129.0.6668.90, setWindowRect: true, strictFileInteractability: false, timeouts: {implicit: 0, pageLoad: 300000, script: 30000}, unhandledPromptBehavior: dismiss and notify, webauthn:extension:credBlob: true, webauthn:extension:largeBlob: true, webauthn:extension:minPinLength: true, webauthn:extension:prf: true, webauthn:virtualAuthenticators: true}
Session ID: e8784dc98d5894d6ae7f48be18ab0b39
[INFO ] 2024-10-08 09:54:19.983 - =================================== END TEST ===================================
