[INFO ] 2024-10-29 14:11:52.354 - =================================== START TEST ===================================
[INFO ] 2024-10-29 14:11:52.363 - Test Case report initialize for VerifyDifferentLoginOptions
[INFO ] 2024-10-29 14:12:25.558 - PASSED - Step 1 - username is displayed.
[INFO ] 2024-10-29 14:12:25.642 - PASSED - Step 2 - username is populated with Admin.
[INFO ] 2024-10-29 14:12:25.690 - PASSED - Step 3 - password is displayed.
[INFO ] 2024-10-29 14:12:25.799 - PASSED - Step 4 - password is populated with admin123.
[INFO ] 2024-10-29 14:12:27.037 - PASSED - Step 5 - loginButton was clicked.
[INFO ] 2024-10-29 14:12:27.449 - PASSED - Step 6 - tab_Buzz is visible.
[INFO ] 2024-10-29 14:12:28.021 - PASSED - Step 7 - tab_Buzz was clicked.
[INFO ] 2024-10-29 14:12:28.464 - PASSED - Step 8 - field post is visible.
[INFO ] 2024-10-29 14:12:31.702 - PASSED - Step 9 - field post was clicked.
[INFO ] 2024-10-29 14:12:31.804 - PASSED - Step 10 - field post is populated with Insert post test description for validation.
[INFO ] 2024-10-29 14:12:33.884 - PASSED - Step 11 - post button was clicked.
[ERROR] 2024-10-29 14:12:54.166 - FAILED - org.openqa.selenium.NoSuchElementException: no such element: Unable to locate element: {"method":"xpath","selector":"//p[contains(text(),'Insert post test description for validation')]/parent::div"}
  (Session info: chrome=130.0.6723.70)
For documentation on this error, please visit: https://www.selenium.dev/documentation/webdriver/troubleshooting/errors#no-such-element-exception
Build info: version: '4.10.0', revision: 'c14d967899'
System info: os.name: 'Windows 10', os.arch: 'amd64', os.version: '10.0', java.version: '17.0.10'
Driver info: org.openqa.selenium.chrome.ChromeDriver
Command: [92285cc1df94a0086f5c26e47fab64ff, findElement {using=xpath, value=//p[contains(text(),'Insert post test description for validation')]/parent::div}]
Capabilities {acceptInsecureCerts: false, browserName: chrome, browserVersion: 130.0.6723.70, chrome: {chromedriverVersion: 130.0.6723.69 (3ec172b971b9..., userDataDir: C:\Users\MARY~1.CRU\AppData...}, fedcm:accounts: true, goog:chromeOptions: {debuggerAddress: localhost:53846}, networkConnectionEnabled: false, pageLoadStrategy: normal, platformName: windows, proxy: Proxy(), se:cdp: ws://localhost:53846/devtoo..., se:cdpVersion: 130.0.6723.70, setWindowRect: true, strictFileInteractability: false, timeouts: {implicit: 0, pageLoad: 300000, script: 30000}, unhandledPromptBehavior: dismiss and notify, webauthn:extension:credBlob: true, webauthn:extension:largeBlob: true, webauthn:extension:minPinLength: true, webauthn:extension:prf: true, webauthn:virtualAuthenticators: true}
Session ID: 92285cc1df94a0086f5c26e47fab64ff
[INFO ] 2024-10-29 14:12:54.167 - org.openqa.selenium.NoSuchElementException: no such element: Unable to locate element: {"method":"xpath","selector":"//p[contains(text(),'Insert post test description for validation')]/parent::div"}
  (Session info: chrome=130.0.6723.70)
For documentation on this error, please visit: https://www.selenium.dev/documentation/webdriver/troubleshooting/errors#no-such-element-exception
Build info: version: '4.10.0', revision: 'c14d967899'
System info: os.name: 'Windows 10', os.arch: 'amd64', os.version: '10.0', java.version: '17.0.10'
Driver info: org.openqa.selenium.chrome.ChromeDriver
Command: [92285cc1df94a0086f5c26e47fab64ff, findElement {using=xpath, value=//p[contains(text(),'Insert post test description for validation')]/parent::div}]
Capabilities {acceptInsecureCerts: false, browserName: chrome, browserVersion: 130.0.6723.70, chrome: {chromedriverVersion: 130.0.6723.69 (3ec172b971b9..., userDataDir: C:\Users\MARY~1.CRU\AppData...}, fedcm:accounts: true, goog:chromeOptions: {debuggerAddress: localhost:53846}, networkConnectionEnabled: false, pageLoadStrategy: normal, platformName: windows, proxy: Proxy(), se:cdp: ws://localhost:53846/devtoo..., se:cdpVersion: 130.0.6723.70, setWindowRect: true, strictFileInteractability: false, timeouts: {implicit: 0, pageLoad: 300000, script: 30000}, unhandledPromptBehavior: dismiss and notify, webauthn:extension:credBlob: true, webauthn:extension:largeBlob: true, webauthn:extension:minPinLength: true, webauthn:extension:prf: true, webauthn:virtualAuthenticators: true}
Session ID: 92285cc1df94a0086f5c26e47fab64ff
[INFO ] 2024-10-29 14:12:54.168 - =================================== END TEST ===================================
