[INFO ] 2024-11-07 11:52:21.243 - =================================== START TEST ===================================
[INFO ] 2024-11-07 11:52:21.250 - Test Case report initialize for VerifyAddEEviaDataImport
[INFO ] 2024-11-07 11:52:54.266 - PASSED - Step 1 - username is displayed.
[INFO ] 2024-11-07 11:52:54.330 - PASSED - Step 2 - username is populated with Admin.
[INFO ] 2024-11-07 11:52:54.374 - PASSED - Step 3 - password is displayed.
[INFO ] 2024-11-07 11:52:54.453 - PASSED - Step 4 - password is populated with admin123.
[INFO ] 2024-11-07 11:52:55.752 - PASSED - Step 5 - loginButton was clicked.
[INFO ] 2024-11-07 11:52:56.146 - PASSED - Step 6 - tab_PIM is visible.
[INFO ] 2024-11-07 11:52:57.106 - PASSED - Step 7 - tab_PIM was clicked.
[INFO ] 2024-11-07 11:52:57.614 - PASSED - Step 8 - Configuration tab is visible.
[INFO ] 2024-11-07 11:52:57.660 - PASSED - Step 9 - Configuration tab was clicked.
[INFO ] 2024-11-07 11:52:58.224 - PASSED - Step 10 - Configuration tab options is visible.
[INFO ] 2024-11-07 11:52:58.647 - PASSED - Step 11 - Configuration tab options was clicked.
[INFO ] 2024-11-07 11:52:59.063 - PASSED - Step 12 - browse button is visible.
[INFO ] 2024-11-07 11:52:59.097 - PASSED - Step 13 - browse button was clicked.
[ERROR] 2024-11-07 11:53:11.667 - FAILED - org.openqa.selenium.NoSuchElementException: no such element: Unable to locate element: {"method":"xpath","selector":"//text[contains(@accessiblename,'File')]"}
  (Session info: chrome=130.0.6723.71)
For documentation on this error, please visit: https://www.selenium.dev/documentation/webdriver/troubleshooting/errors#no-such-element-exception
Build info: version: '4.10.0', revision: 'c14d967899'
System info: os.name: 'Windows 10', os.arch: 'amd64', os.version: '10.0', java.version: '17.0.10'
Driver info: org.openqa.selenium.chrome.ChromeDriver
Command: [fccf4c8afa478bc35683232d717701ad, findElement {using=xpath, value=//text[contains(@accessiblename,'File')]}]
Capabilities {acceptInsecureCerts: false, browserName: chrome, browserVersion: 130.0.6723.71, chrome: {chromedriverVersion: 130.0.6723.116 (6ac35f94ae3..., userDataDir: C:\Users\MARY~1.CRU\AppData...}, fedcm:accounts: true, goog:chromeOptions: {debuggerAddress: localhost:57749}, networkConnectionEnabled: false, pageLoadStrategy: normal, platformName: windows, proxy: Proxy(), se:cdp: ws://localhost:57749/devtoo..., se:cdpVersion: 130.0.6723.71, setWindowRect: true, strictFileInteractability: false, timeouts: {implicit: 0, pageLoad: 300000, script: 30000}, unhandledPromptBehavior: dismiss and notify, webauthn:extension:credBlob: true, webauthn:extension:largeBlob: true, webauthn:extension:minPinLength: true, webauthn:extension:prf: true, webauthn:virtualAuthenticators: true}
Session ID: fccf4c8afa478bc35683232d717701ad
[INFO ] 2024-11-07 11:53:11.667 - org.openqa.selenium.NoSuchElementException: no such element: Unable to locate element: {"method":"xpath","selector":"//text[contains(@accessiblename,'File')]"}
  (Session info: chrome=130.0.6723.71)
For documentation on this error, please visit: https://www.selenium.dev/documentation/webdriver/troubleshooting/errors#no-such-element-exception
Build info: version: '4.10.0', revision: 'c14d967899'
System info: os.name: 'Windows 10', os.arch: 'amd64', os.version: '10.0', java.version: '17.0.10'
Driver info: org.openqa.selenium.chrome.ChromeDriver
Command: [fccf4c8afa478bc35683232d717701ad, findElement {using=xpath, value=//text[contains(@accessiblename,'File')]}]
Capabilities {acceptInsecureCerts: false, browserName: chrome, browserVersion: 130.0.6723.71, chrome: {chromedriverVersion: 130.0.6723.116 (6ac35f94ae3..., userDataDir: C:\Users\MARY~1.CRU\AppData...}, fedcm:accounts: true, goog:chromeOptions: {debuggerAddress: localhost:57749}, networkConnectionEnabled: false, pageLoadStrategy: normal, platformName: windows, proxy: Proxy(), se:cdp: ws://localhost:57749/devtoo..., se:cdpVersion: 130.0.6723.71, setWindowRect: true, strictFileInteractability: false, timeouts: {implicit: 0, pageLoad: 300000, script: 30000}, unhandledPromptBehavior: dismiss and notify, webauthn:extension:credBlob: true, webauthn:extension:largeBlob: true, webauthn:extension:minPinLength: true, webauthn:extension:prf: true, webauthn:virtualAuthenticators: true}
Session ID: fccf4c8afa478bc35683232d717701ad
[INFO ] 2024-11-07 11:53:11.668 - =================================== END TEST ===================================
