[INFO ] 2024-11-04 13:59:52.965 - =================================== START TEST ===================================
[INFO ] 2024-11-04 13:59:52.979 - Test Case report initialize for VerifyAddedAdminRoleOnEE
[INFO ] 2024-11-04 14:00:25.670 - PASSED - Step 1 - username is displayed.
[INFO ] 2024-11-04 14:00:25.729 - PASSED - Step 2 - username is populated with Admin.
[INFO ] 2024-11-04 14:00:25.761 - PASSED - Step 3 - password is displayed.
[INFO ] 2024-11-04 14:00:25.833 - PASSED - Step 4 - password is populated with admin123.
[INFO ] 2024-11-04 14:00:25.881 - PASSED - Step 5 - loginButton was clicked.
[INFO ] 2024-11-04 14:00:27.544 - PASSED - Step 6 - My Info Tab is visible.
[INFO ] 2024-11-04 14:00:28.496 - PASSED - Step 7 - My Info Tab was clicked.
[INFO ] 2024-11-04 14:00:28.914 - PASSED - Step 8 - Employee full name is visible.
[INFO ] 2024-11-04 14:00:31.946 - PASSED - Step 9 - manda user
[INFO ] 2024-11-04 14:00:31.973 - PASSED - Step 10 - Admin Tab is visible.
[INFO ] 2024-11-04 14:00:32.728 - PASSED - Step 11 - Admin Tab was clicked.
[INFO ] 2024-11-04 14:00:33.097 - PASSED - Step 12 - addButton is displayed.
[INFO ] 2024-11-04 14:00:33.515 - PASSED - Step 13 - addButton was clicked.
[INFO ] 2024-11-04 14:00:33.884 - PASSED - Step 14 - User role dropdown is visible.
[INFO ] 2024-11-04 14:00:33.933 - PASSED - Step 15 - User role dropdown was clicked.
[INFO ] 2024-11-04 14:00:33.969 - PASSED - Step 16 - Listbox user role options is visible.
[INFO ] 2024-11-04 14:00:33.996 - PASSED - Step 17 - Listbox user role options was clicked.
[INFO ] 2024-11-04 14:00:34.024 - PASSED - Step 18 - Status dropdown was clicked.
[INFO ] 2024-11-04 14:00:34.052 - PASSED - Step 19 - Listbox status options is visible.
[INFO ] 2024-11-04 14:00:34.079 - PASSED - Step 20 - Listbox status options was clicked.
[INFO ] 2024-11-04 14:00:34.117 - PASSED - Step 21 - Input Employee fullname of existing employee was clicked.
[INFO ] 2024-11-04 14:00:37.222 - PASSED - Step 22 - Username field was clicked.
[INFO ] 2024-11-04 14:00:37.360 - PASSED - Step 23 - Username field is populated with candace.stokes.
[INFO ] 2024-11-04 14:00:37.394 - PASSED - Step 24 - confirm password was clicked.
[INFO ] 2024-11-04 14:00:37.423 - PASSED - Step 25 - confirm password is populated with admin123.
[INFO ] 2024-11-04 14:00:37.449 - PASSED - Step 26 - tab User Management is visible.
[INFO ] 2024-11-04 14:00:37.478 - PASSED - Step 27 - tab User Management was clicked.
[ERROR] 2024-11-04 14:00:49.993 - FAILED - org.openqa.selenium.NoSuchElementException: no such element: Unable to locate element: {"method":"xpath","selector":"(//div[contains(@class,'oxd-table-cell oxd-padding-cell')]//div)[4]"}
  (Session info: chrome=130.0.6723.71)
For documentation on this error, please visit: https://www.selenium.dev/documentation/webdriver/troubleshooting/errors#no-such-element-exception
Build info: version: '4.10.0', revision: 'c14d967899'
System info: os.name: 'Windows 10', os.arch: 'amd64', os.version: '10.0', java.version: '17.0.10'
Driver info: org.openqa.selenium.chrome.ChromeDriver
Command: [8a2521674280518d25b00a06d758c467, findElement {using=xpath, value=(//div[contains(@class,'oxd-table-cell oxd-padding-cell')]//div)[4]}]
Capabilities {acceptInsecureCerts: false, browserName: chrome, browserVersion: 130.0.6723.71, chrome: {chromedriverVersion: 130.0.6723.91 (53ac07678369..., userDataDir: C:\Users\MARY~1.CRU\AppData...}, fedcm:accounts: true, goog:chromeOptions: {debuggerAddress: localhost:54990}, networkConnectionEnabled: false, pageLoadStrategy: normal, platformName: windows, proxy: Proxy(), se:cdp: ws://localhost:54990/devtoo..., se:cdpVersion: 130.0.6723.71, setWindowRect: true, strictFileInteractability: false, timeouts: {implicit: 0, pageLoad: 300000, script: 30000}, unhandledPromptBehavior: dismiss and notify, webauthn:extension:credBlob: true, webauthn:extension:largeBlob: true, webauthn:extension:minPinLength: true, webauthn:extension:prf: true, webauthn:virtualAuthenticators: true}
Session ID: 8a2521674280518d25b00a06d758c467
[INFO ] 2024-11-04 14:00:49.994 - org.openqa.selenium.NoSuchElementException: no such element: Unable to locate element: {"method":"xpath","selector":"(//div[contains(@class,'oxd-table-cell oxd-padding-cell')]//div)[4]"}
  (Session info: chrome=130.0.6723.71)
For documentation on this error, please visit: https://www.selenium.dev/documentation/webdriver/troubleshooting/errors#no-such-element-exception
Build info: version: '4.10.0', revision: 'c14d967899'
System info: os.name: 'Windows 10', os.arch: 'amd64', os.version: '10.0', java.version: '17.0.10'
Driver info: org.openqa.selenium.chrome.ChromeDriver
Command: [8a2521674280518d25b00a06d758c467, findElement {using=xpath, value=(//div[contains(@class,'oxd-table-cell oxd-padding-cell')]//div)[4]}]
Capabilities {acceptInsecureCerts: false, browserName: chrome, browserVersion: 130.0.6723.71, chrome: {chromedriverVersion: 130.0.6723.91 (53ac07678369..., userDataDir: C:\Users\MARY~1.CRU\AppData...}, fedcm:accounts: true, goog:chromeOptions: {debuggerAddress: localhost:54990}, networkConnectionEnabled: false, pageLoadStrategy: normal, platformName: windows, proxy: Proxy(), se:cdp: ws://localhost:54990/devtoo..., se:cdpVersion: 130.0.6723.71, setWindowRect: true, strictFileInteractability: false, timeouts: {implicit: 0, pageLoad: 300000, script: 30000}, unhandledPromptBehavior: dismiss and notify, webauthn:extension:credBlob: true, webauthn:extension:largeBlob: true, webauthn:extension:minPinLength: true, webauthn:extension:prf: true, webauthn:virtualAuthenticators: true}
Session ID: 8a2521674280518d25b00a06d758c467
[INFO ] 2024-11-04 14:00:49.994 - =================================== END TEST ===================================
