[INFO ] 2024-11-04 14:57:10.537 - =================================== START TEST ===================================
[INFO ] 2024-11-04 14:57:10.544 - Test Case report initialize for VerifyAddedAdminRoleOnEE
[INFO ] 2024-11-04 14:57:43.760 - PASSED - Step 1 - username is displayed.
[INFO ] 2024-11-04 14:57:43.813 - PASSED - Step 2 - username is populated with Admin.
[INFO ] 2024-11-04 14:57:43.846 - PASSED - Step 3 - password is displayed.
[INFO ] 2024-11-04 14:57:43.904 - PASSED - Step 4 - password is populated with admin123.
[INFO ] 2024-11-04 14:57:45.012 - PASSED - Step 5 - loginButton was clicked.
[INFO ] 2024-11-04 14:57:45.432 - PASSED - Step 6 - My Info Tab is visible.
[INFO ] 2024-11-04 14:57:46.443 - PASSED - Step 7 - My Info Tab was clicked.
[INFO ] 2024-11-04 14:57:46.843 - PASSED - Step 8 - Employee full name is visible.
[INFO ] 2024-11-04 14:57:49.884 - PASSED - Step 9 - Sai Ram
[INFO ] 2024-11-04 14:57:49.905 - PASSED - Step 10 - Prudhvi
[INFO ] 2024-11-04 14:57:49.923 - PASSED - Step 11 - Gummaluri
[INFO ] 2024-11-04 14:57:49.956 - PASSED - Step 12 - Admin Tab is visible.
[INFO ] 2024-11-04 14:57:50.721 - PASSED - Step 13 - Admin Tab was clicked.
[INFO ] 2024-11-04 14:57:51.105 - PASSED - Step 14 - addButton is displayed.
[INFO ] 2024-11-04 14:57:51.532 - PASSED - Step 15 - addButton was clicked.
[INFO ] 2024-11-04 14:57:51.934 - PASSED - Step 16 - User role dropdown is visible.
[INFO ] 2024-11-04 14:57:51.974 - PASSED - Step 17 - User role dropdown was clicked.
[INFO ] 2024-11-04 14:57:52.011 - PASSED - Step 18 - Listbox user role options is visible.
[INFO ] 2024-11-04 14:57:52.043 - PASSED - Step 19 - Listbox user role options was clicked.
[INFO ] 2024-11-04 14:57:52.079 - PASSED - Step 20 - Status dropdown was clicked.
[INFO ] 2024-11-04 14:57:52.114 - PASSED - Step 21 - Listbox status options is visible.
[INFO ] 2024-11-04 14:57:52.140 - PASSED - Step 22 - Listbox status options was clicked.
[INFO ] 2024-11-04 14:57:52.183 - PASSED - Step 23 - Input Employee fullname of existing employee was clicked.
[INFO ] 2024-11-04 14:57:55.338 - PASSED - Step 24 - Username field was clicked.
[INFO ] 2024-11-04 14:57:55.470 - PASSED - Step 25 - Username field is populated with alix.stoltenberg.
[INFO ] 2024-11-04 14:57:55.511 - PASSED - Step 26 - confirm password was clicked.
[INFO ] 2024-11-04 14:57:55.561 - PASSED - Step 27 - password is populated with admin123.
[INFO ] 2024-11-04 14:57:55.605 - PASSED - Step 28 - confirm password is populated with admin123.
[INFO ] 2024-11-04 14:57:55.641 - PASSED - Step 29 - tab User Management is visible.
[INFO ] 2024-11-04 14:57:55.673 - PASSED - Step 30 - tab User Management was clicked.
[ERROR] 2024-11-04 14:58:08.281 - FAILED - org.openqa.selenium.NoSuchElementException: no such element: Unable to locate element: {"method":"xpath","selector":"(//div[contains(@class,'oxd-table-cell oxd-padding-cell')]//div)[4]"}
  (Session info: chrome=130.0.6723.71)
For documentation on this error, please visit: https://www.selenium.dev/documentation/webdriver/troubleshooting/errors#no-such-element-exception
Build info: version: '4.10.0', revision: 'c14d967899'
System info: os.name: 'Windows 10', os.arch: 'amd64', os.version: '10.0', java.version: '17.0.10'
Driver info: org.openqa.selenium.chrome.ChromeDriver
Command: [60203f00f3c7bad70d619fc84943db16, findElement {using=xpath, value=(//div[contains(@class,'oxd-table-cell oxd-padding-cell')]//div)[4]}]
Capabilities {acceptInsecureCerts: false, browserName: chrome, browserVersion: 130.0.6723.71, chrome: {chromedriverVersion: 130.0.6723.91 (53ac07678369..., userDataDir: C:\Users\MARY~1.CRU\AppData...}, fedcm:accounts: true, goog:chromeOptions: {debuggerAddress: localhost:58425}, networkConnectionEnabled: false, pageLoadStrategy: normal, platformName: windows, proxy: Proxy(), se:cdp: ws://localhost:58425/devtoo..., se:cdpVersion: 130.0.6723.71, setWindowRect: true, strictFileInteractability: false, timeouts: {implicit: 0, pageLoad: 300000, script: 30000}, unhandledPromptBehavior: dismiss and notify, webauthn:extension:credBlob: true, webauthn:extension:largeBlob: true, webauthn:extension:minPinLength: true, webauthn:extension:prf: true, webauthn:virtualAuthenticators: true}
Session ID: 60203f00f3c7bad70d619fc84943db16
[INFO ] 2024-11-04 14:58:08.282 - org.openqa.selenium.NoSuchElementException: no such element: Unable to locate element: {"method":"xpath","selector":"(//div[contains(@class,'oxd-table-cell oxd-padding-cell')]//div)[4]"}
  (Session info: chrome=130.0.6723.71)
For documentation on this error, please visit: https://www.selenium.dev/documentation/webdriver/troubleshooting/errors#no-such-element-exception
Build info: version: '4.10.0', revision: 'c14d967899'
System info: os.name: 'Windows 10', os.arch: 'amd64', os.version: '10.0', java.version: '17.0.10'
Driver info: org.openqa.selenium.chrome.ChromeDriver
Command: [60203f00f3c7bad70d619fc84943db16, findElement {using=xpath, value=(//div[contains(@class,'oxd-table-cell oxd-padding-cell')]//div)[4]}]
Capabilities {acceptInsecureCerts: false, browserName: chrome, browserVersion: 130.0.6723.71, chrome: {chromedriverVersion: 130.0.6723.91 (53ac07678369..., userDataDir: C:\Users\MARY~1.CRU\AppData...}, fedcm:accounts: true, goog:chromeOptions: {debuggerAddress: localhost:58425}, networkConnectionEnabled: false, pageLoadStrategy: normal, platformName: windows, proxy: Proxy(), se:cdp: ws://localhost:58425/devtoo..., se:cdpVersion: 130.0.6723.71, setWindowRect: true, strictFileInteractability: false, timeouts: {implicit: 0, pageLoad: 300000, script: 30000}, unhandledPromptBehavior: dismiss and notify, webauthn:extension:credBlob: true, webauthn:extension:largeBlob: true, webauthn:extension:minPinLength: true, webauthn:extension:prf: true, webauthn:virtualAuthenticators: true}
Session ID: 60203f00f3c7bad70d619fc84943db16
[INFO ] 2024-11-04 14:58:08.283 - =================================== END TEST ===================================
