[INFO ] 2024-10-21 15:51:21.238 - =================================== START TEST ===================================
[INFO ] 2024-10-21 15:51:21.248 - Test Case report initialize for VerifyAddedAdminRoleOnEE
[INFO ] 2024-10-21 15:51:54.887 - PASSED - Step 1 - username is displayed.
[INFO ] 2024-10-21 15:51:54.888 - PASSED - Step 2 - Admin
[INFO ] 2024-10-21 15:51:54.975 - PASSED - Step 3 - username is populated with Admin.
[INFO ] 2024-10-21 15:51:55.023 - PASSED - Step 4 - password is displayed.
[INFO ] 2024-10-21 15:51:55.023 - PASSED - Step 5 - admin123
[INFO ] 2024-10-21 15:51:55.071 - PASSED - Step 6 - password is populated with admin123.
[INFO ] 2024-10-21 15:51:55.130 - PASSED - Step 7 - loginButton was clicked.
[INFO ] 2024-10-21 15:51:56.757 - PASSED - Step 8 - My Info Tab is visible.
[INFO ] 2024-10-21 15:51:57.725 - PASSED - Step 9 - My Info Tab was clicked.
[INFO ] 2024-10-21 15:51:58.126 - PASSED - Step 10 - Employee full name first name is visible.
[INFO ] 2024-10-21 15:51:58.153 - PASSED - Step 11 - null
[INFO ] 2024-10-21 15:51:58.183 - PASSED - Step 12 - null
[INFO ] 2024-10-21 15:51:58.224 - PASSED - Step 13 - Admin Tab is visible.
[INFO ] 2024-10-21 15:51:59.058 - PASSED - Step 14 - Admin Tab was clicked.
[INFO ] 2024-10-21 15:51:59.433 - PASSED - Step 15 - addButton is displayed.
[INFO ] 2024-10-21 15:51:59.848 - PASSED - Step 16 - addButton was clicked.
[INFO ] 2024-10-21 15:52:00.233 - PASSED - Step 17 - User role dropdown is visible.
[INFO ] 2024-10-21 15:52:00.277 - PASSED - Step 18 - User role dropdown was clicked.
[INFO ] 2024-10-21 15:52:00.315 - PASSED - Step 19 - Listbox user role options is visible.
[INFO ] 2024-10-21 15:52:00.351 - PASSED - Step 20 - Listbox user role options was clicked.
[INFO ] 2024-10-21 15:52:00.384 - PASSED - Step 21 - Status dropdown was clicked.
[INFO ] 2024-10-21 15:52:00.429 - PASSED - Step 22 - Listbox status options was clicked.
[INFO ] 2024-10-21 15:52:00.475 - PASSED - Step 23 - Input Employee fullname of existing employee was clicked.
[INFO ] 2024-10-21 15:52:00.475 - PASSED - Step 24 -  
[INFO ] 2024-10-21 15:52:00.509 - PASSED - Step 25 - Input Employee fullname of existing employee is populated with  .
[INFO ] 2024-10-21 15:52:00.542 - PASSED - Step 26 - Username field was clicked.
[INFO ] 2024-10-21 15:52:00.651 - PASSED - Step 27 - columbus.braun
[ERROR] 2024-10-21 15:52:03.215 - FAILED - org.openqa.selenium.ElementNotInteractableException: element not interactable
  (Session info: chrome=129.0.6668.100)
Build info: version: '4.10.0', revision: 'c14d967899'
System info: os.name: 'Windows 10', os.arch: 'amd64', os.version: '10.0', java.version: '17.0.10'
Driver info: org.openqa.selenium.chrome.ChromeDriver
Command: [97fff17fbb380820496e605e96bfb741, sendKeysToElement {id=f.2AFCA7E9C8EBBF6CD62EB60972BC45E3.d.06EBCA911F10117B603413F45FCAC5FF.e.128, value=[Ljava.lang.CharSequence;@7672960e}]
Capabilities {acceptInsecureCerts: false, browserName: chrome, browserVersion: 129.0.6668.100, chrome: {chromedriverVersion: 129.0.6668.100 (cf58cba358d..., userDataDir: C:\Users\MARY~1.CRU\AppData...}, fedcm:accounts: true, goog:chromeOptions: {debuggerAddress: localhost:62210}, networkConnectionEnabled: false, pageLoadStrategy: normal, platformName: windows, proxy: Proxy(), se:cdp: ws://localhost:62210/devtoo..., se:cdpVersion: 129.0.6668.100, setWindowRect: true, strictFileInteractability: false, timeouts: {implicit: 0, pageLoad: 300000, script: 30000}, unhandledPromptBehavior: dismiss and notify, webauthn:extension:credBlob: true, webauthn:extension:largeBlob: true, webauthn:extension:minPinLength: true, webauthn:extension:prf: true, webauthn:virtualAuthenticators: true}
Element: [[ChromeDriver: chrome on windows (97fff17fbb380820496e605e96bfb741)] -> xpath: //label[text()='Status']/parent::div/following-sibling::div]
Session ID: 97fff17fbb380820496e605e96bfb741
[INFO ] 2024-10-21 15:52:03.216 - org.openqa.selenium.ElementNotInteractableException: element not interactable
  (Session info: chrome=129.0.6668.100)
Build info: version: '4.10.0', revision: 'c14d967899'
System info: os.name: 'Windows 10', os.arch: 'amd64', os.version: '10.0', java.version: '17.0.10'
Driver info: org.openqa.selenium.chrome.ChromeDriver
Command: [97fff17fbb380820496e605e96bfb741, sendKeysToElement {id=f.2AFCA7E9C8EBBF6CD62EB60972BC45E3.d.06EBCA911F10117B603413F45FCAC5FF.e.128, value=[Ljava.lang.CharSequence;@7672960e}]
Capabilities {acceptInsecureCerts: false, browserName: chrome, browserVersion: 129.0.6668.100, chrome: {chromedriverVersion: 129.0.6668.100 (cf58cba358d..., userDataDir: C:\Users\MARY~1.CRU\AppData...}, fedcm:accounts: true, goog:chromeOptions: {debuggerAddress: localhost:62210}, networkConnectionEnabled: false, pageLoadStrategy: normal, platformName: windows, proxy: Proxy(), se:cdp: ws://localhost:62210/devtoo..., se:cdpVersion: 129.0.6668.100, setWindowRect: true, strictFileInteractability: false, timeouts: {implicit: 0, pageLoad: 300000, script: 30000}, unhandledPromptBehavior: dismiss and notify, webauthn:extension:credBlob: true, webauthn:extension:largeBlob: true, webauthn:extension:minPinLength: true, webauthn:extension:prf: true, webauthn:virtualAuthenticators: true}
Element: [[ChromeDriver: chrome on windows (97fff17fbb380820496e605e96bfb741)] -> xpath: //label[text()='Status']/parent::div/following-sibling::div]
Session ID: 97fff17fbb380820496e605e96bfb741
[INFO ] 2024-10-21 15:52:03.216 - =================================== END TEST ===================================
