[INFO ] 2024-10-29 09:57:25.785 - =================================== START TEST ===================================
[INFO ] 2024-10-29 09:57:25.795 - Test Case report initialize for VerifyAddedAdminRoleOnEE
[INFO ] 2024-10-29 09:57:59.504 - PASSED - Step 1 - username is displayed.
[INFO ] 2024-10-29 09:57:59.643 - PASSED - Step 2 - username is populated with Admin.
[INFO ] 2024-10-29 09:57:59.732 - PASSED - Step 3 - password is displayed.
[INFO ] 2024-10-29 09:57:59.913 - PASSED - Step 4 - password is populated with admin123.
[INFO ] 2024-10-29 09:58:00.037 - PASSED - Step 5 - loginButton was clicked.
[INFO ] 2024-10-29 09:58:01.572 - PASSED - Step 6 - My Info Tab is visible.
[INFO ] 2024-10-29 09:58:02.637 - PASSED - Step 7 - My Info Tab was clicked.
[INFO ] 2024-10-29 09:58:03.077 - PASSED - Step 8 - Employee full name is visible.
[INFO ] 2024-10-29 09:58:06.152 - PASSED - Step 9 - null
[INFO ] 2024-10-29 09:58:06.196 - PASSED - Step 10 - Admin Tab is visible.
[INFO ] 2024-10-29 09:58:06.996 - PASSED - Step 11 - Admin Tab was clicked.
[INFO ] 2024-10-29 09:58:07.387 - PASSED - Step 12 - addButton is displayed.
[INFO ] 2024-10-29 09:58:07.829 - PASSED - Step 13 - addButton was clicked.
[INFO ] 2024-10-29 09:58:08.210 - PASSED - Step 14 - User role dropdown is visible.
[INFO ] 2024-10-29 09:58:08.254 - PASSED - Step 15 - User role dropdown was clicked.
[INFO ] 2024-10-29 09:58:08.288 - PASSED - Step 16 - Listbox user role options is visible.
[INFO ] 2024-10-29 09:58:08.319 - PASSED - Step 17 - Listbox user role options was clicked.
[INFO ] 2024-10-29 09:58:08.350 - PASSED - Step 18 - Status dropdown was clicked.
[INFO ] 2024-10-29 09:58:08.382 - PASSED - Step 19 - Listbox status options is visible.
[INFO ] 2024-10-29 09:58:08.412 - PASSED - Step 20 - Listbox status options was clicked.
[INFO ] 2024-10-29 09:58:08.456 - PASSED - Step 21 - Input Employee fullname of existing employee was clicked.
[INFO ] 2024-10-29 09:58:11.544 - PASSED - Step 22 - Input Employee fullname of existing employee is populated with .
[INFO ] 2024-10-29 09:58:11.624 - PASSED - Step 23 - Username field was clicked.
[INFO ] 2024-10-29 09:58:11.807 - PASSED - Step 24 - Username field is populated with linwood.wehner.
[INFO ] 2024-10-29 09:58:11.855 - PASSED - Step 25 - confirm password was clicked.
[INFO ] 2024-10-29 09:58:11.897 - PASSED - Step 26 - confirm password is populated with admin123.
[INFO ] 2024-10-29 09:58:11.930 - PASSED - Step 27 - tab User Management is visible.
[INFO ] 2024-10-29 09:58:11.968 - PASSED - Step 28 - tab User Management was clicked.
[ERROR] 2024-10-29 09:58:24.963 - FAILED - org.openqa.selenium.NoSuchElementException: no such element: Unable to locate element: {"method":"xpath","selector":"(//div[contains(@class,'oxd-table-cell oxd-padding-cell')]//div)[4]"}
  (Session info: chrome=130.0.6723.70)
For documentation on this error, please visit: https://www.selenium.dev/documentation/webdriver/troubleshooting/errors#no-such-element-exception
Build info: version: '4.10.0', revision: 'c14d967899'
System info: os.name: 'Windows 10', os.arch: 'amd64', os.version: '10.0', java.version: '17.0.10'
Driver info: org.openqa.selenium.chrome.ChromeDriver
Command: [cfbc5375db4c3a4bc2d96101d52084c9, findElement {using=xpath, value=(//div[contains(@class,'oxd-table-cell oxd-padding-cell')]//div)[4]}]
Capabilities {acceptInsecureCerts: false, browserName: chrome, browserVersion: 130.0.6723.70, chrome: {chromedriverVersion: 130.0.6723.69 (3ec172b971b9..., userDataDir: C:\Users\MARY~1.CRU\AppData...}, fedcm:accounts: true, goog:chromeOptions: {debuggerAddress: localhost:59359}, networkConnectionEnabled: false, pageLoadStrategy: normal, platformName: windows, proxy: Proxy(), se:cdp: ws://localhost:59359/devtoo..., se:cdpVersion: 130.0.6723.70, setWindowRect: true, strictFileInteractability: false, timeouts: {implicit: 0, pageLoad: 300000, script: 30000}, unhandledPromptBehavior: dismiss and notify, webauthn:extension:credBlob: true, webauthn:extension:largeBlob: true, webauthn:extension:minPinLength: true, webauthn:extension:prf: true, webauthn:virtualAuthenticators: true}
Session ID: cfbc5375db4c3a4bc2d96101d52084c9
[INFO ] 2024-10-29 09:58:24.965 - org.openqa.selenium.NoSuchElementException: no such element: Unable to locate element: {"method":"xpath","selector":"(//div[contains(@class,'oxd-table-cell oxd-padding-cell')]//div)[4]"}
  (Session info: chrome=130.0.6723.70)
For documentation on this error, please visit: https://www.selenium.dev/documentation/webdriver/troubleshooting/errors#no-such-element-exception
Build info: version: '4.10.0', revision: 'c14d967899'
System info: os.name: 'Windows 10', os.arch: 'amd64', os.version: '10.0', java.version: '17.0.10'
Driver info: org.openqa.selenium.chrome.ChromeDriver
Command: [cfbc5375db4c3a4bc2d96101d52084c9, findElement {using=xpath, value=(//div[contains(@class,'oxd-table-cell oxd-padding-cell')]//div)[4]}]
Capabilities {acceptInsecureCerts: false, browserName: chrome, browserVersion: 130.0.6723.70, chrome: {chromedriverVersion: 130.0.6723.69 (3ec172b971b9..., userDataDir: C:\Users\MARY~1.CRU\AppData...}, fedcm:accounts: true, goog:chromeOptions: {debuggerAddress: localhost:59359}, networkConnectionEnabled: false, pageLoadStrategy: normal, platformName: windows, proxy: Proxy(), se:cdp: ws://localhost:59359/devtoo..., se:cdpVersion: 130.0.6723.70, setWindowRect: true, strictFileInteractability: false, timeouts: {implicit: 0, pageLoad: 300000, script: 30000}, unhandledPromptBehavior: dismiss and notify, webauthn:extension:credBlob: true, webauthn:extension:largeBlob: true, webauthn:extension:minPinLength: true, webauthn:extension:prf: true, webauthn:virtualAuthenticators: true}
Session ID: cfbc5375db4c3a4bc2d96101d52084c9
[INFO ] 2024-10-29 09:58:24.965 - =================================== END TEST ===================================
