[INFO ] 2024-10-29 14:05:46.614 - =================================== START TEST ===================================
[INFO ] 2024-10-29 14:05:46.685 - Test Case report initialize for VerifyDifferentLoginOptions
[INFO ] 2024-10-29 14:06:21.158 - PASSED - Step 1 - username is displayed.
[INFO ] 2024-10-29 14:06:21.793 - PASSED - Step 2 - username is populated with Admin.
[INFO ] 2024-10-29 14:06:22.109 - PASSED - Step 3 - password is displayed.
[INFO ] 2024-10-29 14:06:22.838 - PASSED - Step 4 - password is populated with admin123.
[INFO ] 2024-10-29 14:06:24.831 - PASSED - Step 5 - loginButton was clicked.
[INFO ] 2024-10-29 14:06:26.231 - PASSED - Step 6 - tab_Buzz is visible.
[INFO ] 2024-10-29 14:06:27.870 - PASSED - Step 7 - tab_Buzz was clicked.
[INFO ] 2024-10-29 14:06:29.381 - PASSED - Step 8 - field post is visible.
[INFO ] 2024-10-29 14:06:30.002 - PASSED - Step 9 - field post was clicked.
[ERROR] 2024-10-29 14:06:43.846 - FAILED - org.openqa.selenium.StaleElementReferenceException: stale element reference: stale element not found in the current frame
  (Session info: chrome=130.0.6723.70)
For documentation on this error, please visit: https://www.selenium.dev/documentation/webdriver/troubleshooting/errors#stale-element-reference-exception
Build info: version: '4.10.0', revision: 'c14d967899'
System info: os.name: 'Windows 10', os.arch: 'amd64', os.version: '10.0', java.version: '17.0.10'
Driver info: org.openqa.selenium.chrome.ChromeDriver
Command: [0fe114d15afc9cf048b7e8982f484383, sendKeysToElement {id=f.D833EA9DBEFBEE31A0B768A129885E73.d.ADA17B7EF66C22AC371BB0BE8843D080.e.51, value=[Ljava.lang.CharSequence;@20801cbb}]
Capabilities {acceptInsecureCerts: false, browserName: chrome, browserVersion: 130.0.6723.70, chrome: {chromedriverVersion: 130.0.6723.69 (3ec172b971b9..., userDataDir: C:\Users\MARY~1.CRU\AppData...}, fedcm:accounts: true, goog:chromeOptions: {debuggerAddress: localhost:53007}, networkConnectionEnabled: false, pageLoadStrategy: normal, platformName: windows, proxy: Proxy(), se:cdp: ws://localhost:53007/devtoo..., se:cdpVersion: 130.0.6723.70, setWindowRect: true, strictFileInteractability: false, timeouts: {implicit: 0, pageLoad: 300000, script: 30000}, unhandledPromptBehavior: dismiss and notify, webauthn:extension:credBlob: true, webauthn:extension:largeBlob: true, webauthn:extension:minPinLength: true, webauthn:extension:prf: true, webauthn:virtualAuthenticators: true}
Element: [[ChromeDriver: chrome on windows (0fe114d15afc9cf048b7e8982f484383)] -> xpath: //textarea[contains(@class,'oxd-buzz-post-input')]]
Session ID: 0fe114d15afc9cf048b7e8982f484383
[INFO ] 2024-10-29 14:06:43.856 - org.openqa.selenium.StaleElementReferenceException: stale element reference: stale element not found in the current frame
  (Session info: chrome=130.0.6723.70)
For documentation on this error, please visit: https://www.selenium.dev/documentation/webdriver/troubleshooting/errors#stale-element-reference-exception
Build info: version: '4.10.0', revision: 'c14d967899'
System info: os.name: 'Windows 10', os.arch: 'amd64', os.version: '10.0', java.version: '17.0.10'
Driver info: org.openqa.selenium.chrome.ChromeDriver
Command: [0fe114d15afc9cf048b7e8982f484383, sendKeysToElement {id=f.D833EA9DBEFBEE31A0B768A129885E73.d.ADA17B7EF66C22AC371BB0BE8843D080.e.51, value=[Ljava.lang.CharSequence;@20801cbb}]
Capabilities {acceptInsecureCerts: false, browserName: chrome, browserVersion: 130.0.6723.70, chrome: {chromedriverVersion: 130.0.6723.69 (3ec172b971b9..., userDataDir: C:\Users\MARY~1.CRU\AppData...}, fedcm:accounts: true, goog:chromeOptions: {debuggerAddress: localhost:53007}, networkConnectionEnabled: false, pageLoadStrategy: normal, platformName: windows, proxy: Proxy(), se:cdp: ws://localhost:53007/devtoo..., se:cdpVersion: 130.0.6723.70, setWindowRect: true, strictFileInteractability: false, timeouts: {implicit: 0, pageLoad: 300000, script: 30000}, unhandledPromptBehavior: dismiss and notify, webauthn:extension:credBlob: true, webauthn:extension:largeBlob: true, webauthn:extension:minPinLength: true, webauthn:extension:prf: true, webauthn:virtualAuthenticators: true}
Element: [[ChromeDriver: chrome on windows (0fe114d15afc9cf048b7e8982f484383)] -> xpath: //textarea[contains(@class,'oxd-buzz-post-input')]]
Session ID: 0fe114d15afc9cf048b7e8982f484383
[INFO ] 2024-10-29 14:06:43.861 - =================================== END TEST ===================================
