[INFO ] 2024-10-21 15:45:23.245 - =================================== START TEST ===================================
[INFO ] 2024-10-21 15:45:23.257 - Test Case report initialize for VerifyAddedAdminRoleOnEE
[INFO ] 2024-10-21 15:46:04.153 - PASSED - Step 1 - username is displayed.
[INFO ] 2024-10-21 15:46:04.154 - PASSED - Step 2 - Admin
[INFO ] 2024-10-21 15:46:04.221 - PASSED - Step 3 - username is populated with Admin.
[INFO ] 2024-10-21 15:46:04.256 - PASSED - Step 4 - password is displayed.
[INFO ] 2024-10-21 15:46:04.256 - PASSED - Step 5 - admin123
[INFO ] 2024-10-21 15:46:04.341 - PASSED - Step 6 - password is populated with admin123.
[INFO ] 2024-10-21 15:46:05.865 - PASSED - Step 7 - loginButton was clicked.
[INFO ] 2024-10-21 15:46:06.309 - PASSED - Step 8 - My Info Tab is visible.
[INFO ] 2024-10-21 15:46:07.613 - PASSED - Step 9 - My Info Tab was clicked.
[INFO ] 2024-10-21 15:46:08.517 - PASSED - Step 10 - Employee full name first name is visible.
[INFO ] 2024-10-21 15:46:08.538 - PASSED - Step 11 - Employee full name first name value attribute captured.
[INFO ] 2024-10-21 15:46:08.561 - PASSED - Step 12 - Employee full name last name value attribute captured.
[INFO ] 2024-10-21 15:46:08.596 - PASSED - Step 13 - Admin Tab is visible.
[INFO ] 2024-10-21 15:46:09.930 - PASSED - Step 14 - Admin Tab was clicked.
[INFO ] 2024-10-21 15:46:10.508 - PASSED - Step 15 - addButton is displayed.
[INFO ] 2024-10-21 15:46:11.300 - PASSED - Step 16 - addButton was clicked.
[INFO ] 2024-10-21 15:46:11.990 - PASSED - Step 17 - User role dropdown is visible.
[INFO ] 2024-10-21 15:46:12.027 - PASSED - Step 18 - User role dropdown was clicked.
[INFO ] 2024-10-21 15:46:12.060 - PASSED - Step 19 - Listbox user role options is visible.
[INFO ] 2024-10-21 15:46:12.092 - PASSED - Step 20 - Listbox user role options was clicked.
[INFO ] 2024-10-21 15:46:12.140 - PASSED - Step 21 - Status dropdown was clicked.
[INFO ] 2024-10-21 15:46:12.172 - PASSED - Step 22 - Listbox status options was clicked.
[INFO ] 2024-10-21 15:46:12.214 - PASSED - Step 23 - Input Employee fullname of existing employee was clicked.
[INFO ] 2024-10-21 15:46:12.214 - PASSED - Step 24 -  
[INFO ] 2024-10-21 15:46:12.244 - PASSED - Step 25 - Input Employee fullname of existing employee is populated with  .
[INFO ] 2024-10-21 15:46:12.273 - PASSED - Step 26 - Username field was clicked.
[INFO ] 2024-10-21 15:46:12.288 - PASSED - Step 27 - Username field for select all action is successful.
[INFO ] 2024-10-21 15:46:12.405 - PASSED - Step 28 - jim.fahey
[ERROR] 2024-10-21 15:46:14.921 - FAILED - org.openqa.selenium.ElementNotInteractableException: element not interactable
  (Session info: chrome=129.0.6668.100)
Build info: version: '4.10.0', revision: 'c14d967899'
System info: os.name: 'Windows 10', os.arch: 'amd64', os.version: '10.0', java.version: '17.0.10'
Driver info: org.openqa.selenium.chrome.ChromeDriver
Command: [30273f583856e773fb67f378bc20071c, sendKeysToElement {id=f.9DCC18798DB783DFA6193E20E566EB7D.d.AA11ACBA8715A808EE6382B3AFA31E71.e.137, value=[Ljava.lang.CharSequence;@5c3007d}]
Capabilities {acceptInsecureCerts: false, browserName: chrome, browserVersion: 129.0.6668.100, chrome: {chromedriverVersion: 129.0.6668.100 (cf58cba358d..., userDataDir: C:\Users\MARY~1.CRU\AppData...}, fedcm:accounts: true, goog:chromeOptions: {debuggerAddress: localhost:61669}, networkConnectionEnabled: false, pageLoadStrategy: normal, platformName: windows, proxy: Proxy(), se:cdp: ws://localhost:61669/devtoo..., se:cdpVersion: 129.0.6668.100, setWindowRect: true, strictFileInteractability: false, timeouts: {implicit: 0, pageLoad: 300000, script: 30000}, unhandledPromptBehavior: dismiss and notify, webauthn:extension:credBlob: true, webauthn:extension:largeBlob: true, webauthn:extension:minPinLength: true, webauthn:extension:prf: true, webauthn:virtualAuthenticators: true}
Element: [[ChromeDriver: chrome on windows (30273f583856e773fb67f378bc20071c)] -> xpath: //label[text()='Status']/parent::div/following-sibling::div]
Session ID: 30273f583856e773fb67f378bc20071c
[INFO ] 2024-10-21 15:46:14.922 - org.openqa.selenium.ElementNotInteractableException: element not interactable
  (Session info: chrome=129.0.6668.100)
Build info: version: '4.10.0', revision: 'c14d967899'
System info: os.name: 'Windows 10', os.arch: 'amd64', os.version: '10.0', java.version: '17.0.10'
Driver info: org.openqa.selenium.chrome.ChromeDriver
Command: [30273f583856e773fb67f378bc20071c, sendKeysToElement {id=f.9DCC18798DB783DFA6193E20E566EB7D.d.AA11ACBA8715A808EE6382B3AFA31E71.e.137, value=[Ljava.lang.CharSequence;@5c3007d}]
Capabilities {acceptInsecureCerts: false, browserName: chrome, browserVersion: 129.0.6668.100, chrome: {chromedriverVersion: 129.0.6668.100 (cf58cba358d..., userDataDir: C:\Users\MARY~1.CRU\AppData...}, fedcm:accounts: true, goog:chromeOptions: {debuggerAddress: localhost:61669}, networkConnectionEnabled: false, pageLoadStrategy: normal, platformName: windows, proxy: Proxy(), se:cdp: ws://localhost:61669/devtoo..., se:cdpVersion: 129.0.6668.100, setWindowRect: true, strictFileInteractability: false, timeouts: {implicit: 0, pageLoad: 300000, script: 30000}, unhandledPromptBehavior: dismiss and notify, webauthn:extension:credBlob: true, webauthn:extension:largeBlob: true, webauthn:extension:minPinLength: true, webauthn:extension:prf: true, webauthn:virtualAuthenticators: true}
Element: [[ChromeDriver: chrome on windows (30273f583856e773fb67f378bc20071c)] -> xpath: //label[text()='Status']/parent::div/following-sibling::div]
Session ID: 30273f583856e773fb67f378bc20071c
[INFO ] 2024-10-21 15:46:14.922 - =================================== END TEST ===================================
