[INFO ] 2024-10-08 11:23:11.490 - =================================== START TEST ===================================
[INFO ] 2024-10-08 11:23:11.500 - Test Case report initialize for VerifysuccessfulAddofClaim
[INFO ] 2024-10-08 11:23:18.524 - PASSED - Step 1 - username is displayed.
[INFO ] 2024-10-08 11:23:18.620 - PASSED - Step 2 - username is populated with Admin.
[INFO ] 2024-10-08 11:23:18.659 - PASSED - Step 3 - password is displayed.
[INFO ] 2024-10-08 11:23:18.733 - PASSED - Step 4 - password is populated with admin123.
[INFO ] 2024-10-08 11:23:18.787 - PASSED - Step 5 - loginButton was clicked.
[INFO ] 2024-10-08 11:23:21.745 - PASSED - Step 6 - tab_Claim was clicked.
[INFO ] 2024-10-08 11:23:22.676 - PASSED - Step 7 - Submit Claim button was clicked.
[INFO ] 2024-10-08 11:23:23.067 - PASSED - Step 8 - Event dropdown is visible.
[INFO ] 2024-10-08 11:23:23.116 - PASSED - Step 9 - Event dropdown was clicked.
[INFO ] 2024-10-08 11:23:23.155 - PASSED - Step 10 - Listboxdropdown is visible.
[INFO ] 2024-10-08 11:23:23.386 - PASSED - Step 11 - Listbox Event options is visible.
[INFO ] 2024-10-08 11:23:23.452 - PASSED - Step 12 - Listbox Event options was clicked.
[INFO ] 2024-10-08 11:23:23.496 - PASSED - Step 13 - Event dropdown was clicked.
[INFO ] 2024-10-08 11:23:23.549 - PASSED - Step 14 - Currency dropdown was clicked.
[INFO ] 2024-10-08 11:23:23.590 - PASSED - Step 15 - Listboxdropdown is visible.
[INFO ] 2024-10-08 11:23:23.626 - PASSED - Step 16 - Listbox Currency options is visible.
[INFO ] 2024-10-08 11:23:23.664 - PASSED - Step 17 - Listbox Currency options was clicked.
[INFO ] 2024-10-08 11:23:23.706 - PASSED - Step 18 - Currency dropdown was clicked.
[INFO ] 2024-10-08 11:23:23.766 - PASSED - Step 19 - Remarks Field description is populated with Remarks Description Test.
[INFO ] 2024-10-08 11:23:23.809 - PASSED - Step 20 - button Save/Create was clicked.
[INFO ] 2024-10-08 11:23:27.526 - PASSED - Step 21 - Submit claim header is displayed.
[ERROR] 2024-10-08 11:23:40.168 - FAILED - org.openqa.selenium.NoSuchElementException: no such element: Unable to locate element: {"method":"xpath","selector":"//input[@class='oxd-input oxd-input--active'][4]"}
  (Session info: chrome=129.0.6668.90)
For documentation on this error, please visit: https://www.selenium.dev/documentation/webdriver/troubleshooting/errors#no-such-element-exception
Build info: version: '4.10.0', revision: 'c14d967899'
System info: os.name: 'Windows 10', os.arch: 'amd64', os.version: '10.0', java.version: '17.0.10'
Driver info: org.openqa.selenium.chrome.ChromeDriver
Command: [7d7fe737edc02ff337f5fd6c60d2c28c, findElement {using=xpath, value=//input[@class='oxd-input oxd-input--active'][4]}]
Capabilities {acceptInsecureCerts: false, browserName: chrome, browserVersion: 129.0.6668.90, chrome: {chromedriverVersion: 129.0.6668.89 (951c0b97221f..., userDataDir: C:\Users\MARY~1.CRU\AppData...}, fedcm:accounts: true, goog:chromeOptions: {debuggerAddress: localhost:64311}, networkConnectionEnabled: false, pageLoadStrategy: normal, platformName: windows, proxy: Proxy(), se:cdp: ws://localhost:64311/devtoo..., se:cdpVersion: 129.0.6668.90, setWindowRect: true, strictFileInteractability: false, timeouts: {implicit: 0, pageLoad: 300000, script: 30000}, unhandledPromptBehavior: dismiss and notify, webauthn:extension:credBlob: true, webauthn:extension:largeBlob: true, webauthn:extension:minPinLength: true, webauthn:extension:prf: true, webauthn:virtualAuthenticators: true}
Session ID: 7d7fe737edc02ff337f5fd6c60d2c28c
[INFO ] 2024-10-08 11:23:40.172 - org.openqa.selenium.NoSuchElementException: no such element: Unable to locate element: {"method":"xpath","selector":"//input[@class='oxd-input oxd-input--active'][4]"}
  (Session info: chrome=129.0.6668.90)
For documentation on this error, please visit: https://www.selenium.dev/documentation/webdriver/troubleshooting/errors#no-such-element-exception
Build info: version: '4.10.0', revision: 'c14d967899'
System info: os.name: 'Windows 10', os.arch: 'amd64', os.version: '10.0', java.version: '17.0.10'
Driver info: org.openqa.selenium.chrome.ChromeDriver
Command: [7d7fe737edc02ff337f5fd6c60d2c28c, findElement {using=xpath, value=//input[@class='oxd-input oxd-input--active'][4]}]
Capabilities {acceptInsecureCerts: false, browserName: chrome, browserVersion: 129.0.6668.90, chrome: {chromedriverVersion: 129.0.6668.89 (951c0b97221f..., userDataDir: C:\Users\MARY~1.CRU\AppData...}, fedcm:accounts: true, goog:chromeOptions: {debuggerAddress: localhost:64311}, networkConnectionEnabled: false, pageLoadStrategy: normal, platformName: windows, proxy: Proxy(), se:cdp: ws://localhost:64311/devtoo..., se:cdpVersion: 129.0.6668.90, setWindowRect: true, strictFileInteractability: false, timeouts: {implicit: 0, pageLoad: 300000, script: 30000}, unhandledPromptBehavior: dismiss and notify, webauthn:extension:credBlob: true, webauthn:extension:largeBlob: true, webauthn:extension:minPinLength: true, webauthn:extension:prf: true, webauthn:virtualAuthenticators: true}
Session ID: 7d7fe737edc02ff337f5fd6c60d2c28c
[INFO ] 2024-10-08 11:23:40.172 - =================================== END TEST ===================================
