[INFO ] 2024-11-07 14:54:45.897 - =================================== START TEST ===================================
[INFO ] 2024-11-07 14:54:45.903 - Test Case report initialize for VerifyUnsuccesfulDownloadofEE
[INFO ] 2024-11-07 14:55:19.041 - PASSED - Step 1 - username is displayed.
[INFO ] 2024-11-07 14:55:19.106 - PASSED - Step 2 - username is populated with Admin.
[INFO ] 2024-11-07 14:55:19.138 - PASSED - Step 3 - password is displayed.
[INFO ] 2024-11-07 14:55:19.223 - PASSED - Step 4 - password is populated with admin123.
[INFO ] 2024-11-07 14:55:19.274 - PASSED - Step 5 - loginButton was clicked.
[INFO ] 2024-11-07 14:55:20.993 - PASSED - Step 6 - tab_Maintenance is visible.
[INFO ] 2024-11-07 14:55:21.934 - PASSED - Step 7 - tab_Maintenance was clicked.
[INFO ] 2024-11-07 14:55:22.492 - PASSED - Step 8 - Submit button is visible.
[INFO ] 2024-11-07 14:55:22.529 - PASSED - Step 9 - Submit button was clicked.
[ERROR] 2024-11-07 14:55:37.029 - FAILED - org.openqa.selenium.NoSuchElementException: no such element: Unable to locate element: {"method":"xpath","selector":"//a[text()='Access Records']"}
  (Session info: chrome=130.0.6723.71)
For documentation on this error, please visit: https://www.selenium.dev/documentation/webdriver/troubleshooting/errors#no-such-element-exception
Build info: version: '4.10.0', revision: 'c14d967899'
System info: os.name: 'Windows 10', os.arch: 'amd64', os.version: '10.0', java.version: '17.0.10'
Driver info: org.openqa.selenium.chrome.ChromeDriver
Command: [b2f7c9a5512de38a26bd0d42dad6860a, findElement {using=xpath, value=//a[text()='Access Records']}]
Capabilities {acceptInsecureCerts: false, browserName: chrome, browserVersion: 130.0.6723.71, chrome: {chromedriverVersion: 130.0.6723.116 (6ac35f94ae3..., userDataDir: C:\Users\MARY~1.CRU\AppData...}, fedcm:accounts: true, goog:chromeOptions: {debuggerAddress: localhost:53140}, networkConnectionEnabled: false, pageLoadStrategy: normal, platformName: windows, proxy: Proxy(), se:cdp: ws://localhost:53140/devtoo..., se:cdpVersion: 130.0.6723.71, setWindowRect: true, strictFileInteractability: false, timeouts: {implicit: 0, pageLoad: 300000, script: 30000}, unhandledPromptBehavior: dismiss and notify, webauthn:extension:credBlob: true, webauthn:extension:largeBlob: true, webauthn:extension:minPinLength: true, webauthn:extension:prf: true, webauthn:virtualAuthenticators: true}
Session ID: b2f7c9a5512de38a26bd0d42dad6860a
[INFO ] 2024-11-07 14:55:37.029 - org.openqa.selenium.NoSuchElementException: no such element: Unable to locate element: {"method":"xpath","selector":"//a[text()='Access Records']"}
  (Session info: chrome=130.0.6723.71)
For documentation on this error, please visit: https://www.selenium.dev/documentation/webdriver/troubleshooting/errors#no-such-element-exception
Build info: version: '4.10.0', revision: 'c14d967899'
System info: os.name: 'Windows 10', os.arch: 'amd64', os.version: '10.0', java.version: '17.0.10'
Driver info: org.openqa.selenium.chrome.ChromeDriver
Command: [b2f7c9a5512de38a26bd0d42dad6860a, findElement {using=xpath, value=//a[text()='Access Records']}]
Capabilities {acceptInsecureCerts: false, browserName: chrome, browserVersion: 130.0.6723.71, chrome: {chromedriverVersion: 130.0.6723.116 (6ac35f94ae3..., userDataDir: C:\Users\MARY~1.CRU\AppData...}, fedcm:accounts: true, goog:chromeOptions: {debuggerAddress: localhost:53140}, networkConnectionEnabled: false, pageLoadStrategy: normal, platformName: windows, proxy: Proxy(), se:cdp: ws://localhost:53140/devtoo..., se:cdpVersion: 130.0.6723.71, setWindowRect: true, strictFileInteractability: false, timeouts: {implicit: 0, pageLoad: 300000, script: 30000}, unhandledPromptBehavior: dismiss and notify, webauthn:extension:credBlob: true, webauthn:extension:largeBlob: true, webauthn:extension:minPinLength: true, webauthn:extension:prf: true, webauthn:virtualAuthenticators: true}
Session ID: b2f7c9a5512de38a26bd0d42dad6860a
[INFO ] 2024-11-07 14:55:37.030 - =================================== END TEST ===================================
