[INFO ] 2024-11-07 13:49:40.689 - =================================== START TEST ===================================
[INFO ] 2024-11-07 13:49:40.695 - Test Case report initialize for VerifyAddEEViaDataImport
[INFO ] 2024-11-07 13:50:13.756 - PASSED - Step 1 - username is displayed.
[INFO ] 2024-11-07 13:50:13.824 - PASSED - Step 2 - username is populated with Admin.
[INFO ] 2024-11-07 13:50:13.861 - PASSED - Step 3 - password is displayed.
[INFO ] 2024-11-07 13:50:13.940 - PASSED - Step 4 - password is populated with admin123.
[INFO ] 2024-11-07 13:50:14.000 - PASSED - Step 5 - loginButton was clicked.
[INFO ] 2024-11-07 13:50:15.672 - PASSED - Step 6 - tab_PIM is visible.
[INFO ] 2024-11-07 13:50:16.669 - PASSED - Step 7 - tab_PIM was clicked.
[INFO ] 2024-11-07 13:50:17.109 - PASSED - Step 8 - Configuration tab is visible.
[INFO ] 2024-11-07 13:50:17.152 - PASSED - Step 9 - Configuration tab was clicked.
[INFO ] 2024-11-07 13:50:17.710 - PASSED - Step 10 - Configuration tab options is visible.
[INFO ] 2024-11-07 13:50:18.123 - PASSED - Step 11 - Configuration tab options was clicked.
[INFO ] 2024-11-07 13:50:18.504 - PASSED - Step 12 - browse button is visible.
[INFO ] 2024-11-07 13:50:18.551 - PASSED - Step 13 - browse button was clicked.
[ERROR] 2024-11-07 13:50:31.129 - FAILED - org.openqa.selenium.NoSuchElementException: no such element: Unable to locate element: {"method":"xpath","selector":"/form[@title='Open']//text[@accessiblerole='Text']"}
  (Session info: chrome=130.0.6723.71)
For documentation on this error, please visit: https://www.selenium.dev/documentation/webdriver/troubleshooting/errors#no-such-element-exception
Build info: version: '4.10.0', revision: 'c14d967899'
System info: os.name: 'Windows 10', os.arch: 'amd64', os.version: '10.0', java.version: '17.0.10'
Driver info: org.openqa.selenium.chrome.ChromeDriver
Command: [9ae9710171fb45e7027021814029d626, findElement {using=xpath, value=/form[@title='Open']//text[@accessiblerole='Text']}]
Capabilities {acceptInsecureCerts: false, browserName: chrome, browserVersion: 130.0.6723.71, chrome: {chromedriverVersion: 130.0.6723.116 (6ac35f94ae3..., userDataDir: C:\Users\MARY~1.CRU\AppData...}, fedcm:accounts: true, goog:chromeOptions: {debuggerAddress: localhost:64643}, networkConnectionEnabled: false, pageLoadStrategy: normal, platformName: windows, proxy: Proxy(), se:cdp: ws://localhost:64643/devtoo..., se:cdpVersion: 130.0.6723.71, setWindowRect: true, strictFileInteractability: false, timeouts: {implicit: 0, pageLoad: 300000, script: 30000}, unhandledPromptBehavior: dismiss and notify, webauthn:extension:credBlob: true, webauthn:extension:largeBlob: true, webauthn:extension:minPinLength: true, webauthn:extension:prf: true, webauthn:virtualAuthenticators: true}
Session ID: 9ae9710171fb45e7027021814029d626
[INFO ] 2024-11-07 13:50:31.130 - org.openqa.selenium.NoSuchElementException: no such element: Unable to locate element: {"method":"xpath","selector":"/form[@title='Open']//text[@accessiblerole='Text']"}
  (Session info: chrome=130.0.6723.71)
For documentation on this error, please visit: https://www.selenium.dev/documentation/webdriver/troubleshooting/errors#no-such-element-exception
Build info: version: '4.10.0', revision: 'c14d967899'
System info: os.name: 'Windows 10', os.arch: 'amd64', os.version: '10.0', java.version: '17.0.10'
Driver info: org.openqa.selenium.chrome.ChromeDriver
Command: [9ae9710171fb45e7027021814029d626, findElement {using=xpath, value=/form[@title='Open']//text[@accessiblerole='Text']}]
Capabilities {acceptInsecureCerts: false, browserName: chrome, browserVersion: 130.0.6723.71, chrome: {chromedriverVersion: 130.0.6723.116 (6ac35f94ae3..., userDataDir: C:\Users\MARY~1.CRU\AppData...}, fedcm:accounts: true, goog:chromeOptions: {debuggerAddress: localhost:64643}, networkConnectionEnabled: false, pageLoadStrategy: normal, platformName: windows, proxy: Proxy(), se:cdp: ws://localhost:64643/devtoo..., se:cdpVersion: 130.0.6723.71, setWindowRect: true, strictFileInteractability: false, timeouts: {implicit: 0, pageLoad: 300000, script: 30000}, unhandledPromptBehavior: dismiss and notify, webauthn:extension:credBlob: true, webauthn:extension:largeBlob: true, webauthn:extension:minPinLength: true, webauthn:extension:prf: true, webauthn:virtualAuthenticators: true}
Session ID: 9ae9710171fb45e7027021814029d626
[INFO ] 2024-11-07 13:50:31.131 - =================================== END TEST ===================================
