[INFO ] 2024-10-22 15:01:00.870 - =================================== START TEST ===================================
[INFO ] 2024-10-22 15:01:00.885 - Test Case report initialize for VerifyAddedAdminRoleOnEE
[INFO ] 2024-10-22 15:01:34.628 - PASSED - Step 1 - username is displayed.
[INFO ] 2024-10-22 15:01:34.833 - PASSED - Step 2 - username is populated with Admin.
[INFO ] 2024-10-22 15:01:34.921 - PASSED - Step 3 - password is displayed.
[INFO ] 2024-10-22 15:01:35.074 - PASSED - Step 4 - password is populated with admin123.
[INFO ] 2024-10-22 15:01:35.180 - PASSED - Step 5 - loginButton was clicked.
[INFO ] 2024-10-22 15:01:36.668 - PASSED - Step 6 - My Info Tab is visible.
[INFO ] 2024-10-22 15:01:37.841 - PASSED - Step 7 - My Info Tab was clicked.
[INFO ] 2024-10-22 15:01:38.329 - PASSED - Step 8 - Employee full name first name is visible.
[INFO ] 2024-10-22 15:01:38.358 - PASSED - Step 9 - 
[INFO ] 2024-10-22 15:01:38.359 - PASSED - Step 10 - Employee full name first name text attribute captured.
[INFO ] 2024-10-22 15:01:38.402 - PASSED - Step 11 - Admin Tab is visible.
[INFO ] 2024-10-22 15:01:39.378 - PASSED - Step 12 - Admin Tab was clicked.
[INFO ] 2024-10-22 15:01:39.781 - PASSED - Step 13 - addButton is displayed.
[INFO ] 2024-10-22 15:01:40.210 - PASSED - Step 14 - addButton was clicked.
[INFO ] 2024-10-22 15:01:40.627 - PASSED - Step 15 - User role dropdown is visible.
[INFO ] 2024-10-22 15:01:40.663 - PASSED - Step 16 - User role dropdown was clicked.
[INFO ] 2024-10-22 15:01:40.707 - PASSED - Step 17 - Listbox user role options is visible.
[INFO ] 2024-10-22 15:01:40.755 - PASSED - Step 18 - Listbox user role options was clicked.
[INFO ] 2024-10-22 15:01:40.810 - PASSED - Step 19 - Status dropdown was clicked.
[INFO ] 2024-10-22 15:01:40.848 - PASSED - Step 20 - Listbox status options was clicked.
[INFO ] 2024-10-22 15:01:40.892 - PASSED - Step 21 - Input Employee fullname of existing employee was clicked.
[INFO ] 2024-10-22 15:01:40.922 - PASSED - Step 22 - Input Employee fullname of existing employee is populated with .
[INFO ] 2024-10-22 15:01:40.966 - PASSED - Step 23 - Username field was clicked.
[INFO ] 2024-10-22 15:01:41.124 - PASSED - Step 24 - Username field is populated with lolita.olson.
[INFO ] 2024-10-22 15:01:41.182 - PASSED - Step 25 - confirm password was clicked.
[INFO ] 2024-10-22 15:01:41.231 - PASSED - Step 26 - confirm password is populated with admin123.
[INFO ] 2024-10-22 15:01:41.277 - PASSED - Step 27 - tab User Management is visible.
[INFO ] 2024-10-22 15:01:41.318 - PASSED - Step 28 - tab User Management was clicked.
[ERROR] 2024-10-22 15:01:53.902 - FAILED - org.openqa.selenium.NoSuchElementException: no such element: Unable to locate element: {"method":"xpath","selector":"(//div[contains(@class,'oxd-table-cell oxd-padding-cell')]//div)[4]"}
  (Session info: chrome=129.0.6668.101)
For documentation on this error, please visit: https://www.selenium.dev/documentation/webdriver/troubleshooting/errors#no-such-element-exception
Build info: version: '4.10.0', revision: 'c14d967899'
System info: os.name: 'Windows 10', os.arch: 'amd64', os.version: '10.0', java.version: '17.0.10'
Driver info: org.openqa.selenium.chrome.ChromeDriver
Command: [718c08631bef964b384b3a001e40a00b, findElement {using=xpath, value=(//div[contains(@class,'oxd-table-cell oxd-padding-cell')]//div)[4]}]
Capabilities {acceptInsecureCerts: false, browserName: chrome, browserVersion: 129.0.6668.101, chrome: {chromedriverVersion: 129.0.6668.100 (cf58cba358d..., userDataDir: C:\Users\MARY~1.CRU\AppData...}, fedcm:accounts: true, goog:chromeOptions: {debuggerAddress: localhost:55239}, networkConnectionEnabled: false, pageLoadStrategy: normal, platformName: windows, proxy: Proxy(), se:cdp: ws://localhost:55239/devtoo..., se:cdpVersion: 129.0.6668.101, setWindowRect: true, strictFileInteractability: false, timeouts: {implicit: 0, pageLoad: 300000, script: 30000}, unhandledPromptBehavior: dismiss and notify, webauthn:extension:credBlob: true, webauthn:extension:largeBlob: true, webauthn:extension:minPinLength: true, webauthn:extension:prf: true, webauthn:virtualAuthenticators: true}
Session ID: 718c08631bef964b384b3a001e40a00b
[INFO ] 2024-10-22 15:01:53.903 - org.openqa.selenium.NoSuchElementException: no such element: Unable to locate element: {"method":"xpath","selector":"(//div[contains(@class,'oxd-table-cell oxd-padding-cell')]//div)[4]"}
  (Session info: chrome=129.0.6668.101)
For documentation on this error, please visit: https://www.selenium.dev/documentation/webdriver/troubleshooting/errors#no-such-element-exception
Build info: version: '4.10.0', revision: 'c14d967899'
System info: os.name: 'Windows 10', os.arch: 'amd64', os.version: '10.0', java.version: '17.0.10'
Driver info: org.openqa.selenium.chrome.ChromeDriver
Command: [718c08631bef964b384b3a001e40a00b, findElement {using=xpath, value=(//div[contains(@class,'oxd-table-cell oxd-padding-cell')]//div)[4]}]
Capabilities {acceptInsecureCerts: false, browserName: chrome, browserVersion: 129.0.6668.101, chrome: {chromedriverVersion: 129.0.6668.100 (cf58cba358d..., userDataDir: C:\Users\MARY~1.CRU\AppData...}, fedcm:accounts: true, goog:chromeOptions: {debuggerAddress: localhost:55239}, networkConnectionEnabled: false, pageLoadStrategy: normal, platformName: windows, proxy: Proxy(), se:cdp: ws://localhost:55239/devtoo..., se:cdpVersion: 129.0.6668.101, setWindowRect: true, strictFileInteractability: false, timeouts: {implicit: 0, pageLoad: 300000, script: 30000}, unhandledPromptBehavior: dismiss and notify, webauthn:extension:credBlob: true, webauthn:extension:largeBlob: true, webauthn:extension:minPinLength: true, webauthn:extension:prf: true, webauthn:virtualAuthenticators: true}
Session ID: 718c08631bef964b384b3a001e40a00b
[INFO ] 2024-10-22 15:01:53.903 - =================================== END TEST ===================================
