[INFO ] 2024-10-08 10:41:04.418 - =================================== START TEST ===================================
[INFO ] 2024-10-08 10:41:04.431 - Test Case report initialize for VerifysuccessfulAddofClaim
[INFO ] 2024-10-08 10:41:12.610 - PASSED - Step 1 - username is displayed.
[INFO ] 2024-10-08 10:41:12.689 - PASSED - Step 2 - username is populated with Admin.
[INFO ] 2024-10-08 10:41:12.735 - PASSED - Step 3 - password is displayed.
[INFO ] 2024-10-08 10:41:12.817 - PASSED - Step 4 - password is populated with admin123.
[INFO ] 2024-10-08 10:41:14.066 - PASSED - Step 5 - loginButton was clicked.
[INFO ] 2024-10-08 10:41:15.457 - PASSED - Step 6 - tab_Claim was clicked.
[INFO ] 2024-10-08 10:41:16.591 - PASSED - Step 7 - Submit Claim button was clicked.
[INFO ] 2024-10-08 10:41:16.977 - PASSED - Step 8 - Event dropdown is visible.
[INFO ] 2024-10-08 10:41:17.019 - PASSED - Step 9 - Event dropdown was clicked.
[INFO ] 2024-10-08 10:41:17.053 - PASSED - Step 10 - Listboxdropdown is visible.
[INFO ] 2024-10-08 10:41:17.296 - PASSED - Step 11 - Listbox Event options is visible.
[INFO ] 2024-10-08 10:41:17.333 - PASSED - Step 12 - Listbox Event options was clicked.
[INFO ] 2024-10-08 10:41:17.363 - PASSED - Step 13 - Event dropdown was clicked.
[INFO ] 2024-10-08 10:41:17.409 - PASSED - Step 14 - Currency dropdown was clicked.
[INFO ] 2024-10-08 10:41:17.441 - PASSED - Step 15 - Listboxdropdown is visible.
[INFO ] 2024-10-08 10:41:17.468 - PASSED - Step 16 - Listbox Currency options is visible.
[INFO ] 2024-10-08 10:41:17.504 - PASSED - Step 17 - Listbox Currency options was clicked.
[INFO ] 2024-10-08 10:41:17.543 - PASSED - Step 18 - Currency dropdown was clicked.
[INFO ] 2024-10-08 10:41:17.582 - PASSED - Step 19 - Remarks Field description was clicked.
[ERROR] 2024-10-08 10:41:30.294 - FAILED - org.openqa.selenium.NoSuchElementException: no such element: Unable to locate element: {"method":"xpath","selector":"//textarea[@class='oxd-textarea oxd-textarea--active oxd-textarea--resize-vertical']"}
  (Session info: chrome=129.0.6668.90)
For documentation on this error, please visit: https://www.selenium.dev/documentation/webdriver/troubleshooting/errors#no-such-element-exception
Build info: version: '4.10.0', revision: 'c14d967899'
System info: os.name: 'Windows 10', os.arch: 'amd64', os.version: '10.0', java.version: '17.0.10'
Driver info: org.openqa.selenium.chrome.ChromeDriver
Command: [eb5de0e784b9bae68450cd16e71652dc, findElement {using=xpath, value=//textarea[@class='oxd-textarea oxd-textarea--active oxd-textarea--resize-vertical']}]
Capabilities {acceptInsecureCerts: false, browserName: chrome, browserVersion: 129.0.6668.90, chrome: {chromedriverVersion: 129.0.6668.89 (951c0b97221f..., userDataDir: C:\Users\MARY~1.CRU\AppData...}, fedcm:accounts: true, goog:chromeOptions: {debuggerAddress: localhost:59178}, networkConnectionEnabled: false, pageLoadStrategy: normal, platformName: windows, proxy: Proxy(), se:cdp: ws://localhost:59178/devtoo..., se:cdpVersion: 129.0.6668.90, setWindowRect: true, strictFileInteractability: false, timeouts: {implicit: 0, pageLoad: 300000, script: 30000}, unhandledPromptBehavior: dismiss and notify, webauthn:extension:credBlob: true, webauthn:extension:largeBlob: true, webauthn:extension:minPinLength: true, webauthn:extension:prf: true, webauthn:virtualAuthenticators: true}
Session ID: eb5de0e784b9bae68450cd16e71652dc
[INFO ] 2024-10-08 10:41:30.295 - org.openqa.selenium.NoSuchElementException: no such element: Unable to locate element: {"method":"xpath","selector":"//textarea[@class='oxd-textarea oxd-textarea--active oxd-textarea--resize-vertical']"}
  (Session info: chrome=129.0.6668.90)
For documentation on this error, please visit: https://www.selenium.dev/documentation/webdriver/troubleshooting/errors#no-such-element-exception
Build info: version: '4.10.0', revision: 'c14d967899'
System info: os.name: 'Windows 10', os.arch: 'amd64', os.version: '10.0', java.version: '17.0.10'
Driver info: org.openqa.selenium.chrome.ChromeDriver
Command: [eb5de0e784b9bae68450cd16e71652dc, findElement {using=xpath, value=//textarea[@class='oxd-textarea oxd-textarea--active oxd-textarea--resize-vertical']}]
Capabilities {acceptInsecureCerts: false, browserName: chrome, browserVersion: 129.0.6668.90, chrome: {chromedriverVersion: 129.0.6668.89 (951c0b97221f..., userDataDir: C:\Users\MARY~1.CRU\AppData...}, fedcm:accounts: true, goog:chromeOptions: {debuggerAddress: localhost:59178}, networkConnectionEnabled: false, pageLoadStrategy: normal, platformName: windows, proxy: Proxy(), se:cdp: ws://localhost:59178/devtoo..., se:cdpVersion: 129.0.6668.90, setWindowRect: true, strictFileInteractability: false, timeouts: {implicit: 0, pageLoad: 300000, script: 30000}, unhandledPromptBehavior: dismiss and notify, webauthn:extension:credBlob: true, webauthn:extension:largeBlob: true, webauthn:extension:minPinLength: true, webauthn:extension:prf: true, webauthn:virtualAuthenticators: true}
Session ID: eb5de0e784b9bae68450cd16e71652dc
[INFO ] 2024-10-08 10:41:30.295 - =================================== END TEST ===================================
