[INFO ] 2024-10-22 15:15:11.811 - =================================== START TEST ===================================
[INFO ] 2024-10-22 15:15:11.823 - Test Case report initialize for VerifyAddedAdminRoleOnEE
[INFO ] 2024-10-22 15:15:44.940 - PASSED - Step 1 - username is displayed.
[INFO ] 2024-10-22 15:15:45.011 - PASSED - Step 2 - username is populated with Admin.
[INFO ] 2024-10-22 15:15:45.049 - PASSED - Step 3 - password is displayed.
[INFO ] 2024-10-22 15:15:45.143 - PASSED - Step 4 - password is populated with admin123.
[INFO ] 2024-10-22 15:15:46.416 - PASSED - Step 5 - loginButton was clicked.
[INFO ] 2024-10-22 15:15:46.815 - PASSED - Step 6 - My Info Tab is visible.
[INFO ] 2024-10-22 15:15:47.881 - PASSED - Step 7 - My Info Tab was clicked.
[INFO ] 2024-10-22 15:15:48.281 - PASSED - Step 8 - Employee full name is visible.
[INFO ] 2024-10-22 15:15:48.304 - PASSED - Step 9 - 
[INFO ] 2024-10-22 15:15:48.342 - PASSED - Step 10 - Admin Tab is visible.
[INFO ] 2024-10-22 15:15:49.399 - PASSED - Step 11 - Admin Tab was clicked.
[INFO ] 2024-10-22 15:15:49.768 - PASSED - Step 12 - addButton is displayed.
[INFO ] 2024-10-22 15:15:50.213 - PASSED - Step 13 - addButton was clicked.
[INFO ] 2024-10-22 15:15:50.593 - PASSED - Step 14 - User role dropdown is visible.
[INFO ] 2024-10-22 15:15:50.625 - PASSED - Step 15 - User role dropdown was clicked.
[INFO ] 2024-10-22 15:15:50.659 - PASSED - Step 16 - Listbox user role options is visible.
[INFO ] 2024-10-22 15:15:50.696 - PASSED - Step 17 - Listbox user role options was clicked.
[INFO ] 2024-10-22 15:15:50.729 - PASSED - Step 18 - Status dropdown was clicked.
[INFO ] 2024-10-22 15:15:50.763 - PASSED - Step 19 - Listbox status options is visible.
[INFO ] 2024-10-22 15:15:50.792 - PASSED - Step 20 - Listbox status options was clicked.
[INFO ] 2024-10-22 15:15:50.836 - PASSED - Step 21 - Input Employee fullname of existing employee was clicked.
[INFO ] 2024-10-22 15:15:50.858 - PASSED - Step 22 - Input Employee fullname of existing employee is populated with .
[INFO ] 2024-10-22 15:15:50.895 - PASSED - Step 23 - Username field was clicked.
[INFO ] 2024-10-22 15:15:51.038 - PASSED - Step 24 - Username field is populated with jody.von.
[INFO ] 2024-10-22 15:15:51.079 - PASSED - Step 25 - confirm password was clicked.
[INFO ] 2024-10-22 15:15:51.111 - PASSED - Step 26 - confirm password is populated with admin123.
[INFO ] 2024-10-22 15:15:51.139 - PASSED - Step 27 - tab User Management is visible.
[INFO ] 2024-10-22 15:15:51.174 - PASSED - Step 28 - tab User Management was clicked.
[ERROR] 2024-10-22 15:16:04.175 - FAILED - org.openqa.selenium.NoSuchElementException: no such element: Unable to locate element: {"method":"xpath","selector":"(//div[contains(@class,'oxd-table-cell oxd-padding-cell')]//div)[4]"}
  (Session info: chrome=129.0.6668.101)
For documentation on this error, please visit: https://www.selenium.dev/documentation/webdriver/troubleshooting/errors#no-such-element-exception
Build info: version: '4.10.0', revision: 'c14d967899'
System info: os.name: 'Windows 10', os.arch: 'amd64', os.version: '10.0', java.version: '17.0.10'
Driver info: org.openqa.selenium.chrome.ChromeDriver
Command: [d345d2497c02c814705cdc0ed3ed6c27, findElement {using=xpath, value=(//div[contains(@class,'oxd-table-cell oxd-padding-cell')]//div)[4]}]
Capabilities {acceptInsecureCerts: false, browserName: chrome, browserVersion: 129.0.6668.101, chrome: {chromedriverVersion: 129.0.6668.100 (cf58cba358d..., userDataDir: C:\Users\MARY~1.CRU\AppData...}, fedcm:accounts: true, goog:chromeOptions: {debuggerAddress: localhost:56195}, networkConnectionEnabled: false, pageLoadStrategy: normal, platformName: windows, proxy: Proxy(), se:cdp: ws://localhost:56195/devtoo..., se:cdpVersion: 129.0.6668.101, setWindowRect: true, strictFileInteractability: false, timeouts: {implicit: 0, pageLoad: 300000, script: 30000}, unhandledPromptBehavior: dismiss and notify, webauthn:extension:credBlob: true, webauthn:extension:largeBlob: true, webauthn:extension:minPinLength: true, webauthn:extension:prf: true, webauthn:virtualAuthenticators: true}
Session ID: d345d2497c02c814705cdc0ed3ed6c27
[INFO ] 2024-10-22 15:16:04.176 - org.openqa.selenium.NoSuchElementException: no such element: Unable to locate element: {"method":"xpath","selector":"(//div[contains(@class,'oxd-table-cell oxd-padding-cell')]//div)[4]"}
  (Session info: chrome=129.0.6668.101)
For documentation on this error, please visit: https://www.selenium.dev/documentation/webdriver/troubleshooting/errors#no-such-element-exception
Build info: version: '4.10.0', revision: 'c14d967899'
System info: os.name: 'Windows 10', os.arch: 'amd64', os.version: '10.0', java.version: '17.0.10'
Driver info: org.openqa.selenium.chrome.ChromeDriver
Command: [d345d2497c02c814705cdc0ed3ed6c27, findElement {using=xpath, value=(//div[contains(@class,'oxd-table-cell oxd-padding-cell')]//div)[4]}]
Capabilities {acceptInsecureCerts: false, browserName: chrome, browserVersion: 129.0.6668.101, chrome: {chromedriverVersion: 129.0.6668.100 (cf58cba358d..., userDataDir: C:\Users\MARY~1.CRU\AppData...}, fedcm:accounts: true, goog:chromeOptions: {debuggerAddress: localhost:56195}, networkConnectionEnabled: false, pageLoadStrategy: normal, platformName: windows, proxy: Proxy(), se:cdp: ws://localhost:56195/devtoo..., se:cdpVersion: 129.0.6668.101, setWindowRect: true, strictFileInteractability: false, timeouts: {implicit: 0, pageLoad: 300000, script: 30000}, unhandledPromptBehavior: dismiss and notify, webauthn:extension:credBlob: true, webauthn:extension:largeBlob: true, webauthn:extension:minPinLength: true, webauthn:extension:prf: true, webauthn:virtualAuthenticators: true}
Session ID: d345d2497c02c814705cdc0ed3ed6c27
[INFO ] 2024-10-22 15:16:04.177 - =================================== END TEST ===================================
